16:00:57.130 [E] ProgramHelper(TrCollector_DoWork)[10] : 메모리 89.677 MB
16:00:58.427 [E] ProgramHelper(TrCollector_DoWork)[10] : 메모리 220.642 MB
16:00:59.701 [E] ProgramHelper(TrCollector_DoWork)[10] : 메모리 317.751 MB
16:01:01.132 [E] StartControl(DoWork)[6] : 동일한 키를 사용하는 항목이 이미 추가되었습니다. => System.ArgumentException: 동일한 키를 사용하는 항목이 이미 추가되었습니다.
   위치: System.ThrowHelper.ThrowArgumentException(ExceptionResource resource)
   위치: System.Collections.Generic.Dictionary`2.Insert(TKey key, TValue value, Boolean add)
   위치: WILL.WT.PINFORCE.Managers.InOutManager.InitProperty() 파일 C:\000.Source\WILL.WT.PINFORCE\WILL.WT.PINFORCE\Managers\InOutManager.cs:줄 102
   위치: WILL.WT.PINFORCE.Managers.InOutManager.LoadDataBase() 파일 C:\000.Source\WILL.WT.PINFORCE\WILL.WT.PINFORCE\Managers\InOutManager.cs:줄 72
   위치: WILL.WT.PINFORCE.ViewModels.MainViewModel.InitIO() 파일 C:\000.Source\WILL.WT.PINFORCE\WILL.WT.PINFORCE\ViewModels\MainViewModel.cs:줄 235
   위치: TS.FW.Wpf.v2.Controls.Win.StartControl.DoWork() 파일 C:\000.Source\TS.FW\TS.FW\TS.FW.Wpf.v2\Controls\Win\StartControl.xaml.cs:줄 104
16:01:08.332 [E] ProgramHelper(TrCollector_DoWork)[14] : 메모리 104.026 MB
16:01:11.710 [E] StartControl(DoWork)[3] : 동일한 키를 사용하는 항목이 이미 추가되었습니다. => System.ArgumentException: 동일한 키를 사용하는 항목이 이미 추가되었습니다.
   위치: System.ThrowHelper.ThrowArgumentException(ExceptionResource resource)
   위치: System.Collections.Generic.Dictionary`2.Insert(TKey key, TValue value, Boolean add)
   위치: WILL.WT.PINFORCE.Managers.InOutManager.InitProperty() 파일 C:\000.Source\WILL.WT.PINFORCE\WILL.WT.PINFORCE\Managers\InOutManager.cs:줄 102
   위치: WILL.WT.PINFORCE.Managers.InOutManager.LoadDataBase() 파일 C:\000.Source\WILL.WT.PINFORCE\WILL.WT.PINFORCE\Managers\InOutManager.cs:줄 72
   위치: WILL.WT.PINFORCE.ViewModels.MainViewModel.InitIO() 파일 C:\000.Source\WILL.WT.PINFORCE\WILL.WT.PINFORCE\ViewModels\MainViewModel.cs:줄 235
   위치: TS.FW.Wpf.v2.Controls.Win.StartControl.DoWork() 파일 C:\000.Source\TS.FW\TS.FW\TS.FW.Wpf.v2\Controls\Win\StartControl.xaml.cs:줄 104
16:01:45.054 [E] ProgramHelper(TrCollector_DoWork)[10] : 메모리 108.008 MB
16:01:46.303 [E] ProgramHelper(TrCollector_DoWork)[10] : 메모리 289.910 MB
16:01:47.539 [E] ProgramHelper(TrCollector_DoWork)[10] : 메모리 376.209 MB
16:14:19.881 [E] ProgramHelper(TrCollector_DoWork)[10] : 메모리 93.492 MB
16:14:21.123 [E] ProgramHelper(TrCollector_DoWork)[10] : 메모리 217.150 MB
16:14:29.815 [E] ProgramHelper(TrCollector_DoWork)[10] : 메모리 255.440 MB
16:14:31.040 [E] ProgramHelper(TrCollector_DoWork)[10] : 메모리 386.180 MB
16:14:33.484 [E] ProgramHelper(TrCollector_DoWork)[10] : 메모리 406.673 MB
16:18:12.580 [E] ProgramHelper(TrCollector_DoWork)[10] : 메모리 109.005 MB
16:18:13.817 [E] ProgramHelper(TrCollector_DoWork)[10] : 메모리 218.793 MB
16:18:15.036 [E] ProgramHelper(TrCollector_DoWork)[10] : 메모리 342.774 MB
16:18:16.283 [E] ProgramHelper(TrCollector_DoWork)[10] : 메모리 370.569 MB
16:18:17.505 [E] ProgramHelper(TrCollector_DoWork)[10] : 메모리 375.534 MB
16:18:19.975 [E] ProgramHelper(TrCollector_DoWork)[10] : 메모리 410.701 MB
16:23:44.415 [E] ProgramHelper(TrCollector_DoWork)[10] : 메모리 92.377 MB
16:23:45.745 [E] ProgramHelper(TrCollector_DoWork)[10] : 메모리 219.228 MB
16:23:46.997 [E] ProgramHelper(TrCollector_DoWork)[10] : 메모리 225.258 MB
16:24:14.638 [E] ProgramHelper(TrCollector_DoWork)[10] : 메모리 316.582 MB
16:24:15.888 [E] ProgramHelper(TrCollector_DoWork)[10] : 메모리 373.830 MB
16:24:17.117 [E] ProgramHelper(TrCollector_DoWork)[10] : 메모리 375.252 MB
16:26:38.889 [E] ProgramHelper(TrCollector_DoWork)[10] : 메모리 92.950 MB
16:26:40.130 [E] ProgramHelper(TrCollector_DoWork)[10] : 메모리 243.994 MB
16:26:41.357 [E] ProgramHelper(TrCollector_DoWork)[10] : 메모리 371.688 MB
16:26:42.598 [E] ProgramHelper(TrCollector_DoWork)[10] : 메모리 378.679 MB
16:31:30.583 [E] ProgramHelper(TrCollector_DoWork)[10] : 메모리 94.034 MB
16:31:31.867 [E] ProgramHelper(TrCollector_DoWork)[10] : 메모리 234.079 MB
16:31:33.119 [E] ProgramHelper(TrCollector_DoWork)[10] : 메모리 321.217 MB
16:31:34.368 [E] ProgramHelper(TrCollector_DoWork)[10] : 메모리 350.964 MB
16:31:36.852 [E] ProgramHelper(TrCollector_DoWork)[10] : 메모리 385.755 MB
16:32:44.087 [E] ProgramHelper(TrCollector_DoWork)[10] : 메모리 109.792 MB
16:32:45.333 [E] ProgramHelper(TrCollector_DoWork)[10] : 메모리 255.171 MB
16:32:46.596 [E] ProgramHelper(TrCollector_DoWork)[10] : 메모리 381.006 MB
16:33:24.508 [E] ProgramHelper(TrCollector_DoWork)[10] : 메모리 94.963 MB
16:33:25.723 [E] ProgramHelper(TrCollector_DoWork)[10] : 메모리 308.811 MB
16:33:26.980 [E] ProgramHelper(TrCollector_DoWork)[10] : 메모리 365.892 MB
16:33:47.606 [E] ProgramHelper(TrCollector_DoWork)[10] : 메모리 104.159 MB
16:33:48.856 [E] ProgramHelper(TrCollector_DoWork)[10] : 메모리 234.224 MB
16:33:50.049 [E] ProgramHelper(TrCollector_DoWork)[10] : 메모리 375.831 MB
16:34:17.779 [E] ProgramHelper(TrCollector_DoWork)[10] : 메모리 116.823 MB
16:34:19.022 [E] ProgramHelper(TrCollector_DoWork)[10] : 메모리 217.246 MB
16:35:15.677 [E] ProgramHelper(TrCollector_DoWork)[10] : 메모리 87.705 MB
16:35:16.948 [E] ProgramHelper(TrCollector_DoWork)[10] : 메모리 200.121 MB
16:35:18.191 [E] ProgramHelper(TrCollector_DoWork)[10] : 메모리 255.658 MB
16:35:19.451 [E] ProgramHelper(TrCollector_DoWork)[10] : 메모리 364.443 MB
16:35:20.707 [E] ProgramHelper(TrCollector_DoWork)[10] : 메모리 397.275 MB
16:36:12.276 [E] ProgramHelper(TrCollector_DoWork)[10] : 메모리 93.593 MB
16:36:13.514 [E] ProgramHelper(TrCollector_DoWork)[10] : 메모리 218.185 MB
16:36:28.965 [E] ProgramHelper(TrCollector_DoWork)[10] : 메모리 104.687 MB
16:36:30.214 [E] ProgramHelper(TrCollector_DoWork)[10] : 메모리 222.664 MB
16:36:31.454 [E] ProgramHelper(TrCollector_DoWork)[10] : 메모리 294.409 MB
16:36:32.711 [E] ProgramHelper(TrCollector_DoWork)[10] : 메모리 321.722 MB
16:36:33.951 [E] ProgramHelper(TrCollector_DoWork)[10] : 메모리 326.005 MB
16:36:50.138 [E] ProgramHelper(TrCollector_DoWork)[10] : 메모리 102.247 MB
16:36:51.386 [E] ProgramHelper(TrCollector_DoWork)[10] : 메모리 216.499 MB
16:37:07.867 [E] ProgramHelper(TrCollector_DoWork)[10] : 메모리 87.139 MB
16:37:09.105 [E] ProgramHelper(TrCollector_DoWork)[10] : 메모리 212.763 MB
16:37:11.611 [E] ProgramHelper(TrCollector_DoWork)[10] : 메모리 228.243 MB
16:37:12.826 [E] ProgramHelper(TrCollector_DoWork)[10] : 메모리 365.228 MB
16:37:14.075 [E] ProgramHelper(TrCollector_DoWork)[10] : 메모리 398.286 MB
16:37:32.086 [E] ProgramHelper(TrCollector_DoWork)[10] : 메모리 105.364 MB
16:37:33.340 [E] ProgramHelper(TrCollector_DoWork)[10] : 메모리 217.741 MB
16:37:49.062 [E] ProgramHelper(TrCollector_DoWork)[10] : 메모리 88.049 MB
16:37:50.302 [E] ProgramHelper(TrCollector_DoWork)[10] : 메모리 215.335 MB
16:38:41.185 [E] ProgramHelper(TrCollector_DoWork)[10] : 메모리 100.820 MB
16:38:42.426 [E] ProgramHelper(TrCollector_DoWork)[10] : 메모리 218.217 MB
16:38:44.934 [E] ProgramHelper(TrCollector_DoWork)[10] : 메모리 239.297 MB
16:38:46.179 [E] ProgramHelper(TrCollector_DoWork)[10] : 메모리 348.060 MB
16:38:57.633 [E] ProgramHelper(TrCollector_DoWork)[10] : 메모리 100.588 MB
16:38:58.877 [E] ProgramHelper(TrCollector_DoWork)[10] : 메모리 218.346 MB
16:39:13.925 [E] ProgramHelper(TrCollector_DoWork)[10] : 메모리 102.986 MB
16:39:15.163 [E] ProgramHelper(TrCollector_DoWork)[10] : 메모리 218.690 MB
16:39:16.433 [E] ProgramHelper(TrCollector_DoWork)[10] : 메모리 232.689 MB
16:39:17.676 [E] ProgramHelper(TrCollector_DoWork)[10] : 메모리 293.893 MB
16:39:18.921 [E] ProgramHelper(TrCollector_DoWork)[10] : 메모리 339.319 MB
16:41:32.744 [E] ProgramHelper(TrCollector_DoWork)[10] : 메모리 86.494 MB
16:41:33.887 [E] StartControl(DoWork)[8] : 동일한 키를 사용하는 항목이 이미 추가되었습니다. => System.ArgumentException: 동일한 키를 사용하는 항목이 이미 추가되었습니다.
   위치: System.ThrowHelper.ThrowArgumentException(ExceptionResource resource)
   위치: System.Collections.Generic.Dictionary`2.Insert(TKey key, TValue value, Boolean add)
   위치: WILL.WT.PINFORCE.Managers.InOutManager.InitProperty() 파일 C:\000.Source\WILL.WT.PINFORCE\WILL.WT.PINFORCE\Managers\InOutManager.cs:줄 102
   위치: WILL.WT.PINFORCE.Managers.InOutManager.LoadDataBase() 파일 C:\000.Source\WILL.WT.PINFORCE\WILL.WT.PINFORCE\Managers\InOutManager.cs:줄 72
   위치: WILL.WT.PINFORCE.ViewModels.MainViewModel.InitIO() 파일 C:\000.Source\WILL.WT.PINFORCE\WILL.WT.PINFORCE\ViewModels\MainViewModel.cs:줄 240
   위치: TS.FW.Wpf.v2.Controls.Win.StartControl.DoWork() 파일 C:\000.Source\TS.FW\TS.FW\TS.FW.Wpf.v2\Controls\Win\StartControl.xaml.cs:줄 104
16:41:35.731 [E] StartControl(DoWork)[5] : 컬렉션이 수정되었습니다. 열거 작업이 실행되지 않을 수도 있습니다. => System.InvalidOperationException: 컬렉션이 수정되었습니다. 열거 작업이 실행되지 않을 수도 있습니다.
   위치: System.ThrowHelper.ThrowInvalidOperationException(ExceptionResource resource)
   위치: System.Collections.Generic.Dictionary`2.Enumerator.MoveNext()
   위치: TS.FW.Wpf.v2.Controls.Win.StartControl.DoWork() 파일 C:\000.Source\TS.FW\TS.FW\TS.FW.Wpf.v2\Controls\Win\StartControl.xaml.cs:줄 96
16:43:31.614 [E] ProgramHelper(TrCollector_DoWork)[10] : 메모리 84.260 MB
16:43:32.217 [E] StartControl(DoWork)[6] : 동일한 키를 사용하는 항목이 이미 추가되었습니다. => System.ArgumentException: 동일한 키를 사용하는 항목이 이미 추가되었습니다.
   위치: System.ThrowHelper.ThrowArgumentException(ExceptionResource resource)
   위치: System.Collections.Generic.Dictionary`2.Insert(TKey key, TValue value, Boolean add)
   위치: WILL.WT.PINFORCE.Managers.InOutManager.InitProperty() 파일 C:\000.Source\WILL.WT.PINFORCE\WILL.WT.PINFORCE\Managers\InOutManager.cs:줄 102
   위치: WILL.WT.PINFORCE.Managers.InOutManager.LoadDataBase() 파일 C:\000.Source\WILL.WT.PINFORCE\WILL.WT.PINFORCE\Managers\InOutManager.cs:줄 72
   위치: WILL.WT.PINFORCE.ViewModels.MainViewModel.InitIO() 파일 C:\000.Source\WILL.WT.PINFORCE\WILL.WT.PINFORCE\ViewModels\MainViewModel.cs:줄 239
   위치: TS.FW.Wpf.v2.Controls.Win.StartControl.DoWork() 파일 C:\000.Source\TS.FW\TS.FW\TS.FW.Wpf.v2\Controls\Win\StartControl.xaml.cs:줄 104
16:43:33.224 [E] StartControl(DoWork)[5] : 컬렉션이 수정되었습니다. 열거 작업이 실행되지 않을 수도 있습니다. => System.InvalidOperationException: 컬렉션이 수정되었습니다. 열거 작업이 실행되지 않을 수도 있습니다.
   위치: System.ThrowHelper.ThrowInvalidOperationException(ExceptionResource resource)
   위치: System.Collections.Generic.Dictionary`2.Enumerator.MoveNext()
   위치: TS.FW.Wpf.v2.Controls.Win.StartControl.DoWork() 파일 C:\000.Source\TS.FW\TS.FW\TS.FW.Wpf.v2\Controls\Win\StartControl.xaml.cs:줄 96
16:43:37.851 [E] ProgramHelper(TrCollector_DoWork)[10] : 메모리 101.195 MB
16:45:26.856 [E] ProgramHelper(TrCollector_DoWork)[10] : 메모리 84.151 MB
16:45:27.457 [E] StartControl(DoWork)[8] : 동일한 키를 사용하는 항목이 이미 추가되었습니다. => System.ArgumentException: 동일한 키를 사용하는 항목이 이미 추가되었습니다.
   위치: System.ThrowHelper.ThrowArgumentException(ExceptionResource resource)
   위치: System.Collections.Generic.Dictionary`2.Insert(TKey key, TValue value, Boolean add)
   위치: WILL.WT.PINFORCE.Managers.InOutManager.InitProperty() 파일 C:\000.Source\WILL.WT.PINFORCE\WILL.WT.PINFORCE\Managers\InOutManager.cs:줄 102
   위치: WILL.WT.PINFORCE.Managers.InOutManager.LoadDataBase() 파일 C:\000.Source\WILL.WT.PINFORCE\WILL.WT.PINFORCE\Managers\InOutManager.cs:줄 72
   위치: WILL.WT.PINFORCE.ViewModels.MainViewModel.InitIO() 파일 C:\000.Source\WILL.WT.PINFORCE\WILL.WT.PINFORCE\ViewModels\MainViewModel.cs:줄 239
   위치: TS.FW.Wpf.v2.Controls.Win.StartControl.DoWork() 파일 C:\000.Source\TS.FW\TS.FW\TS.FW.Wpf.v2\Controls\Win\StartControl.xaml.cs:줄 104
16:45:28.377 [E] StartControl(DoWork)[5] : 컬렉션이 수정되었습니다. 열거 작업이 실행되지 않을 수도 있습니다. => System.InvalidOperationException: 컬렉션이 수정되었습니다. 열거 작업이 실행되지 않을 수도 있습니다.
   위치: System.ThrowHelper.ThrowInvalidOperationException(ExceptionResource resource)
   위치: System.Collections.Generic.Dictionary`2.Enumerator.MoveNext()
   위치: TS.FW.Wpf.v2.Controls.Win.StartControl.DoWork() 파일 C:\000.Source\TS.FW\TS.FW\TS.FW.Wpf.v2\Controls\Win\StartControl.xaml.cs:줄 96
16:45:30.602 [E] ProgramHelper(TrCollector_DoWork)[10] : 메모리 101.423 MB
16:46:58.640 [E] ProgramHelper(TrCollector_DoWork)[10] : 메모리 96.110 MB
16:46:59.887 [E] ProgramHelper(TrCollector_DoWork)[10] : 메모리 216.145 MB
16:47:01.135 [E] ProgramHelper(TrCollector_DoWork)[10] : 메모리 229.670 MB
16:47:02.381 [E] ProgramHelper(TrCollector_DoWork)[10] : 메모리 291.639 MB
16:47:03.613 [E] ProgramHelper(TrCollector_DoWork)[10] : 메모리 372.160 MB
16:47:04.857 [E] ProgramHelper(TrCollector_DoWork)[10] : 메모리 384.028 MB
16:47:07.352 [E] ProgramHelper(TrCollector_DoWork)[10] : 메모리 404.442 MB
16:47:48.035 [E] ProgramHelper(TrCollector_DoWork)[10] : 메모리 99.075 MB
16:47:49.292 [E] ProgramHelper(TrCollector_DoWork)[10] : 메모리 287.217 MB
16:47:50.545 [E] ProgramHelper(TrCollector_DoWork)[10] : 메모리 319.658 MB
16:47:51.784 [E] ProgramHelper(TrCollector_DoWork)[10] : 메모리 353.753 MB
16:47:54.316 [E] ProgramHelper(TrCollector_DoWork)[10] : 메모리 395.201 MB
16:47:58.106 [E] ProgramHelper(TrCollector_DoWork)[10] : 메모리 404.571 MB
16:49:10.578 [E] ProgramHelper(TrCollector_DoWork)[10] : 메모리 109.691 MB
16:49:11.837 [E] ProgramHelper(TrCollector_DoWork)[10] : 메모리 217.379 MB
16:49:13.088 [E] ProgramHelper(TrCollector_DoWork)[10] : 메모리 277.668 MB
16:49:14.302 [E] ProgramHelper(TrCollector_DoWork)[10] : 메모리 370.685 MB
16:49:15.573 [E] ProgramHelper(TrCollector_DoWork)[10] : 메모리 375.065 MB
16:49:31.407 [E] ProgramHelper(TrCollector_DoWork)[10] : 메모리 111.061 MB
16:49:32.653 [E] ProgramHelper(TrCollector_DoWork)[10] : 메모리 217.587 MB
16:49:33.883 [E] ProgramHelper(TrCollector_DoWork)[10] : 메모리 305.648 MB
16:49:35.118 [E] ProgramHelper(TrCollector_DoWork)[10] : 메모리 359.798 MB
16:49:56.984 [E] ProgramHelper(TrCollector_DoWork)[10] : 메모리 109.478 MB
16:49:58.231 [E] ProgramHelper(TrCollector_DoWork)[10] : 메모리 216.495 MB
16:50:21.715 [E] ProgramHelper(TrCollector_DoWork)[10] : 메모리 87.804 MB
16:50:22.993 [E] ProgramHelper(TrCollector_DoWork)[10] : 메모리 208.722 MB
16:51:12.763 [E] ProgramHelper(TrCollector_DoWork)[10] : 메모리 110.411 MB
16:51:14.005 [E] ProgramHelper(TrCollector_DoWork)[10] : 메모리 218.462 MB
16:51:15.254 [E] ProgramHelper(TrCollector_DoWork)[10] : 메모리 261.918 MB
16:51:16.504 [E] ProgramHelper(TrCollector_DoWork)[10] : 메모리 321.851 MB
16:51:17.763 [E] ProgramHelper(TrCollector_DoWork)[10] : 메모리 388.305 MB
16:53:38.124 [E] ProgramHelper(TrCollector_DoWork)[10] : 메모리 106.709 MB
16:53:39.371 [E] ProgramHelper(TrCollector_DoWork)[10] : 메모리 219.465 MB
16:53:40.630 [E] ProgramHelper(TrCollector_DoWork)[10] : 메모리 258.066 MB
16:53:41.835 [E] ProgramHelper(TrCollector_DoWork)[10] : 메모리 303.540 MB
16:53:43.074 [E] ProgramHelper(TrCollector_DoWork)[10] : 메모리 368.598 MB
16:53:47.944 [E] ProgramHelper(TrCollector_DoWork)[10] : 메모리 418.735 MB
16:53:49.186 [E] ProgramHelper(TrCollector_DoWork)[10] : 메모리 426.961 MB
16:54:53.347 [E] ProgramHelper(TrCollector_DoWork)[10] : 메모리 113.009 MB
16:54:54.598 [E] ProgramHelper(TrCollector_DoWork)[10] : 메모리 216.634 MB
16:54:55.847 [E] ProgramHelper(TrCollector_DoWork)[10] : 메모리 275.979 MB
16:54:57.075 [E] ProgramHelper(TrCollector_DoWork)[10] : 메모리 334.499 MB
16:54:58.319 [E] ProgramHelper(TrCollector_DoWork)[10] : 메모리 370.749 MB
16:55:13.372 [E] ProgramHelper(TrCollector_DoWork)[10] : 메모리 87.131 MB
16:55:14.636 [E] ProgramHelper(TrCollector_DoWork)[10] : 메모리 206.383 MB
16:55:19.626 [E] ProgramHelper(TrCollector_DoWork)[10] : 메모리 248.540 MB
16:55:20.925 [E] ProgramHelper(TrCollector_DoWork)[10] : 메모리 342.304 MB
16:55:22.186 [E] ProgramHelper(TrCollector_DoWork)[10] : 메모리 358.432 MB
16:55:23.404 [E] ProgramHelper(TrCollector_DoWork)[10] : 메모리 390.079 MB
16:55:25.907 [E] ProgramHelper(TrCollector_DoWork)[10] : 메모리 404.449 MB
16:56:04.468 [E] ProgramHelper(TrCollector_DoWork)[10] : 메모리 99.460 MB
16:56:05.709 [E] ProgramHelper(TrCollector_DoWork)[10] : 메모리 236.129 MB
16:56:06.949 [E] ProgramHelper(TrCollector_DoWork)[10] : 메모리 355.918 MB
16:56:08.170 [E] ProgramHelper(TrCollector_DoWork)[10] : 메모리 394.750 MB
16:56:20.690 [E] ProgramHelper(TrCollector_DoWork)[10] : 메모리 101.741 MB
16:56:21.934 [E] ProgramHelper(TrCollector_DoWork)[10] : 메모리 218.810 MB
16:56:23.194 [E] ProgramHelper(TrCollector_DoWork)[10] : 메모리 239.288 MB
16:56:24.412 [E] ProgramHelper(TrCollector_DoWork)[10] : 메모리 316.295 MB
16:56:25.669 [E] ProgramHelper(TrCollector_DoWork)[10] : 메모리 368.884 MB
16:57:07.899 [E] ProgramHelper(TrCollector_DoWork)[10] : 메모리 95.212 MB
16:57:09.154 [E] ProgramHelper(TrCollector_DoWork)[10] : 메모리 218.468 MB
16:57:10.412 [E] ProgramHelper(TrCollector_DoWork)[10] : 메모리 226.612 MB
16:57:11.663 [E] ProgramHelper(TrCollector_DoWork)[10] : 메모리 287.772 MB
16:57:12.887 [E] ProgramHelper(TrCollector_DoWork)[10] : 메모리 377.374 MB
16:57:25.778 [E] ProgramHelper(TrCollector_DoWork)[10] : 메모리 97.408 MB
16:57:27.030 [E] ProgramHelper(TrCollector_DoWork)[10] : 메모리 216.684 MB
16:58:02.475 [E] ProgramHelper(TrCollector_DoWork)[10] : 메모리 117.730 MB
16:58:03.709 [E] ProgramHelper(TrCollector_DoWork)[10] : 메모리 296.766 MB
16:58:04.961 [E] ProgramHelper(TrCollector_DoWork)[10] : 메모리 375.523 MB
16:58:23.558 [E] ProgramHelper(TrCollector_DoWork)[10] : 메모리 98.690 MB
16:58:24.804 [E] ProgramHelper(TrCollector_DoWork)[10] : 메모리 218.214 MB
16:58:26.079 [E] ProgramHelper(TrCollector_DoWork)[10] : 메모리 281.921 MB
16:58:27.309 [E] ProgramHelper(TrCollector_DoWork)[10] : 메모리 376.435 MB
16:58:52.161 [E] ProgramHelper(TrCollector_DoWork)[10] : 메모리 104.944 MB
16:58:53.412 [E] ProgramHelper(TrCollector_DoWork)[10] : 메모리 217.620 MB
16:58:54.644 [E] ProgramHelper(TrCollector_DoWork)[10] : 메모리 308.033 MB
16:58:55.888 [E] ProgramHelper(TrCollector_DoWork)[10] : 메모리 378.769 MB
16:59:11.333 [E] ProgramHelper(TrCollector_DoWork)[10] : 메모리 102.813 MB
16:59:12.557 [E] ProgramHelper(TrCollector_DoWork)[10] : 메모리 287.413 MB
16:59:13.827 [E] ProgramHelper(TrCollector_DoWork)[10] : 메모리 365.113 MB
16:59:28.880 [E] ProgramHelper(TrCollector_DoWork)[14] : 메모리 94.611 MB
16:59:30.101 [E] ProgramHelper(TrCollector_DoWork)[14] : 메모리 206.695 MB
16:59:53.632 [E] ProgramHelper(TrCollector_DoWork)[14] : 메모리 353.845 MB
16:59:54.806 [E] ProgramHelper(TrCollector_DoWork)[14] : 메모리 414.325 MB
