15:00:42.652 [E] ProgramHelper(TrCollector_DoWork)[10] : 메모리 100.353 MB
15:00:43.895 [E] ProgramHelper(TrCollector_DoWork)[10] : 메모리 262.596 MB
15:00:45.156 [E] ProgramHelper(TrCollector_DoWork)[10] : 메모리 319.333 MB
15:00:56.389 [E] ProgramHelper(TrCollector_DoWork)[10] : 메모리 330.627 MB
15:03:21.790 [E] ProgramHelper(TrCollector_DoWork)[10] : 메모리 89.782 MB
15:03:23.068 [E] ProgramHelper(TrCollector_DoWork)[10] : 메모리 230.521 MB
15:03:24.327 [E] ProgramHelper(TrCollector_DoWork)[10] : 메모리 273.930 MB
15:03:26.823 [E] ProgramHelper(TrCollector_DoWork)[10] : 메모리 289.893 MB
15:03:28.071 [E] ProgramHelper(TrCollector_DoWork)[10] : 메모리 353.322 MB
15:05:26.446 [E] ProgramHelper(TrCollector_DoWork)[10] : 메모리 114.177 MB
15:05:27.692 [E] ProgramHelper(TrCollector_DoWork)[10] : 메모리 227.729 MB
15:05:28.943 [E] ProgramHelper(TrCollector_DoWork)[10] : 메모리 261.761 MB
15:05:32.694 [E] ProgramHelper(TrCollector_DoWork)[10] : 메모리 289.215 MB
15:05:33.938 [E] ProgramHelper(TrCollector_DoWork)[10] : 메모리 316.667 MB
15:05:38.931 [E] ProgramHelper(TrCollector_DoWork)[10] : 메모리 328.979 MB
15:05:56.377 [E] ProgramHelper(TrCollector_DoWork)[10] : 메모리 354.102 MB
15:06:33.395 [E] ProgramHelper(TrCollector_DoWork)[10] : 메모리 103.432 MB
15:06:34.633 [E] ProgramHelper(TrCollector_DoWork)[10] : 메모리 216.900 MB
15:06:35.892 [E] ProgramHelper(TrCollector_DoWork)[10] : 메모리 283.166 MB
15:06:37.144 [E] ProgramHelper(TrCollector_DoWork)[10] : 메모리 312.907 MB
15:06:54.899 [E] ProgramHelper(TrCollector_DoWork)[10] : 메모리 103.994 MB
15:06:56.147 [E] ProgramHelper(TrCollector_DoWork)[10] : 메모리 219.211 MB
15:06:58.646 [E] ProgramHelper(TrCollector_DoWork)[10] : 메모리 245.612 MB
15:06:59.896 [E] ProgramHelper(TrCollector_DoWork)[10] : 메모리 263.570 MB
15:07:28.572 [E] ProgramHelper(TrCollector_DoWork)[10] : 메모리 103.824 MB
15:07:29.832 [E] ProgramHelper(TrCollector_DoWork)[10] : 메모리 220.092 MB
15:07:32.333 [E] ProgramHelper(TrCollector_DoWork)[10] : 메모리 234.169 MB
15:07:33.577 [E] ProgramHelper(TrCollector_DoWork)[10] : 메모리 265.100 MB
15:08:12.210 [E] ProgramHelper(TrCollector_DoWork)[10] : 메모리 93.548 MB
15:08:13.449 [E] ProgramHelper(TrCollector_DoWork)[10] : 메모리 215.582 MB
15:08:14.696 [E] ProgramHelper(TrCollector_DoWork)[10] : 메모리 233.576 MB
15:08:15.942 [E] ProgramHelper(TrCollector_DoWork)[10] : 메모리 263.502 MB
15:08:34.865 [E] ProgramHelper(TrCollector_DoWork)[10] : 메모리 114.204 MB
15:08:36.115 [E] ProgramHelper(TrCollector_DoWork)[10] : 메모리 273.757 MB
15:08:37.375 [E] ProgramHelper(TrCollector_DoWork)[10] : 메모리 355.827 MB
15:08:38.624 [E] ProgramHelper(TrCollector_DoWork)[10] : 메모리 386.767 MB
15:09:00.681 [E] ProgramHelper(TrCollector_DoWork)[10] : 메모리 97.071 MB
15:09:01.928 [E] ProgramHelper(TrCollector_DoWork)[10] : 메모리 214.407 MB
15:10:13.193 [E] ProgramHelper(TrCollector_DoWork)[10] : 메모리 109.688 MB
15:10:14.439 [E] ProgramHelper(TrCollector_DoWork)[10] : 메모리 216.735 MB
15:10:15.701 [E] ProgramHelper(TrCollector_DoWork)[10] : 메모리 284.365 MB
15:10:16.950 [E] ProgramHelper(TrCollector_DoWork)[10] : 메모리 311.461 MB
15:10:50.776 [E] ProgramHelper(TrCollector_DoWork)[10] : 메모리 109.515 MB
15:10:52.024 [E] ProgramHelper(TrCollector_DoWork)[10] : 메모리 276.163 MB
15:10:53.277 [E] ProgramHelper(TrCollector_DoWork)[10] : 메모리 362.904 MB
15:10:57.012 [E] ProgramHelper(TrCollector_DoWork)[10] : 메모리 385.150 MB
15:11:08.049 [E] ProgramHelper(TrCollector_DoWork)[10] : 메모리 101.027 MB
15:11:09.300 [E] ProgramHelper(TrCollector_DoWork)[10] : 메모리 217.464 MB
15:11:10.558 [E] ProgramHelper(TrCollector_DoWork)[10] : 메모리 263.541 MB
15:11:11.808 [E] ProgramHelper(TrCollector_DoWork)[10] : 메모리 347.157 MB
15:11:13.047 [E] ProgramHelper(TrCollector_DoWork)[10] : 메모리 350.216 MB
15:11:16.776 [E] ProgramHelper(TrCollector_DoWork)[10] : 메모리 379.809 MB
15:11:36.064 [E] ProgramHelper(TrCollector_DoWork)[10] : 메모리 102.996 MB
15:11:37.302 [E] ProgramHelper(TrCollector_DoWork)[10] : 메모리 275.192 MB
15:11:38.564 [E] ProgramHelper(TrCollector_DoWork)[10] : 메모리 317.536 MB
15:11:50.517 [E] ProgramHelper(TrCollector_DoWork)[10] : 메모리 98.790 MB
15:11:51.781 [E] ProgramHelper(TrCollector_DoWork)[10] : 메모리 283.774 MB
15:11:53.041 [E] ProgramHelper(TrCollector_DoWork)[10] : 메모리 342.134 MB
15:11:55.533 [E] ProgramHelper(TrCollector_DoWork)[10] : 메모리 361.530 MB
15:16:26.862 [E] ProgramHelper(TrCollector_DoWork)[10] : 메모리 106.247 MB
15:16:28.104 [E] ProgramHelper(TrCollector_DoWork)[10] : 메모리 226.806 MB
15:16:29.355 [E] ProgramHelper(TrCollector_DoWork)[10] : 메모리 366.880 MB
15:16:30.596 [E] ProgramHelper(TrCollector_DoWork)[10] : 메모리 378.956 MB
15:18:43.474 [E] ProgramHelper(TrCollector_DoWork)[10] : 메모리 118.213 MB
15:18:44.712 [E] ProgramHelper(TrCollector_DoWork)[10] : 메모리 219.159 MB
15:18:45.930 [E] ProgramHelper(TrCollector_DoWork)[10] : 메모리 322.887 MB
15:18:47.166 [E] ProgramHelper(TrCollector_DoWork)[10] : 메모리 358.233 MB
15:18:49.622 [E] ProgramHelper(TrCollector_DoWork)[10] : 메모리 382.082 MB
15:19:17.480 [E] ProgramHelper(TrCollector_DoWork)[10] : 메모리 109.050 MB
15:19:18.716 [E] ProgramHelper(TrCollector_DoWork)[10] : 메모리 214.694 MB
15:20:06.599 [E] ProgramHelper(TrCollector_DoWork)[10] : 메모리 121.059 MB
15:20:07.817 [E] ProgramHelper(TrCollector_DoWork)[10] : 메모리 344.851 MB
15:20:09.067 [E] ProgramHelper(TrCollector_DoWork)[10] : 메모리 385.144 MB
15:20:10.263 [E] ProgramHelper(TrCollector_DoWork)[10] : 메모리 403.173 MB
15:22:43.249 [E] ProgramHelper(TrCollector_DoWork)[10] : 메모리 115.263 MB
15:22:44.473 [E] ProgramHelper(TrCollector_DoWork)[10] : 메모리 285.078 MB
15:22:45.698 [E] ProgramHelper(TrCollector_DoWork)[10] : 메모리 383.615 MB
15:22:59.294 [E] ProgramHelper(TrCollector_DoWork)[10] : 메모리 401.477 MB
15:26:22.765 [E] ProgramHelper(TrCollector_DoWork)[10] : 메모리 428.959 MB
15:31:31.156 [E] ProgramHelper(TrCollector_DoWork)[10] : 메모리 108.929 MB
15:31:32.370 [E] ProgramHelper(TrCollector_DoWork)[10] : 메모리 324.018 MB
15:31:33.614 [E] ProgramHelper(TrCollector_DoWork)[10] : 메모리 377.239 MB
15:31:37.299 [E] ProgramHelper(TrCollector_DoWork)[10] : 메모리 405.350 MB
15:31:54.826 [E] ProgramHelper(TrCollector_DoWork)[10] : 메모리 107.573 MB
15:31:56.038 [E] ProgramHelper(TrCollector_DoWork)[10] : 메모리 311.406 MB
15:31:57.296 [E] ProgramHelper(TrCollector_DoWork)[10] : 메모리 412.194 MB
15:31:59.744 [E] ProgramHelper(TrCollector_DoWork)[10] : 메모리 434.566 MB
15:34:30.333 [E] ProgramHelper(TrCollector_DoWork)[10] : 메모리 87.199 MB
15:34:31.502 [E] StartControl(DoWork)[6] : 동일한 키를 사용하는 항목이 이미 추가되었습니다. => System.ArgumentException: 동일한 키를 사용하는 항목이 이미 추가되었습니다.
   위치: System.ThrowHelper.ThrowArgumentException(ExceptionResource resource)
   위치: System.Collections.Generic.Dictionary`2.Insert(TKey key, TValue value, Boolean add)
   위치: WILL.WT.PINFORCE.Managers.InOutManager.InitProperty() 파일 C:\000.Source\WILL.WT.PINFORCE\WILL.WT.PINFORCE\Managers\InOutManager.cs:줄 102
   위치: WILL.WT.PINFORCE.Managers.InOutManager.LoadDataBase() 파일 C:\000.Source\WILL.WT.PINFORCE\WILL.WT.PINFORCE\Managers\InOutManager.cs:줄 72
   위치: WILL.WT.PINFORCE.ViewModels.MainViewModel.InitIO() 파일 C:\000.Source\WILL.WT.PINFORCE\WILL.WT.PINFORCE\ViewModels\MainViewModel.cs:줄 219
   위치: TS.FW.Wpf.v2.Controls.Win.StartControl.DoWork() 파일 C:\000.Source\TS.FW\TS.FW\TS.FW.Wpf.v2\Controls\Win\StartControl.xaml.cs:줄 104
15:34:32.454 [E] StartControl(DoWork)[5] : 컬렉션이 수정되었습니다. 열거 작업이 실행되지 않을 수도 있습니다. => System.InvalidOperationException: 컬렉션이 수정되었습니다. 열거 작업이 실행되지 않을 수도 있습니다.
   위치: System.ThrowHelper.ThrowInvalidOperationException(ExceptionResource resource)
   위치: System.Collections.Generic.Dictionary`2.Enumerator.MoveNext()
   위치: TS.FW.Wpf.v2.Controls.Win.StartControl.DoWork() 파일 C:\000.Source\TS.FW\TS.FW\TS.FW.Wpf.v2\Controls\Win\StartControl.xaml.cs:줄 96
15:34:34.076 [E] ProgramHelper(TrCollector_DoWork)[10] : 메모리 101.098 MB
15:34:56.421 [E] ProgramHelper(TrCollector_DoWork)[10] : 메모리 85.567 MB
15:34:57.013 [E] StartControl(DoWork)[6] : 동일한 키를 사용하는 항목이 이미 추가되었습니다. => System.ArgumentException: 동일한 키를 사용하는 항목이 이미 추가되었습니다.
   위치: System.ThrowHelper.ThrowArgumentException(ExceptionResource resource)
   위치: System.Collections.Generic.Dictionary`2.Insert(TKey key, TValue value, Boolean add)
   위치: WILL.WT.PINFORCE.Managers.InOutManager.InitProperty() 파일 C:\000.Source\WILL.WT.PINFORCE\WILL.WT.PINFORCE\Managers\InOutManager.cs:줄 102
   위치: WILL.WT.PINFORCE.Managers.InOutManager.LoadDataBase() 파일 C:\000.Source\WILL.WT.PINFORCE\WILL.WT.PINFORCE\Managers\InOutManager.cs:줄 72
   위치: WILL.WT.PINFORCE.ViewModels.MainViewModel.InitIO() 파일 C:\000.Source\WILL.WT.PINFORCE\WILL.WT.PINFORCE\ViewModels\MainViewModel.cs:줄 219
   위치: TS.FW.Wpf.v2.Controls.Win.StartControl.DoWork() 파일 C:\000.Source\TS.FW\TS.FW\TS.FW.Wpf.v2\Controls\Win\StartControl.xaml.cs:줄 104
15:34:57.740 [E] StartControl(DoWork)[5] : 컬렉션이 수정되었습니다. 열거 작업이 실행되지 않을 수도 있습니다. => System.InvalidOperationException: 컬렉션이 수정되었습니다. 열거 작업이 실행되지 않을 수도 있습니다.
   위치: System.ThrowHelper.ThrowInvalidOperationException(ExceptionResource resource)
   위치: System.Collections.Generic.Dictionary`2.Enumerator.MoveNext()
   위치: TS.FW.Wpf.v2.Controls.Win.StartControl.DoWork() 파일 C:\000.Source\TS.FW\TS.FW\TS.FW.Wpf.v2\Controls\Win\StartControl.xaml.cs:줄 96
15:35:01.398 [E] ProgramHelper(TrCollector_DoWork)[10] : 메모리 100.233 MB
15:35:16.768 [E] ProgramHelper(TrCollector_DoWork)[10] : 메모리 107.025 MB
15:35:18.010 [E] ProgramHelper(TrCollector_DoWork)[10] : 메모리 217.553 MB
15:35:20.490 [E] ProgramHelper(TrCollector_DoWork)[10] : 메모리 232.199 MB
15:35:21.685 [E] ProgramHelper(TrCollector_DoWork)[10] : 메모리 362.007 MB
15:35:26.621 [E] ProgramHelper(TrCollector_DoWork)[10] : 메모리 375.075 MB
15:35:38.510 [E] ProgramHelper(TrCollector_DoWork)[10] : 메모리 86.689 MB
15:35:40.702 [E] StartControl(DoWork)[6] : 동일한 키를 사용하는 항목이 이미 추가되었습니다. => System.ArgumentException: 동일한 키를 사용하는 항목이 이미 추가되었습니다.
   위치: System.ThrowHelper.ThrowArgumentException(ExceptionResource resource)
   위치: System.Collections.Generic.Dictionary`2.Insert(TKey key, TValue value, Boolean add)
   위치: WILL.WT.PINFORCE.Managers.InOutManager.InitProperty() 파일 C:\000.Source\WILL.WT.PINFORCE\WILL.WT.PINFORCE\Managers\InOutManager.cs:줄 102
   위치: WILL.WT.PINFORCE.Managers.InOutManager.LoadDataBase() 파일 C:\000.Source\WILL.WT.PINFORCE\WILL.WT.PINFORCE\Managers\InOutManager.cs:줄 72
   위치: WILL.WT.PINFORCE.ViewModels.MainViewModel.InitIO() 파일 C:\000.Source\WILL.WT.PINFORCE\WILL.WT.PINFORCE\ViewModels\MainViewModel.cs:줄 219
   위치: TS.FW.Wpf.v2.Controls.Win.StartControl.DoWork() 파일 C:\000.Source\TS.FW\TS.FW\TS.FW.Wpf.v2\Controls\Win\StartControl.xaml.cs:줄 104
15:35:41.978 [E] StartControl(DoWork)[5] : 컬렉션이 수정되었습니다. 열거 작업이 실행되지 않을 수도 있습니다. => System.InvalidOperationException: 컬렉션이 수정되었습니다. 열거 작업이 실행되지 않을 수도 있습니다.
   위치: System.ThrowHelper.ThrowInvalidOperationException(ExceptionResource resource)
   위치: System.Collections.Generic.Dictionary`2.Enumerator.MoveNext()
   위치: TS.FW.Wpf.v2.Controls.Win.StartControl.DoWork() 파일 C:\000.Source\TS.FW\TS.FW\TS.FW.Wpf.v2\Controls\Win\StartControl.xaml.cs:줄 96
15:35:44.735 [E] ProgramHelper(TrCollector_DoWork)[10] : 메모리 104.193 MB
15:37:33.680 [E] ProgramHelper(TrCollector_DoWork)[10] : 메모리 105.814 MB
15:37:34.911 [E] ProgramHelper(TrCollector_DoWork)[10] : 메모리 302.958 MB
15:37:36.143 [E] ProgramHelper(TrCollector_DoWork)[10] : 메모리 410.522 MB
15:40:31.734 [E] ProgramHelper(TrCollector_DoWork)[10] : 메모리 112.314 MB
15:40:32.963 [E] ProgramHelper(TrCollector_DoWork)[10] : 메모리 312.534 MB
15:40:34.192 [E] ProgramHelper(TrCollector_DoWork)[10] : 메모리 399.172 MB
15:40:44.158 [E] ProgramHelper(TrCollector_DoWork)[10] : 메모리 407.169 MB
15:41:19.579 [E] ProgramHelper(TrCollector_DoWork)[10] : 메모리 104.924 MB
15:41:20.821 [E] ProgramHelper(TrCollector_DoWork)[10] : 메모리 296.522 MB
15:41:22.032 [E] ProgramHelper(TrCollector_DoWork)[10] : 메모리 400.328 MB
15:47:51.184 [E] ProgramHelper(TrCollector_DoWork)[10] : 메모리 101.911 MB
15:47:52.449 [E] ProgramHelper(TrCollector_DoWork)[10] : 메모리 255.180 MB
15:47:53.676 [E] ProgramHelper(TrCollector_DoWork)[10] : 메모리 347.727 MB
15:47:54.898 [E] ProgramHelper(TrCollector_DoWork)[10] : 메모리 397.501 MB
15:48:21.953 [E] ProgramHelper(TrCollector_DoWork)[10] : 메모리 103.418 MB
15:48:23.185 [E] ProgramHelper(TrCollector_DoWork)[10] : 메모리 291.012 MB
15:48:24.435 [E] ProgramHelper(TrCollector_DoWork)[10] : 메모리 370.366 MB
15:48:26.880 [E] ProgramHelper(TrCollector_DoWork)[10] : 메모리 376.696 MB
15:52:59.227 [E] ProgramHelper(TrCollector_DoWork)[10] : 메모리 87.273 MB
15:53:01.081 [E] StartControl(DoWork)[6] : 동일한 키를 사용하는 항목이 이미 추가되었습니다. => System.ArgumentException: 동일한 키를 사용하는 항목이 이미 추가되었습니다.
   위치: System.ThrowHelper.ThrowArgumentException(ExceptionResource resource)
   위치: System.Collections.Generic.Dictionary`2.Insert(TKey key, TValue value, Boolean add)
   위치: WILL.WT.PINFORCE.Managers.InOutManager.InitProperty() 파일 C:\000.Source\WILL.WT.PINFORCE\WILL.WT.PINFORCE\Managers\InOutManager.cs:줄 102
   위치: WILL.WT.PINFORCE.Managers.InOutManager.LoadDataBase() 파일 C:\000.Source\WILL.WT.PINFORCE\WILL.WT.PINFORCE\Managers\InOutManager.cs:줄 72
   위치: WILL.WT.PINFORCE.ViewModels.MainViewModel.InitIO() 파일 C:\000.Source\WILL.WT.PINFORCE\WILL.WT.PINFORCE\ViewModels\MainViewModel.cs:줄 235
   위치: TS.FW.Wpf.v2.Controls.Win.StartControl.DoWork() 파일 C:\000.Source\TS.FW\TS.FW\TS.FW.Wpf.v2\Controls\Win\StartControl.xaml.cs:줄 104
15:53:02.819 [E] StartControl(DoWork)[5] : 컬렉션이 수정되었습니다. 열거 작업이 실행되지 않을 수도 있습니다. => System.InvalidOperationException: 컬렉션이 수정되었습니다. 열거 작업이 실행되지 않을 수도 있습니다.
   위치: System.ThrowHelper.ThrowInvalidOperationException(ExceptionResource resource)
   위치: System.Collections.Generic.Dictionary`2.Enumerator.MoveNext()
   위치: TS.FW.Wpf.v2.Controls.Win.StartControl.DoWork() 파일 C:\000.Source\TS.FW\TS.FW\TS.FW.Wpf.v2\Controls\Win\StartControl.xaml.cs:줄 96
15:53:43.048 [E] ProgramHelper(TrCollector_DoWork)[10] : 메모리 100.043 MB
