15:10:41.586 [I] MainViewModel(ProgramStart)[1] : 프로그램 시작(v 1.0.0.0) =====================
15:11:13.645 [I] MainViewModel(OnCommand)[1] : 프로그램 종료(v 1.0.0.0) =====================
15:11:20.841 [I] MainViewModel(ProgramStart)[1] : 프로그램 시작(v 1.0.0.0) =====================
15:11:31.491 [I] MainViewModel(OnCommand)[1] : 프로그램 종료(v 1.0.0.0) =====================
15:11:54.100 [I] MainViewModel(ProgramStart)[1] : 프로그램 시작(v 1.0.0.0) =====================
15:12:10.392 [I] MainViewModel(OnCommand)[1] : 프로그램 종료(v 1.0.0.0) =====================
15:12:14.580 [I] MainViewModel(ProgramStart)[1] : 프로그램 시작(v 1.0.0.0) =====================
15:12:22.203 [I] MainViewModel(OnCommand)[1] : 프로그램 종료(v 1.0.0.0) =====================
15:18:39.903 [I] MainViewModel(ProgramStart)[1] : 프로그램 시작(v 1.0.0.0) =====================
15:20:37.725 [I] MainViewModel(ProgramStart)[1] : 프로그램 시작(v 1.0.0.0) =====================
15:20:50.082 [I] MainViewModel(OnCommand)[1] : 프로그램 종료(v 1.0.0.0) =====================
15:24:36.958 [I] MainViewModel(ProgramStart)[1] : 프로그램 시작(v 1.0.0.0) =====================
15:25:15.144 [I] MainViewModel(OnCommand)[1] : 프로그램 종료(v 1.0.0.0) =====================
15:25:47.077 [I] MainViewModel(ProgramStart)[1] : 프로그램 시작(v 1.0.0.0) =====================
15:26:00.948 [I] MainViewModel(OnCommand)[1] : 프로그램 종료(v 1.0.0.0) =====================
15:26:17.596 [I] MainViewModel(ProgramStart)[1] : 프로그램 시작(v 1.0.0.0) =====================
15:26:54.002 [I] MainViewModel(OnCommand)[1] : 프로그램 종료(v 1.0.0.0) =====================
15:26:57.823 [I] MainViewModel(ProgramStart)[1] : 프로그램 시작(v 1.0.0.0) =====================
15:27:34.271 [I] MainViewModel(ProgramStart)[1] : 프로그램 시작(v 1.0.0.0) =====================
15:27:39.342 [E] SystemManager(System_OnInterlockMsgEvent)[1] : 안녕
15:34:31.047 [I] MainViewModel(OnCommand)[1] : 프로그램 종료(v 1.0.0.0) =====================
15:34:32.398 [I] MainViewModel(ProgramStart)[1] : 프로그램 시작(v 1.0.0.0) =====================
15:40:38.176 [I] MainViewModel(ProgramStart)[1] : 프로그램 시작(v 1.0.0.0) =====================
15:40:47.915 [E] SystemManager(System_OnInterlockMsgEvent)[1] : 프로세스를 초기화하고 다시 시도해주세요.
15:40:49.693 [E] DashMainViewModel(MoveNext)[1] : 이름이 'xSelect'인 리소스를 찾을 수 없습니다. 리소스 이름은 대/소문자를 구분합니다. => System.Windows.Markup.XamlParseException: 이름이 'xSelect'인 리소스를 찾을 수 없습니다. 리소스 이름은 대/소문자를 구분합니다. ---> System.Exception: 이름이 'xSelect'인 리소스를 찾을 수 없습니다. 리소스 이름은 대/소문자를 구분합니다.
   위치: System.Windows.StaticResourceExtension.ProvideValueInternal(IServiceProvider serviceProvider, Boolean allowDeferredReference)
   위치: System.Windows.Setter.ReceiveMarkupExtension(Object targetObject, XamlSetMarkupExtensionEventArgs eventArgs)
   위치: System.Xaml.XamlObjectWriter.Logic_ProvideValue(ObjectWriterContext ctx)
   위치: System.Xaml.XamlObjectWriter.Logic_AssignProvidedValue(ObjectWriterContext ctx)
   위치: System.Xaml.XamlObjectWriter.WriteEndMember()
   위치: System.Windows.Markup.WpfXamlLoader.TransformNodes(XamlReader xamlReader, XamlObjectWriter xamlWriter, Boolean onlyLoadOneNode, Boolean skipJournaledProperties, Boolean shouldPassLineNumberInfo, IXamlLineInfo xamlLineInfo, IXamlLineInfoConsumer xamlLineInfoConsumer, XamlContextStack`1 stack, IStyleConnector styleConnector)
   위치: System.Windows.Markup.WpfXamlLoader.Load(XamlReader xamlReader, IXamlObjectWriterFactory writerFactory, Boolean skipJournaledProperties, Object rootObject, XamlObjectWriterSettings settings, Uri baseUri)
   --- 내부 예외 스택 추적의 끝 ---
   위치: System.Windows.Markup.XamlReader.RewrapException(Exception e, IXamlLineInfo lineInfo, Uri baseUri)
   위치: System.Windows.FrameworkTemplate.LoadTemplateXaml(XamlReader templateReader, XamlObjectWriter currentWriter)
   위치: System.Windows.FrameworkTemplate.LoadTemplateXaml(XamlObjectWriter objectWriter)
   위치: System.Windows.FrameworkTemplate.LoadOptimizedTemplateContent(DependencyObject container, IComponentConnector componentConnector, IStyleConnector styleConnector, List`1 affectedChildren, UncommonField`1 templatedNonFeChildrenField)
   위치: System.Windows.FrameworkTemplate.LoadContent(DependencyObject container, List`1 affectedChildren)
   위치: System.Windows.StyleHelper.ApplyTemplateContent(UncommonField`1 dataField, DependencyObject container, FrameworkElementFactory templateRoot, Int32 lastChildIndex, HybridDictionary childIndexFromChildID, FrameworkTemplate frameworkTemplate)
   위치: System.Windows.FrameworkTemplate.ApplyTemplateContent(UncommonField`1 templateDataField, FrameworkElement container)
   위치: System.Windows.FrameworkElement.ApplyTemplate()
   위치: System.Windows.FrameworkElement.MeasureCore(Size availableSize)
   위치: System.Windows.UIElement.Measure(Size availableSize)
   위치: System.Windows.Controls.StackPanel.StackMeasureHelper(IStackMeasure measureElement, IStackMeasureScrollData scrollData, Size constraint)
   위치: System.Windows.Controls.StackPanel.MeasureOverride(Size constraint)
   위치: System.Windows.FrameworkElement.MeasureCore(Size availableSize)
   위치: System.Windows.UIElement.Measure(Size availableSize)
   위치: System.Windows.Controls.Grid.MeasureCell(Int32 cell, Boolean forceInfinityV)
   위치: System.Windows.Controls.Grid.MeasureCellsGroup(Int32 cellsHead, Size referenceSize, Boolean ignoreDesiredSizeU, Boolean forceInfinityV, Boolean& hasDesiredSizeUChanged)
   위치: System.Windows.Controls.Grid.MeasureOverride(Size constraint)
   위치: System.Windows.FrameworkElement.MeasureCore(Size availableSize)
   위치: System.Windows.UIElement.Measure(Size availableSize)
   위치: MS.Internal.Helper.MeasureElementWithSingleChild(UIElement element, Size constraint)
   위치: System.Windows.Controls.ContentPresenter.MeasureOverride(Size constraint)
   위치: System.Windows.FrameworkElement.MeasureCore(Size availableSize)
   위치: System.Windows.UIElement.Measure(Size availableSize)
   위치: System.Windows.Controls.Grid.MeasureOverride(Size constraint)
   위치: System.Windows.FrameworkElement.MeasureCore(Size availableSize)
   위치: System.Windows.UIElement.Measure(Size availableSize)
   위치: System.Windows.Controls.Border.MeasureOverride(Size constraint)
   위치: System.Windows.FrameworkElement.MeasureCore(Size availableSize)
   위치: System.Windows.UIElement.Measure(Size availableSize)
   위치: System.Windows.Controls.Control.MeasureOverride(Size constraint)
   위치: System.Windows.FrameworkElement.MeasureCore(Size availableSize)
   위치: System.Windows.UIElement.Measure(Size availableSize)
   위치: MS.Internal.Helper.MeasureElementWithSingleChild(UIElement element, Size constraint)
   위치: System.Windows.Controls.ContentPresenter.MeasureOverride(Size constraint)
   위치: System.Windows.FrameworkElement.MeasureCore(Size availableSize)
   위치: System.Windows.UIElement.Measure(Size availableSize)
   위치: System.Windows.Documents.AdornerDecorator.MeasureOverride(Size constraint)
   위치: System.Windows.FrameworkElement.MeasureCore(Size availableSize)
   위치: System.Windows.UIElement.Measure(Size availableSize)
   위치: System.Windows.Controls.Border.MeasureOverride(Size constraint)
   위치: System.Windows.FrameworkElement.MeasureCore(Size availableSize)
   위치: System.Windows.UIElement.Measure(Size availableSize)
   위치: System.Windows.Window.MeasureOverrideHelper(Size constraint)
   위치: System.Windows.Window.MeasureOverride(Size availableSize)
   위치: System.Windows.FrameworkElement.MeasureCore(Size availableSize)
   위치: System.Windows.UIElement.Measure(Size availableSize)
   위치: System.Windows.Interop.HwndSource.SetLayoutSize()
   위치: System.Windows.Interop.HwndSource.set_RootVisualInternal(Visual value)
   위치: System.Windows.Window.SetRootVisual()
   위치: System.Windows.Window.SetRootVisualAndUpdateSTC()
   위치: System.Windows.Window.SetupInitialState(Double requestedTop, Double requestedLeft, Double requestedWidth, Double requestedHeight)
   위치: System.Windows.Window.CreateSourceWindow(Boolean duringShow)
   위치: System.Windows.Window.ShowHelper(Object booleanBox)
   위치: System.Windows.Window.ShowDialog()
   위치: TS.FW.Wpf.Controls.Pu.MsgBox.ShowMsg(String message, Boolean isYesNo) 파일 C:\000.Source\_TS.FW\TS.FW\TS.FW.Wpf\Controls\Pu\MsgBox.xaml.cs:줄 74
   위치: WILL.WT.PINFORCE.ViewModels.Pages.DashBoard.DashMainViewModel.<OnCommand>d__22.MoveNext() 파일 C:\000.Source\WILL.WT.PINFORCE\WILL.WT.PINFORCE\ViewModels\Pages\DashBoard\DashMainViewModel.cs:줄 98
이름이 'xSelect'인 리소스를 찾을 수 없습니다. 리소스 이름은 대/소문자를 구분합니다. => System.Exception: 이름이 'xSelect'인 리소스를 찾을 수 없습니다. 리소스 이름은 대/소문자를 구분합니다.
   위치: System.Windows.StaticResourceExtension.ProvideValueInternal(IServiceProvider serviceProvider, Boolean allowDeferredReference)
   위치: System.Windows.Setter.ReceiveMarkupExtension(Object targetObject, XamlSetMarkupExtensionEventArgs eventArgs)
   위치: System.Xaml.XamlObjectWriter.Logic_ProvideValue(ObjectWriterContext ctx)
   위치: System.Xaml.XamlObjectWriter.Logic_AssignProvidedValue(ObjectWriterContext ctx)
   위치: System.Xaml.XamlObjectWriter.WriteEndMember()
   위치: System.Windows.Markup.WpfXamlLoader.TransformNodes(XamlReader xamlReader, XamlObjectWriter xamlWriter, Boolean onlyLoadOneNode, Boolean skipJournaledProperties, Boolean shouldPassLineNumberInfo, IXamlLineInfo xamlLineInfo, IXamlLineInfoConsumer xamlLineInfoConsumer, XamlContextStack`1 stack, IStyleConnector styleConnector)
   위치: System.Windows.Markup.WpfXamlLoader.Load(XamlReader xamlReader, IXamlObjectWriterFactory writerFactory, Boolean skipJournaledProperties, Object rootObject, XamlObjectWriterSettings settings, Uri baseUri)
15:41:17.779 [I] MainViewModel(ProgramStart)[1] : 프로그램 시작(v 1.0.0.0) =====================
15:41:23.234 [E] WorkProcess(ExcuteProcess)[17] : 해당 Step이 존재하지 않습니다. [AXIS_Z_DOWN_ENTER]
15:41:23.292 [E] DashMainViewModel(MoveNext)[1] : 이름이 'xSelect'인 리소스를 찾을 수 없습니다. 리소스 이름은 대/소문자를 구분합니다. => System.Windows.Markup.XamlParseException: 이름이 'xSelect'인 리소스를 찾을 수 없습니다. 리소스 이름은 대/소문자를 구분합니다. ---> System.Exception: 이름이 'xSelect'인 리소스를 찾을 수 없습니다. 리소스 이름은 대/소문자를 구분합니다.
   위치: System.Windows.StaticResourceExtension.ProvideValueInternal(IServiceProvider serviceProvider, Boolean allowDeferredReference)
   위치: System.Windows.Setter.ReceiveMarkupExtension(Object targetObject, XamlSetMarkupExtensionEventArgs eventArgs)
   위치: System.Xaml.XamlObjectWriter.Logic_ProvideValue(ObjectWriterContext ctx)
   위치: System.Xaml.XamlObjectWriter.Logic_AssignProvidedValue(ObjectWriterContext ctx)
   위치: System.Xaml.XamlObjectWriter.WriteEndMember()
   위치: System.Windows.Markup.WpfXamlLoader.TransformNodes(XamlReader xamlReader, XamlObjectWriter xamlWriter, Boolean onlyLoadOneNode, Boolean skipJournaledProperties, Boolean shouldPassLineNumberInfo, IXamlLineInfo xamlLineInfo, IXamlLineInfoConsumer xamlLineInfoConsumer, XamlContextStack`1 stack, IStyleConnector styleConnector)
   위치: System.Windows.Markup.WpfXamlLoader.Load(XamlReader xamlReader, IXamlObjectWriterFactory writerFactory, Boolean skipJournaledProperties, Object rootObject, XamlObjectWriterSettings settings, Uri baseUri)
   --- 내부 예외 스택 추적의 끝 ---
   위치: System.Windows.Markup.XamlReader.RewrapException(Exception e, IXamlLineInfo lineInfo, Uri baseUri)
   위치: System.Windows.FrameworkTemplate.LoadTemplateXaml(XamlReader templateReader, XamlObjectWriter currentWriter)
   위치: System.Windows.FrameworkTemplate.LoadTemplateXaml(XamlObjectWriter objectWriter)
   위치: System.Windows.FrameworkTemplate.LoadOptimizedTemplateContent(DependencyObject container, IComponentConnector componentConnector, IStyleConnector styleConnector, List`1 affectedChildren, UncommonField`1 templatedNonFeChildrenField)
   위치: System.Windows.FrameworkTemplate.LoadContent(DependencyObject container, List`1 affectedChildren)
   위치: System.Windows.StyleHelper.ApplyTemplateContent(UncommonField`1 dataField, DependencyObject container, FrameworkElementFactory templateRoot, Int32 lastChildIndex, HybridDictionary childIndexFromChildID, FrameworkTemplate frameworkTemplate)
   위치: System.Windows.FrameworkTemplate.ApplyTemplateContent(UncommonField`1 templateDataField, FrameworkElement container)
   위치: System.Windows.FrameworkElement.ApplyTemplate()
   위치: System.Windows.FrameworkElement.MeasureCore(Size availableSize)
   위치: System.Windows.UIElement.Measure(Size availableSize)
   위치: System.Windows.Controls.StackPanel.StackMeasureHelper(IStackMeasure measureElement, IStackMeasureScrollData scrollData, Size constraint)
   위치: System.Windows.Controls.StackPanel.MeasureOverride(Size constraint)
   위치: System.Windows.FrameworkElement.MeasureCore(Size availableSize)
   위치: System.Windows.UIElement.Measure(Size availableSize)
   위치: System.Windows.Controls.Grid.MeasureCell(Int32 cell, Boolean forceInfinityV)
   위치: System.Windows.Controls.Grid.MeasureCellsGroup(Int32 cellsHead, Size referenceSize, Boolean ignoreDesiredSizeU, Boolean forceInfinityV, Boolean& hasDesiredSizeUChanged)
   위치: System.Windows.Controls.Grid.MeasureOverride(Size constraint)
   위치: System.Windows.FrameworkElement.MeasureCore(Size availableSize)
   위치: System.Windows.UIElement.Measure(Size availableSize)
   위치: MS.Internal.Helper.MeasureElementWithSingleChild(UIElement element, Size constraint)
   위치: System.Windows.Controls.ContentPresenter.MeasureOverride(Size constraint)
   위치: System.Windows.FrameworkElement.MeasureCore(Size availableSize)
   위치: System.Windows.UIElement.Measure(Size availableSize)
   위치: System.Windows.Controls.Grid.MeasureOverride(Size constraint)
   위치: System.Windows.FrameworkElement.MeasureCore(Size availableSize)
   위치: System.Windows.UIElement.Measure(Size availableSize)
   위치: System.Windows.Controls.Border.MeasureOverride(Size constraint)
   위치: System.Windows.FrameworkElement.MeasureCore(Size availableSize)
   위치: System.Windows.UIElement.Measure(Size availableSize)
   위치: System.Windows.Controls.Control.MeasureOverride(Size constraint)
   위치: System.Windows.FrameworkElement.MeasureCore(Size availableSize)
   위치: System.Windows.UIElement.Measure(Size availableSize)
   위치: MS.Internal.Helper.MeasureElementWithSingleChild(UIElement element, Size constraint)
   위치: System.Windows.Controls.ContentPresenter.MeasureOverride(Size constraint)
   위치: System.Windows.FrameworkElement.MeasureCore(Size availableSize)
   위치: System.Windows.UIElement.Measure(Size availableSize)
   위치: System.Windows.Documents.AdornerDecorator.MeasureOverride(Size constraint)
   위치: System.Windows.FrameworkElement.MeasureCore(Size availableSize)
   위치: System.Windows.UIElement.Measure(Size availableSize)
   위치: System.Windows.Controls.Border.MeasureOverride(Size constraint)
   위치: System.Windows.FrameworkElement.MeasureCore(Size availableSize)
   위치: System.Windows.UIElement.Measure(Size availableSize)
   위치: System.Windows.Window.MeasureOverrideHelper(Size constraint)
   위치: System.Windows.Window.MeasureOverride(Size availableSize)
   위치: System.Windows.FrameworkElement.MeasureCore(Size availableSize)
   위치: System.Windows.UIElement.Measure(Size availableSize)
   위치: System.Windows.Interop.HwndSource.SetLayoutSize()
   위치: System.Windows.Interop.HwndSource.set_RootVisualInternal(Visual value)
   위치: System.Windows.Window.SetRootVisual()
   위치: System.Windows.Window.SetRootVisualAndUpdateSTC()
   위치: System.Windows.Window.SetupInitialState(Double requestedTop, Double requestedLeft, Double requestedWidth, Double requestedHeight)
   위치: System.Windows.Window.CreateSourceWindow(Boolean duringShow)
   위치: System.Windows.Window.ShowHelper(Object booleanBox)
   위치: System.Windows.Window.ShowDialog()
   위치: TS.FW.Wpf.Controls.Pu.MsgBox.ShowMsg(String message, Boolean isYesNo) 파일 C:\000.Source\_TS.FW\TS.FW\TS.FW.Wpf\Controls\Pu\MsgBox.xaml.cs:줄 74
   위치: WILL.WT.PINFORCE.ViewModels.Pages.DashBoard.DashMainViewModel.<OnCommand>d__22.MoveNext() 파일 C:\000.Source\WILL.WT.PINFORCE\WILL.WT.PINFORCE\ViewModels\Pages\DashBoard\DashMainViewModel.cs:줄 98
이름이 'xSelect'인 리소스를 찾을 수 없습니다. 리소스 이름은 대/소문자를 구분합니다. => System.Exception: 이름이 'xSelect'인 리소스를 찾을 수 없습니다. 리소스 이름은 대/소문자를 구분합니다.
   위치: System.Windows.StaticResourceExtension.ProvideValueInternal(IServiceProvider serviceProvider, Boolean allowDeferredReference)
   위치: System.Windows.Setter.ReceiveMarkupExtension(Object targetObject, XamlSetMarkupExtensionEventArgs eventArgs)
   위치: System.Xaml.XamlObjectWriter.Logic_ProvideValue(ObjectWriterContext ctx)
   위치: System.Xaml.XamlObjectWriter.Logic_AssignProvidedValue(ObjectWriterContext ctx)
   위치: System.Xaml.XamlObjectWriter.WriteEndMember()
   위치: System.Windows.Markup.WpfXamlLoader.TransformNodes(XamlReader xamlReader, XamlObjectWriter xamlWriter, Boolean onlyLoadOneNode, Boolean skipJournaledProperties, Boolean shouldPassLineNumberInfo, IXamlLineInfo xamlLineInfo, IXamlLineInfoConsumer xamlLineInfoConsumer, XamlContextStack`1 stack, IStyleConnector styleConnector)
   위치: System.Windows.Markup.WpfXamlLoader.Load(XamlReader xamlReader, IXamlObjectWriterFactory writerFactory, Boolean skipJournaledProperties, Object rootObject, XamlObjectWriterSettings settings, Uri baseUri)
15:41:29.444 [E] WorkProcess(ExcuteProcess)[17] : 해당 Step이 존재하지 않습니다. [AXIS_Z_DOWN_ENTER]
15:41:29.466 [E] DashMainViewModel(MoveNext)[1] : 이름이 'xSelect'인 리소스를 찾을 수 없습니다. 리소스 이름은 대/소문자를 구분합니다. => System.Windows.Markup.XamlParseException: 이름이 'xSelect'인 리소스를 찾을 수 없습니다. 리소스 이름은 대/소문자를 구분합니다. ---> System.Exception: 이름이 'xSelect'인 리소스를 찾을 수 없습니다. 리소스 이름은 대/소문자를 구분합니다.
   위치: System.Windows.StaticResourceExtension.ProvideValueInternal(IServiceProvider serviceProvider, Boolean allowDeferredReference)
   위치: System.Windows.Setter.ReceiveMarkupExtension(Object targetObject, XamlSetMarkupExtensionEventArgs eventArgs)
   위치: System.Xaml.XamlObjectWriter.Logic_ProvideValue(ObjectWriterContext ctx)
   위치: System.Xaml.XamlObjectWriter.Logic_AssignProvidedValue(ObjectWriterContext ctx)
   위치: System.Xaml.XamlObjectWriter.WriteEndMember()
   위치: System.Windows.Markup.WpfXamlLoader.TransformNodes(XamlReader xamlReader, XamlObjectWriter xamlWriter, Boolean onlyLoadOneNode, Boolean skipJournaledProperties, Boolean shouldPassLineNumberInfo, IXamlLineInfo xamlLineInfo, IXamlLineInfoConsumer xamlLineInfoConsumer, XamlContextStack`1 stack, IStyleConnector styleConnector)
   위치: System.Windows.Markup.WpfXamlLoader.Load(XamlReader xamlReader, IXamlObjectWriterFactory writerFactory, Boolean skipJournaledProperties, Object rootObject, XamlObjectWriterSettings settings, Uri baseUri)
   --- 내부 예외 스택 추적의 끝 ---
   위치: System.Windows.Markup.XamlReader.RewrapException(Exception e, IXamlLineInfo lineInfo, Uri baseUri)
   위치: System.Windows.FrameworkTemplate.LoadTemplateXaml(XamlReader templateReader, XamlObjectWriter currentWriter)
   위치: System.Windows.FrameworkTemplate.LoadTemplateXaml(XamlObjectWriter objectWriter)
   위치: System.Windows.FrameworkTemplate.LoadOptimizedTemplateContent(DependencyObject container, IComponentConnector componentConnector, IStyleConnector styleConnector, List`1 affectedChildren, UncommonField`1 templatedNonFeChildrenField)
   위치: System.Windows.FrameworkTemplate.LoadContent(DependencyObject container, List`1 affectedChildren)
   위치: System.Windows.StyleHelper.ApplyTemplateContent(UncommonField`1 dataField, DependencyObject container, FrameworkElementFactory templateRoot, Int32 lastChildIndex, HybridDictionary childIndexFromChildID, FrameworkTemplate frameworkTemplate)
   위치: System.Windows.FrameworkTemplate.ApplyTemplateContent(UncommonField`1 templateDataField, FrameworkElement container)
   위치: System.Windows.FrameworkElement.ApplyTemplate()
   위치: System.Windows.FrameworkElement.MeasureCore(Size availableSize)
   위치: System.Windows.UIElement.Measure(Size availableSize)
   위치: System.Windows.Controls.StackPanel.StackMeasureHelper(IStackMeasure measureElement, IStackMeasureScrollData scrollData, Size constraint)
   위치: System.Windows.Controls.StackPanel.MeasureOverride(Size constraint)
   위치: System.Windows.FrameworkElement.MeasureCore(Size availableSize)
   위치: System.Windows.UIElement.Measure(Size availableSize)
   위치: System.Windows.Controls.Grid.MeasureCell(Int32 cell, Boolean forceInfinityV)
   위치: System.Windows.Controls.Grid.MeasureCellsGroup(Int32 cellsHead, Size referenceSize, Boolean ignoreDesiredSizeU, Boolean forceInfinityV, Boolean& hasDesiredSizeUChanged)
   위치: System.Windows.Controls.Grid.MeasureOverride(Size constraint)
   위치: System.Windows.FrameworkElement.MeasureCore(Size availableSize)
   위치: System.Windows.UIElement.Measure(Size availableSize)
   위치: MS.Internal.Helper.MeasureElementWithSingleChild(UIElement element, Size constraint)
   위치: System.Windows.Controls.ContentPresenter.MeasureOverride(Size constraint)
   위치: System.Windows.FrameworkElement.MeasureCore(Size availableSize)
   위치: System.Windows.UIElement.Measure(Size availableSize)
   위치: System.Windows.Controls.Grid.MeasureOverride(Size constraint)
   위치: System.Windows.FrameworkElement.MeasureCore(Size availableSize)
   위치: System.Windows.UIElement.Measure(Size availableSize)
   위치: System.Windows.Controls.Border.MeasureOverride(Size constraint)
   위치: System.Windows.FrameworkElement.MeasureCore(Size availableSize)
   위치: System.Windows.UIElement.Measure(Size availableSize)
   위치: System.Windows.Controls.Control.MeasureOverride(Size constraint)
   위치: System.Windows.FrameworkElement.MeasureCore(Size availableSize)
   위치: System.Windows.UIElement.Measure(Size availableSize)
   위치: MS.Internal.Helper.MeasureElementWithSingleChild(UIElement element, Size constraint)
   위치: System.Windows.Controls.ContentPresenter.MeasureOverride(Size constraint)
   위치: System.Windows.FrameworkElement.MeasureCore(Size availableSize)
   위치: System.Windows.UIElement.Measure(Size availableSize)
   위치: System.Windows.Documents.AdornerDecorator.MeasureOverride(Size constraint)
   위치: System.Windows.FrameworkElement.MeasureCore(Size availableSize)
   위치: System.Windows.UIElement.Measure(Size availableSize)
   위치: System.Windows.Controls.Border.MeasureOverride(Size constraint)
   위치: System.Windows.FrameworkElement.MeasureCore(Size availableSize)
   위치: System.Windows.UIElement.Measure(Size availableSize)
   위치: System.Windows.Window.MeasureOverrideHelper(Size constraint)
   위치: System.Windows.Window.MeasureOverride(Size availableSize)
   위치: System.Windows.FrameworkElement.MeasureCore(Size availableSize)
   위치: System.Windows.UIElement.Measure(Size availableSize)
   위치: System.Windows.Interop.HwndSource.SetLayoutSize()
   위치: System.Windows.Interop.HwndSource.set_RootVisualInternal(Visual value)
   위치: System.Windows.Window.SetRootVisual()
   위치: System.Windows.Window.SetRootVisualAndUpdateSTC()
   위치: System.Windows.Window.SetupInitialState(Double requestedTop, Double requestedLeft, Double requestedWidth, Double requestedHeight)
   위치: System.Windows.Window.CreateSourceWindow(Boolean duringShow)
   위치: System.Windows.Window.ShowHelper(Object booleanBox)
   위치: System.Windows.Window.ShowDialog()
   위치: TS.FW.Wpf.Controls.Pu.MsgBox.ShowMsg(String message, Boolean isYesNo) 파일 C:\000.Source\_TS.FW\TS.FW\TS.FW.Wpf\Controls\Pu\MsgBox.xaml.cs:줄 74
   위치: WILL.WT.PINFORCE.ViewModels.Pages.DashBoard.DashMainViewModel.<OnCommand>d__22.MoveNext() 파일 C:\000.Source\WILL.WT.PINFORCE\WILL.WT.PINFORCE\ViewModels\Pages\DashBoard\DashMainViewModel.cs:줄 98
이름이 'xSelect'인 리소스를 찾을 수 없습니다. 리소스 이름은 대/소문자를 구분합니다. => System.Exception: 이름이 'xSelect'인 리소스를 찾을 수 없습니다. 리소스 이름은 대/소문자를 구분합니다.
   위치: System.Windows.StaticResourceExtension.ProvideValueInternal(IServiceProvider serviceProvider, Boolean allowDeferredReference)
   위치: System.Windows.Setter.ReceiveMarkupExtension(Object targetObject, XamlSetMarkupExtensionEventArgs eventArgs)
   위치: System.Xaml.XamlObjectWriter.Logic_ProvideValue(ObjectWriterContext ctx)
   위치: System.Xaml.XamlObjectWriter.Logic_AssignProvidedValue(ObjectWriterContext ctx)
   위치: System.Xaml.XamlObjectWriter.WriteEndMember()
   위치: System.Windows.Markup.WpfXamlLoader.TransformNodes(XamlReader xamlReader, XamlObjectWriter xamlWriter, Boolean onlyLoadOneNode, Boolean skipJournaledProperties, Boolean shouldPassLineNumberInfo, IXamlLineInfo xamlLineInfo, IXamlLineInfoConsumer xamlLineInfoConsumer, XamlContextStack`1 stack, IStyleConnector styleConnector)
   위치: System.Windows.Markup.WpfXamlLoader.Load(XamlReader xamlReader, IXamlObjectWriterFactory writerFactory, Boolean skipJournaledProperties, Object rootObject, XamlObjectWriterSettings settings, Uri baseUri)
15:41:31.164 [E] WorkProcess(ExcuteProcess)[17] : 해당 Step이 존재하지 않습니다. [AXIS_Z_DOWN_ENTER]
15:41:31.224 [E] DashMainViewModel(MoveNext)[1] : 이름이 'xSelect'인 리소스를 찾을 수 없습니다. 리소스 이름은 대/소문자를 구분합니다. => System.Windows.Markup.XamlParseException: 이름이 'xSelect'인 리소스를 찾을 수 없습니다. 리소스 이름은 대/소문자를 구분합니다. ---> System.Exception: 이름이 'xSelect'인 리소스를 찾을 수 없습니다. 리소스 이름은 대/소문자를 구분합니다.
   위치: System.Windows.StaticResourceExtension.ProvideValueInternal(IServiceProvider serviceProvider, Boolean allowDeferredReference)
   위치: System.Windows.Setter.ReceiveMarkupExtension(Object targetObject, XamlSetMarkupExtensionEventArgs eventArgs)
   위치: System.Xaml.XamlObjectWriter.Logic_ProvideValue(ObjectWriterContext ctx)
   위치: System.Xaml.XamlObjectWriter.Logic_AssignProvidedValue(ObjectWriterContext ctx)
   위치: System.Xaml.XamlObjectWriter.WriteEndMember()
   위치: System.Windows.Markup.WpfXamlLoader.TransformNodes(XamlReader xamlReader, XamlObjectWriter xamlWriter, Boolean onlyLoadOneNode, Boolean skipJournaledProperties, Boolean shouldPassLineNumberInfo, IXamlLineInfo xamlLineInfo, IXamlLineInfoConsumer xamlLineInfoConsumer, XamlContextStack`1 stack, IStyleConnector styleConnector)
   위치: System.Windows.Markup.WpfXamlLoader.Load(XamlReader xamlReader, IXamlObjectWriterFactory writerFactory, Boolean skipJournaledProperties, Object rootObject, XamlObjectWriterSettings settings, Uri baseUri)
   --- 내부 예외 스택 추적의 끝 ---
   위치: System.Windows.Markup.XamlReader.RewrapException(Exception e, IXamlLineInfo lineInfo, Uri baseUri)
   위치: System.Windows.FrameworkTemplate.LoadTemplateXaml(XamlReader templateReader, XamlObjectWriter currentWriter)
   위치: System.Windows.FrameworkTemplate.LoadTemplateXaml(XamlObjectWriter objectWriter)
   위치: System.Windows.FrameworkTemplate.LoadOptimizedTemplateContent(DependencyObject container, IComponentConnector componentConnector, IStyleConnector styleConnector, List`1 affectedChildren, UncommonField`1 templatedNonFeChildrenField)
   위치: System.Windows.FrameworkTemplate.LoadContent(DependencyObject container, List`1 affectedChildren)
   위치: System.Windows.StyleHelper.ApplyTemplateContent(UncommonField`1 dataField, DependencyObject container, FrameworkElementFactory templateRoot, Int32 lastChildIndex, HybridDictionary childIndexFromChildID, FrameworkTemplate frameworkTemplate)
   위치: System.Windows.FrameworkTemplate.ApplyTemplateContent(UncommonField`1 templateDataField, FrameworkElement container)
   위치: System.Windows.FrameworkElement.ApplyTemplate()
   위치: System.Windows.FrameworkElement.MeasureCore(Size availableSize)
   위치: System.Windows.UIElement.Measure(Size availableSize)
   위치: System.Windows.Controls.StackPanel.StackMeasureHelper(IStackMeasure measureElement, IStackMeasureScrollData scrollData, Size constraint)
   위치: System.Windows.Controls.StackPanel.MeasureOverride(Size constraint)
   위치: System.Windows.FrameworkElement.MeasureCore(Size availableSize)
   위치: System.Windows.UIElement.Measure(Size availableSize)
   위치: System.Windows.Controls.Grid.MeasureCell(Int32 cell, Boolean forceInfinityV)
   위치: System.Windows.Controls.Grid.MeasureCellsGroup(Int32 cellsHead, Size referenceSize, Boolean ignoreDesiredSizeU, Boolean forceInfinityV, Boolean& hasDesiredSizeUChanged)
   위치: System.Windows.Controls.Grid.MeasureOverride(Size constraint)
   위치: System.Windows.FrameworkElement.MeasureCore(Size availableSize)
   위치: System.Windows.UIElement.Measure(Size availableSize)
   위치: MS.Internal.Helper.MeasureElementWithSingleChild(UIElement element, Size constraint)
   위치: System.Windows.Controls.ContentPresenter.MeasureOverride(Size constraint)
   위치: System.Windows.FrameworkElement.MeasureCore(Size availableSize)
   위치: System.Windows.UIElement.Measure(Size availableSize)
   위치: System.Windows.Controls.Grid.MeasureOverride(Size constraint)
   위치: System.Windows.FrameworkElement.MeasureCore(Size availableSize)
   위치: System.Windows.UIElement.Measure(Size availableSize)
   위치: System.Windows.Controls.Border.MeasureOverride(Size constraint)
   위치: System.Windows.FrameworkElement.MeasureCore(Size availableSize)
   위치: System.Windows.UIElement.Measure(Size availableSize)
   위치: System.Windows.Controls.Control.MeasureOverride(Size constraint)
   위치: System.Windows.FrameworkElement.MeasureCore(Size availableSize)
   위치: System.Windows.UIElement.Measure(Size availableSize)
   위치: MS.Internal.Helper.MeasureElementWithSingleChild(UIElement element, Size constraint)
   위치: System.Windows.Controls.ContentPresenter.MeasureOverride(Size constraint)
   위치: System.Windows.FrameworkElement.MeasureCore(Size availableSize)
   위치: System.Windows.UIElement.Measure(Size availableSize)
   위치: System.Windows.Documents.AdornerDecorator.MeasureOverride(Size constraint)
   위치: System.Windows.FrameworkElement.MeasureCore(Size availableSize)
   위치: System.Windows.UIElement.Measure(Size availableSize)
   위치: System.Windows.Controls.Border.MeasureOverride(Size constraint)
   위치: System.Windows.FrameworkElement.MeasureCore(Size availableSize)
   위치: System.Windows.UIElement.Measure(Size availableSize)
   위치: System.Windows.Window.MeasureOverrideHelper(Size constraint)
   위치: System.Windows.Window.MeasureOverride(Size availableSize)
   위치: System.Windows.FrameworkElement.MeasureCore(Size availableSize)
   위치: System.Windows.UIElement.Measure(Size availableSize)
   위치: System.Windows.Interop.HwndSource.SetLayoutSize()
   위치: System.Windows.Interop.HwndSource.set_RootVisualInternal(Visual value)
   위치: System.Windows.Window.SetRootVisual()
   위치: System.Windows.Window.SetRootVisualAndUpdateSTC()
   위치: System.Windows.Window.SetupInitialState(Double requestedTop, Double requestedLeft, Double requestedWidth, Double requestedHeight)
   위치: System.Windows.Window.CreateSourceWindow(Boolean duringShow)
   위치: System.Windows.Window.ShowHelper(Object booleanBox)
   위치: System.Windows.Window.ShowDialog()
   위치: TS.FW.Wpf.Controls.Pu.MsgBox.ShowMsg(String message, Boolean isYesNo) 파일 C:\000.Source\_TS.FW\TS.FW\TS.FW.Wpf\Controls\Pu\MsgBox.xaml.cs:줄 74
   위치: WILL.WT.PINFORCE.ViewModels.Pages.DashBoard.DashMainViewModel.<OnCommand>d__22.MoveNext() 파일 C:\000.Source\WILL.WT.PINFORCE\WILL.WT.PINFORCE\ViewModels\Pages\DashBoard\DashMainViewModel.cs:줄 98
이름이 'xSelect'인 리소스를 찾을 수 없습니다. 리소스 이름은 대/소문자를 구분합니다. => System.Exception: 이름이 'xSelect'인 리소스를 찾을 수 없습니다. 리소스 이름은 대/소문자를 구분합니다.
   위치: System.Windows.StaticResourceExtension.ProvideValueInternal(IServiceProvider serviceProvider, Boolean allowDeferredReference)
   위치: System.Windows.Setter.ReceiveMarkupExtension(Object targetObject, XamlSetMarkupExtensionEventArgs eventArgs)
   위치: System.Xaml.XamlObjectWriter.Logic_ProvideValue(ObjectWriterContext ctx)
   위치: System.Xaml.XamlObjectWriter.Logic_AssignProvidedValue(ObjectWriterContext ctx)
   위치: System.Xaml.XamlObjectWriter.WriteEndMember()
   위치: System.Windows.Markup.WpfXamlLoader.TransformNodes(XamlReader xamlReader, XamlObjectWriter xamlWriter, Boolean onlyLoadOneNode, Boolean skipJournaledProperties, Boolean shouldPassLineNumberInfo, IXamlLineInfo xamlLineInfo, IXamlLineInfoConsumer xamlLineInfoConsumer, XamlContextStack`1 stack, IStyleConnector styleConnector)
   위치: System.Windows.Markup.WpfXamlLoader.Load(XamlReader xamlReader, IXamlObjectWriterFactory writerFactory, Boolean skipJournaledProperties, Object rootObject, XamlObjectWriterSettings settings, Uri baseUri)
15:41:31.630 [E] WorkProcess(ExcuteProcess)[17] : 해당 Step이 존재하지 않습니다. [AXIS_Z_DOWN_ENTER]
15:41:31.679 [E] DashMainViewModel(MoveNext)[1] : 이름이 'xSelect'인 리소스를 찾을 수 없습니다. 리소스 이름은 대/소문자를 구분합니다. => System.Windows.Markup.XamlParseException: 이름이 'xSelect'인 리소스를 찾을 수 없습니다. 리소스 이름은 대/소문자를 구분합니다. ---> System.Exception: 이름이 'xSelect'인 리소스를 찾을 수 없습니다. 리소스 이름은 대/소문자를 구분합니다.
   위치: System.Windows.StaticResourceExtension.ProvideValueInternal(IServiceProvider serviceProvider, Boolean allowDeferredReference)
   위치: System.Windows.Setter.ReceiveMarkupExtension(Object targetObject, XamlSetMarkupExtensionEventArgs eventArgs)
   위치: System.Xaml.XamlObjectWriter.Logic_ProvideValue(ObjectWriterContext ctx)
   위치: System.Xaml.XamlObjectWriter.Logic_AssignProvidedValue(ObjectWriterContext ctx)
   위치: System.Xaml.XamlObjectWriter.WriteEndMember()
   위치: System.Windows.Markup.WpfXamlLoader.TransformNodes(XamlReader xamlReader, XamlObjectWriter xamlWriter, Boolean onlyLoadOneNode, Boolean skipJournaledProperties, Boolean shouldPassLineNumberInfo, IXamlLineInfo xamlLineInfo, IXamlLineInfoConsumer xamlLineInfoConsumer, XamlContextStack`1 stack, IStyleConnector styleConnector)
   위치: System.Windows.Markup.WpfXamlLoader.Load(XamlReader xamlReader, IXamlObjectWriterFactory writerFactory, Boolean skipJournaledProperties, Object rootObject, XamlObjectWriterSettings settings, Uri baseUri)
   --- 내부 예외 스택 추적의 끝 ---
   위치: System.Windows.Markup.XamlReader.RewrapException(Exception e, IXamlLineInfo lineInfo, Uri baseUri)
   위치: System.Windows.FrameworkTemplate.LoadTemplateXaml(XamlReader templateReader, XamlObjectWriter currentWriter)
   위치: System.Windows.FrameworkTemplate.LoadTemplateXaml(XamlObjectWriter objectWriter)
   위치: System.Windows.FrameworkTemplate.LoadOptimizedTemplateContent(DependencyObject container, IComponentConnector componentConnector, IStyleConnector styleConnector, List`1 affectedChildren, UncommonField`1 templatedNonFeChildrenField)
   위치: System.Windows.FrameworkTemplate.LoadContent(DependencyObject container, List`1 affectedChildren)
   위치: System.Windows.StyleHelper.ApplyTemplateContent(UncommonField`1 dataField, DependencyObject container, FrameworkElementFactory templateRoot, Int32 lastChildIndex, HybridDictionary childIndexFromChildID, FrameworkTemplate frameworkTemplate)
   위치: System.Windows.FrameworkTemplate.ApplyTemplateContent(UncommonField`1 templateDataField, FrameworkElement container)
   위치: System.Windows.FrameworkElement.ApplyTemplate()
   위치: System.Windows.FrameworkElement.MeasureCore(Size availableSize)
   위치: System.Windows.UIElement.Measure(Size availableSize)
   위치: System.Windows.Controls.StackPanel.StackMeasureHelper(IStackMeasure measureElement, IStackMeasureScrollData scrollData, Size constraint)
   위치: System.Windows.Controls.StackPanel.MeasureOverride(Size constraint)
   위치: System.Windows.FrameworkElement.MeasureCore(Size availableSize)
   위치: System.Windows.UIElement.Measure(Size availableSize)
   위치: System.Windows.Controls.Grid.MeasureCell(Int32 cell, Boolean forceInfinityV)
   위치: System.Windows.Controls.Grid.MeasureCellsGroup(Int32 cellsHead, Size referenceSize, Boolean ignoreDesiredSizeU, Boolean forceInfinityV, Boolean& hasDesiredSizeUChanged)
   위치: System.Windows.Controls.Grid.MeasureOverride(Size constraint)
   위치: System.Windows.FrameworkElement.MeasureCore(Size availableSize)
   위치: System.Windows.UIElement.Measure(Size availableSize)
   위치: MS.Internal.Helper.MeasureElementWithSingleChild(UIElement element, Size constraint)
   위치: System.Windows.Controls.ContentPresenter.MeasureOverride(Size constraint)
   위치: System.Windows.FrameworkElement.MeasureCore(Size availableSize)
   위치: System.Windows.UIElement.Measure(Size availableSize)
   위치: System.Windows.Controls.Grid.MeasureOverride(Size constraint)
   위치: System.Windows.FrameworkElement.MeasureCore(Size availableSize)
   위치: System.Windows.UIElement.Measure(Size availableSize)
   위치: System.Windows.Controls.Border.MeasureOverride(Size constraint)
   위치: System.Windows.FrameworkElement.MeasureCore(Size availableSize)
   위치: System.Windows.UIElement.Measure(Size availableSize)
   위치: System.Windows.Controls.Control.MeasureOverride(Size constraint)
   위치: System.Windows.FrameworkElement.MeasureCore(Size availableSize)
   위치: System.Windows.UIElement.Measure(Size availableSize)
   위치: MS.Internal.Helper.MeasureElementWithSingleChild(UIElement element, Size constraint)
   위치: System.Windows.Controls.ContentPresenter.MeasureOverride(Size constraint)
   위치: System.Windows.FrameworkElement.MeasureCore(Size availableSize)
   위치: System.Windows.UIElement.Measure(Size availableSize)
   위치: System.Windows.Documents.AdornerDecorator.MeasureOverride(Size constraint)
   위치: System.Windows.FrameworkElement.MeasureCore(Size availableSize)
   위치: System.Windows.UIElement.Measure(Size availableSize)
   위치: System.Windows.Controls.Border.MeasureOverride(Size constraint)
   위치: System.Windows.FrameworkElement.MeasureCore(Size availableSize)
   위치: System.Windows.UIElement.Measure(Size availableSize)
   위치: System.Windows.Window.MeasureOverrideHelper(Size constraint)
   위치: System.Windows.Window.MeasureOverride(Size availableSize)
   위치: System.Windows.FrameworkElement.MeasureCore(Size availableSize)
   위치: System.Windows.UIElement.Measure(Size availableSize)
   위치: System.Windows.Interop.HwndSource.SetLayoutSize()
   위치: System.Windows.Interop.HwndSource.set_RootVisualInternal(Visual value)
   위치: System.Windows.Window.SetRootVisual()
   위치: System.Windows.Window.SetRootVisualAndUpdateSTC()
   위치: System.Windows.Window.SetupInitialState(Double requestedTop, Double requestedLeft, Double requestedWidth, Double requestedHeight)
   위치: System.Windows.Window.CreateSourceWindow(Boolean duringShow)
   위치: System.Windows.Window.ShowHelper(Object booleanBox)
   위치: System.Windows.Window.ShowDialog()
   위치: TS.FW.Wpf.Controls.Pu.MsgBox.ShowMsg(String message, Boolean isYesNo) 파일 C:\000.Source\_TS.FW\TS.FW\TS.FW.Wpf\Controls\Pu\MsgBox.xaml.cs:줄 74
   위치: WILL.WT.PINFORCE.ViewModels.Pages.DashBoard.DashMainViewModel.<OnCommand>d__22.MoveNext() 파일 C:\000.Source\WILL.WT.PINFORCE\WILL.WT.PINFORCE\ViewModels\Pages\DashBoard\DashMainViewModel.cs:줄 98
이름이 'xSelect'인 리소스를 찾을 수 없습니다. 리소스 이름은 대/소문자를 구분합니다. => System.Exception: 이름이 'xSelect'인 리소스를 찾을 수 없습니다. 리소스 이름은 대/소문자를 구분합니다.
   위치: System.Windows.StaticResourceExtension.ProvideValueInternal(IServiceProvider serviceProvider, Boolean allowDeferredReference)
   위치: System.Windows.Setter.ReceiveMarkupExtension(Object targetObject, XamlSetMarkupExtensionEventArgs eventArgs)
   위치: System.Xaml.XamlObjectWriter.Logic_ProvideValue(ObjectWriterContext ctx)
   위치: System.Xaml.XamlObjectWriter.Logic_AssignProvidedValue(ObjectWriterContext ctx)
   위치: System.Xaml.XamlObjectWriter.WriteEndMember()
   위치: System.Windows.Markup.WpfXamlLoader.TransformNodes(XamlReader xamlReader, XamlObjectWriter xamlWriter, Boolean onlyLoadOneNode, Boolean skipJournaledProperties, Boolean shouldPassLineNumberInfo, IXamlLineInfo xamlLineInfo, IXamlLineInfoConsumer xamlLineInfoConsumer, XamlContextStack`1 stack, IStyleConnector styleConnector)
   위치: System.Windows.Markup.WpfXamlLoader.Load(XamlReader xamlReader, IXamlObjectWriterFactory writerFactory, Boolean skipJournaledProperties, Object rootObject, XamlObjectWriterSettings settings, Uri baseUri)
15:41:31.835 [E] WorkProcess(ExcuteProcess)[18] : 해당 Step이 존재하지 않습니다. [AXIS_Z_DOWN_ENTER]
15:41:31.894 [E] DashMainViewModel(MoveNext)[1] : 이름이 'xSelect'인 리소스를 찾을 수 없습니다. 리소스 이름은 대/소문자를 구분합니다. => System.Windows.Markup.XamlParseException: 이름이 'xSelect'인 리소스를 찾을 수 없습니다. 리소스 이름은 대/소문자를 구분합니다. ---> System.Exception: 이름이 'xSelect'인 리소스를 찾을 수 없습니다. 리소스 이름은 대/소문자를 구분합니다.
   위치: System.Windows.StaticResourceExtension.ProvideValueInternal(IServiceProvider serviceProvider, Boolean allowDeferredReference)
   위치: System.Windows.Setter.ReceiveMarkupExtension(Object targetObject, XamlSetMarkupExtensionEventArgs eventArgs)
   위치: System.Xaml.XamlObjectWriter.Logic_ProvideValue(ObjectWriterContext ctx)
   위치: System.Xaml.XamlObjectWriter.Logic_AssignProvidedValue(ObjectWriterContext ctx)
   위치: System.Xaml.XamlObjectWriter.WriteEndMember()
   위치: System.Windows.Markup.WpfXamlLoader.TransformNodes(XamlReader xamlReader, XamlObjectWriter xamlWriter, Boolean onlyLoadOneNode, Boolean skipJournaledProperties, Boolean shouldPassLineNumberInfo, IXamlLineInfo xamlLineInfo, IXamlLineInfoConsumer xamlLineInfoConsumer, XamlContextStack`1 stack, IStyleConnector styleConnector)
   위치: System.Windows.Markup.WpfXamlLoader.Load(XamlReader xamlReader, IXamlObjectWriterFactory writerFactory, Boolean skipJournaledProperties, Object rootObject, XamlObjectWriterSettings settings, Uri baseUri)
   --- 내부 예외 스택 추적의 끝 ---
   위치: System.Windows.Markup.XamlReader.RewrapException(Exception e, IXamlLineInfo lineInfo, Uri baseUri)
   위치: System.Windows.FrameworkTemplate.LoadTemplateXaml(XamlReader templateReader, XamlObjectWriter currentWriter)
   위치: System.Windows.FrameworkTemplate.LoadTemplateXaml(XamlObjectWriter objectWriter)
   위치: System.Windows.FrameworkTemplate.LoadOptimizedTemplateContent(DependencyObject container, IComponentConnector componentConnector, IStyleConnector styleConnector, List`1 affectedChildren, UncommonField`1 templatedNonFeChildrenField)
   위치: System.Windows.FrameworkTemplate.LoadContent(DependencyObject container, List`1 affectedChildren)
   위치: System.Windows.StyleHelper.ApplyTemplateContent(UncommonField`1 dataField, DependencyObject container, FrameworkElementFactory templateRoot, Int32 lastChildIndex, HybridDictionary childIndexFromChildID, FrameworkTemplate frameworkTemplate)
   위치: System.Windows.FrameworkTemplate.ApplyTemplateContent(UncommonField`1 templateDataField, FrameworkElement container)
   위치: System.Windows.FrameworkElement.ApplyTemplate()
   위치: System.Windows.FrameworkElement.MeasureCore(Size availableSize)
   위치: System.Windows.UIElement.Measure(Size availableSize)
   위치: System.Windows.Controls.StackPanel.StackMeasureHelper(IStackMeasure measureElement, IStackMeasureScrollData scrollData, Size constraint)
   위치: System.Windows.Controls.StackPanel.MeasureOverride(Size constraint)
   위치: System.Windows.FrameworkElement.MeasureCore(Size availableSize)
   위치: System.Windows.UIElement.Measure(Size availableSize)
   위치: System.Windows.Controls.Grid.MeasureCell(Int32 cell, Boolean forceInfinityV)
   위치: System.Windows.Controls.Grid.MeasureCellsGroup(Int32 cellsHead, Size referenceSize, Boolean ignoreDesiredSizeU, Boolean forceInfinityV, Boolean& hasDesiredSizeUChanged)
   위치: System.Windows.Controls.Grid.MeasureOverride(Size constraint)
   위치: System.Windows.FrameworkElement.MeasureCore(Size availableSize)
   위치: System.Windows.UIElement.Measure(Size availableSize)
   위치: MS.Internal.Helper.MeasureElementWithSingleChild(UIElement element, Size constraint)
   위치: System.Windows.Controls.ContentPresenter.MeasureOverride(Size constraint)
   위치: System.Windows.FrameworkElement.MeasureCore(Size availableSize)
   위치: System.Windows.UIElement.Measure(Size availableSize)
   위치: System.Windows.Controls.Grid.MeasureOverride(Size constraint)
   위치: System.Windows.FrameworkElement.MeasureCore(Size availableSize)
   위치: System.Windows.UIElement.Measure(Size availableSize)
   위치: System.Windows.Controls.Border.MeasureOverride(Size constraint)
   위치: System.Windows.FrameworkElement.MeasureCore(Size availableSize)
   위치: System.Windows.UIElement.Measure(Size availableSize)
   위치: System.Windows.Controls.Control.MeasureOverride(Size constraint)
   위치: System.Windows.FrameworkElement.MeasureCore(Size availableSize)
   위치: System.Windows.UIElement.Measure(Size availableSize)
   위치: MS.Internal.Helper.MeasureElementWithSingleChild(UIElement element, Size constraint)
   위치: System.Windows.Controls.ContentPresenter.MeasureOverride(Size constraint)
   위치: System.Windows.FrameworkElement.MeasureCore(Size availableSize)
   위치: System.Windows.UIElement.Measure(Size availableSize)
   위치: System.Windows.Documents.AdornerDecorator.MeasureOverride(Size constraint)
   위치: System.Windows.FrameworkElement.MeasureCore(Size availableSize)
   위치: System.Windows.UIElement.Measure(Size availableSize)
   위치: System.Windows.Controls.Border.MeasureOverride(Size constraint)
   위치: System.Windows.FrameworkElement.MeasureCore(Size availableSize)
   위치: System.Windows.UIElement.Measure(Size availableSize)
   위치: System.Windows.Window.MeasureOverrideHelper(Size constraint)
   위치: System.Windows.Window.MeasureOverride(Size availableSize)
   위치: System.Windows.FrameworkElement.MeasureCore(Size availableSize)
   위치: System.Windows.UIElement.Measure(Size availableSize)
   위치: System.Windows.Interop.HwndSource.SetLayoutSize()
   위치: System.Windows.Interop.HwndSource.set_RootVisualInternal(Visual value)
   위치: System.Windows.Window.SetRootVisual()
   위치: System.Windows.Window.SetRootVisualAndUpdateSTC()
   위치: System.Windows.Window.SetupInitialState(Double requestedTop, Double requestedLeft, Double requestedWidth, Double requestedHeight)
   위치: System.Windows.Window.CreateSourceWindow(Boolean duringShow)
   위치: System.Windows.Window.ShowHelper(Object booleanBox)
   위치: System.Windows.Window.ShowDialog()
   위치: TS.FW.Wpf.Controls.Pu.MsgBox.ShowMsg(String message, Boolean isYesNo) 파일 C:\000.Source\_TS.FW\TS.FW\TS.FW.Wpf\Controls\Pu\MsgBox.xaml.cs:줄 74
   위치: WILL.WT.PINFORCE.ViewModels.Pages.DashBoard.DashMainViewModel.<OnCommand>d__22.MoveNext() 파일 C:\000.Source\WILL.WT.PINFORCE\WILL.WT.PINFORCE\ViewModels\Pages\DashBoard\DashMainViewModel.cs:줄 98
이름이 'xSelect'인 리소스를 찾을 수 없습니다. 리소스 이름은 대/소문자를 구분합니다. => System.Exception: 이름이 'xSelect'인 리소스를 찾을 수 없습니다. 리소스 이름은 대/소문자를 구분합니다.
   위치: System.Windows.StaticResourceExtension.ProvideValueInternal(IServiceProvider serviceProvider, Boolean allowDeferredReference)
   위치: System.Windows.Setter.ReceiveMarkupExtension(Object targetObject, XamlSetMarkupExtensionEventArgs eventArgs)
   위치: System.Xaml.XamlObjectWriter.Logic_ProvideValue(ObjectWriterContext ctx)
   위치: System.Xaml.XamlObjectWriter.Logic_AssignProvidedValue(ObjectWriterContext ctx)
   위치: System.Xaml.XamlObjectWriter.WriteEndMember()
   위치: System.Windows.Markup.WpfXamlLoader.TransformNodes(XamlReader xamlReader, XamlObjectWriter xamlWriter, Boolean onlyLoadOneNode, Boolean skipJournaledProperties, Boolean shouldPassLineNumberInfo, IXamlLineInfo xamlLineInfo, IXamlLineInfoConsumer xamlLineInfoConsumer, XamlContextStack`1 stack, IStyleConnector styleConnector)
   위치: System.Windows.Markup.WpfXamlLoader.Load(XamlReader xamlReader, IXamlObjectWriterFactory writerFactory, Boolean skipJournaledProperties, Object rootObject, XamlObjectWriterSettings settings, Uri baseUri)
15:41:32.255 [E] WorkProcess(ExcuteProcess)[17] : 해당 Step이 존재하지 않습니다. [AXIS_Z_DOWN_ENTER]
15:41:32.300 [E] DashMainViewModel(MoveNext)[1] : 이름이 'xSelect'인 리소스를 찾을 수 없습니다. 리소스 이름은 대/소문자를 구분합니다. => System.Windows.Markup.XamlParseException: 이름이 'xSelect'인 리소스를 찾을 수 없습니다. 리소스 이름은 대/소문자를 구분합니다. ---> System.Exception: 이름이 'xSelect'인 리소스를 찾을 수 없습니다. 리소스 이름은 대/소문자를 구분합니다.
   위치: System.Windows.StaticResourceExtension.ProvideValueInternal(IServiceProvider serviceProvider, Boolean allowDeferredReference)
   위치: System.Windows.Setter.ReceiveMarkupExtension(Object targetObject, XamlSetMarkupExtensionEventArgs eventArgs)
   위치: System.Xaml.XamlObjectWriter.Logic_ProvideValue(ObjectWriterContext ctx)
   위치: System.Xaml.XamlObjectWriter.Logic_AssignProvidedValue(ObjectWriterContext ctx)
   위치: System.Xaml.XamlObjectWriter.WriteEndMember()
   위치: System.Windows.Markup.WpfXamlLoader.TransformNodes(XamlReader xamlReader, XamlObjectWriter xamlWriter, Boolean onlyLoadOneNode, Boolean skipJournaledProperties, Boolean shouldPassLineNumberInfo, IXamlLineInfo xamlLineInfo, IXamlLineInfoConsumer xamlLineInfoConsumer, XamlContextStack`1 stack, IStyleConnector styleConnector)
   위치: System.Windows.Markup.WpfXamlLoader.Load(XamlReader xamlReader, IXamlObjectWriterFactory writerFactory, Boolean skipJournaledProperties, Object rootObject, XamlObjectWriterSettings settings, Uri baseUri)
   --- 내부 예외 스택 추적의 끝 ---
   위치: System.Windows.Markup.XamlReader.RewrapException(Exception e, IXamlLineInfo lineInfo, Uri baseUri)
   위치: System.Windows.FrameworkTemplate.LoadTemplateXaml(XamlReader templateReader, XamlObjectWriter currentWriter)
   위치: System.Windows.FrameworkTemplate.LoadTemplateXaml(XamlObjectWriter objectWriter)
   위치: System.Windows.FrameworkTemplate.LoadOptimizedTemplateContent(DependencyObject container, IComponentConnector componentConnector, IStyleConnector styleConnector, List`1 affectedChildren, UncommonField`1 templatedNonFeChildrenField)
   위치: System.Windows.FrameworkTemplate.LoadContent(DependencyObject container, List`1 affectedChildren)
   위치: System.Windows.StyleHelper.ApplyTemplateContent(UncommonField`1 dataField, DependencyObject container, FrameworkElementFactory templateRoot, Int32 lastChildIndex, HybridDictionary childIndexFromChildID, FrameworkTemplate frameworkTemplate)
   위치: System.Windows.FrameworkTemplate.ApplyTemplateContent(UncommonField`1 templateDataField, FrameworkElement container)
   위치: System.Windows.FrameworkElement.ApplyTemplate()
   위치: System.Windows.FrameworkElement.MeasureCore(Size availableSize)
   위치: System.Windows.UIElement.Measure(Size availableSize)
   위치: System.Windows.Controls.StackPanel.StackMeasureHelper(IStackMeasure measureElement, IStackMeasureScrollData scrollData, Size constraint)
   위치: System.Windows.Controls.StackPanel.MeasureOverride(Size constraint)
   위치: System.Windows.FrameworkElement.MeasureCore(Size availableSize)
   위치: System.Windows.UIElement.Measure(Size availableSize)
   위치: System.Windows.Controls.Grid.MeasureCell(Int32 cell, Boolean forceInfinityV)
   위치: System.Windows.Controls.Grid.MeasureCellsGroup(Int32 cellsHead, Size referenceSize, Boolean ignoreDesiredSizeU, Boolean forceInfinityV, Boolean& hasDesiredSizeUChanged)
   위치: System.Windows.Controls.Grid.MeasureOverride(Size constraint)
   위치: System.Windows.FrameworkElement.MeasureCore(Size availableSize)
   위치: System.Windows.UIElement.Measure(Size availableSize)
   위치: MS.Internal.Helper.MeasureElementWithSingleChild(UIElement element, Size constraint)
   위치: System.Windows.Controls.ContentPresenter.MeasureOverride(Size constraint)
   위치: System.Windows.FrameworkElement.MeasureCore(Size availableSize)
   위치: System.Windows.UIElement.Measure(Size availableSize)
   위치: System.Windows.Controls.Grid.MeasureOverride(Size constraint)
   위치: System.Windows.FrameworkElement.MeasureCore(Size availableSize)
   위치: System.Windows.UIElement.Measure(Size availableSize)
   위치: System.Windows.Controls.Border.MeasureOverride(Size constraint)
   위치: System.Windows.FrameworkElement.MeasureCore(Size availableSize)
   위치: System.Windows.UIElement.Measure(Size availableSize)
   위치: System.Windows.Controls.Control.MeasureOverride(Size constraint)
   위치: System.Windows.FrameworkElement.MeasureCore(Size availableSize)
   위치: System.Windows.UIElement.Measure(Size availableSize)
   위치: MS.Internal.Helper.MeasureElementWithSingleChild(UIElement element, Size constraint)
   위치: System.Windows.Controls.ContentPresenter.MeasureOverride(Size constraint)
   위치: System.Windows.FrameworkElement.MeasureCore(Size availableSize)
   위치: System.Windows.UIElement.Measure(Size availableSize)
   위치: System.Windows.Documents.AdornerDecorator.MeasureOverride(Size constraint)
   위치: System.Windows.FrameworkElement.MeasureCore(Size availableSize)
   위치: System.Windows.UIElement.Measure(Size availableSize)
   위치: System.Windows.Controls.Border.MeasureOverride(Size constraint)
   위치: System.Windows.FrameworkElement.MeasureCore(Size availableSize)
   위치: System.Windows.UIElement.Measure(Size availableSize)
   위치: System.Windows.Window.MeasureOverrideHelper(Size constraint)
   위치: System.Windows.Window.MeasureOverride(Size availableSize)
   위치: System.Windows.FrameworkElement.MeasureCore(Size availableSize)
   위치: System.Windows.UIElement.Measure(Size availableSize)
   위치: System.Windows.Interop.HwndSource.SetLayoutSize()
   위치: System.Windows.Interop.HwndSource.set_RootVisualInternal(Visual value)
   위치: System.Windows.Window.SetRootVisual()
   위치: System.Windows.Window.SetRootVisualAndUpdateSTC()
   위치: System.Windows.Window.SetupInitialState(Double requestedTop, Double requestedLeft, Double requestedWidth, Double requestedHeight)
   위치: System.Windows.Window.CreateSourceWindow(Boolean duringShow)
   위치: System.Windows.Window.ShowHelper(Object booleanBox)
   위치: System.Windows.Window.ShowDialog()
   위치: TS.FW.Wpf.Controls.Pu.MsgBox.ShowMsg(String message, Boolean isYesNo) 파일 C:\000.Source\_TS.FW\TS.FW\TS.FW.Wpf\Controls\Pu\MsgBox.xaml.cs:줄 74
   위치: WILL.WT.PINFORCE.ViewModels.Pages.DashBoard.DashMainViewModel.<OnCommand>d__22.MoveNext() 파일 C:\000.Source\WILL.WT.PINFORCE\WILL.WT.PINFORCE\ViewModels\Pages\DashBoard\DashMainViewModel.cs:줄 98
이름이 'xSelect'인 리소스를 찾을 수 없습니다. 리소스 이름은 대/소문자를 구분합니다. => System.Exception: 이름이 'xSelect'인 리소스를 찾을 수 없습니다. 리소스 이름은 대/소문자를 구분합니다.
   위치: System.Windows.StaticResourceExtension.ProvideValueInternal(IServiceProvider serviceProvider, Boolean allowDeferredReference)
   위치: System.Windows.Setter.ReceiveMarkupExtension(Object targetObject, XamlSetMarkupExtensionEventArgs eventArgs)
   위치: System.Xaml.XamlObjectWriter.Logic_ProvideValue(ObjectWriterContext ctx)
   위치: System.Xaml.XamlObjectWriter.Logic_AssignProvidedValue(ObjectWriterContext ctx)
   위치: System.Xaml.XamlObjectWriter.WriteEndMember()
   위치: System.Windows.Markup.WpfXamlLoader.TransformNodes(XamlReader xamlReader, XamlObjectWriter xamlWriter, Boolean onlyLoadOneNode, Boolean skipJournaledProperties, Boolean shouldPassLineNumberInfo, IXamlLineInfo xamlLineInfo, IXamlLineInfoConsumer xamlLineInfoConsumer, XamlContextStack`1 stack, IStyleConnector styleConnector)
   위치: System.Windows.Markup.WpfXamlLoader.Load(XamlReader xamlReader, IXamlObjectWriterFactory writerFactory, Boolean skipJournaledProperties, Object rootObject, XamlObjectWriterSettings settings, Uri baseUri)
15:41:32.442 [E] WorkProcess(ExcuteProcess)[19] : 해당 Step이 존재하지 않습니다. [AXIS_Z_DOWN_ENTER]
15:41:32.486 [E] DashMainViewModel(MoveNext)[1] : 이름이 'xSelect'인 리소스를 찾을 수 없습니다. 리소스 이름은 대/소문자를 구분합니다. => System.Windows.Markup.XamlParseException: 이름이 'xSelect'인 리소스를 찾을 수 없습니다. 리소스 이름은 대/소문자를 구분합니다. ---> System.Exception: 이름이 'xSelect'인 리소스를 찾을 수 없습니다. 리소스 이름은 대/소문자를 구분합니다.
   위치: System.Windows.StaticResourceExtension.ProvideValueInternal(IServiceProvider serviceProvider, Boolean allowDeferredReference)
   위치: System.Windows.Setter.ReceiveMarkupExtension(Object targetObject, XamlSetMarkupExtensionEventArgs eventArgs)
   위치: System.Xaml.XamlObjectWriter.Logic_ProvideValue(ObjectWriterContext ctx)
   위치: System.Xaml.XamlObjectWriter.Logic_AssignProvidedValue(ObjectWriterContext ctx)
   위치: System.Xaml.XamlObjectWriter.WriteEndMember()
   위치: System.Windows.Markup.WpfXamlLoader.TransformNodes(XamlReader xamlReader, XamlObjectWriter xamlWriter, Boolean onlyLoadOneNode, Boolean skipJournaledProperties, Boolean shouldPassLineNumberInfo, IXamlLineInfo xamlLineInfo, IXamlLineInfoConsumer xamlLineInfoConsumer, XamlContextStack`1 stack, IStyleConnector styleConnector)
   위치: System.Windows.Markup.WpfXamlLoader.Load(XamlReader xamlReader, IXamlObjectWriterFactory writerFactory, Boolean skipJournaledProperties, Object rootObject, XamlObjectWriterSettings settings, Uri baseUri)
   --- 내부 예외 스택 추적의 끝 ---
   위치: System.Windows.Markup.XamlReader.RewrapException(Exception e, IXamlLineInfo lineInfo, Uri baseUri)
   위치: System.Windows.FrameworkTemplate.LoadTemplateXaml(XamlReader templateReader, XamlObjectWriter currentWriter)
   위치: System.Windows.FrameworkTemplate.LoadTemplateXaml(XamlObjectWriter objectWriter)
   위치: System.Windows.FrameworkTemplate.LoadOptimizedTemplateContent(DependencyObject container, IComponentConnector componentConnector, IStyleConnector styleConnector, List`1 affectedChildren, UncommonField`1 templatedNonFeChildrenField)
   위치: System.Windows.FrameworkTemplate.LoadContent(DependencyObject container, List`1 affectedChildren)
   위치: System.Windows.StyleHelper.ApplyTemplateContent(UncommonField`1 dataField, DependencyObject container, FrameworkElementFactory templateRoot, Int32 lastChildIndex, HybridDictionary childIndexFromChildID, FrameworkTemplate frameworkTemplate)
   위치: System.Windows.FrameworkTemplate.ApplyTemplateContent(UncommonField`1 templateDataField, FrameworkElement container)
   위치: System.Windows.FrameworkElement.ApplyTemplate()
   위치: System.Windows.FrameworkElement.MeasureCore(Size availableSize)
   위치: System.Windows.UIElement.Measure(Size availableSize)
   위치: System.Windows.Controls.StackPanel.StackMeasureHelper(IStackMeasure measureElement, IStackMeasureScrollData scrollData, Size constraint)
   위치: System.Windows.Controls.StackPanel.MeasureOverride(Size constraint)
   위치: System.Windows.FrameworkElement.MeasureCore(Size availableSize)
   위치: System.Windows.UIElement.Measure(Size availableSize)
   위치: System.Windows.Controls.Grid.MeasureCell(Int32 cell, Boolean forceInfinityV)
   위치: System.Windows.Controls.Grid.MeasureCellsGroup(Int32 cellsHead, Size referenceSize, Boolean ignoreDesiredSizeU, Boolean forceInfinityV, Boolean& hasDesiredSizeUChanged)
   위치: System.Windows.Controls.Grid.MeasureOverride(Size constraint)
   위치: System.Windows.FrameworkElement.MeasureCore(Size availableSize)
   위치: System.Windows.UIElement.Measure(Size availableSize)
   위치: MS.Internal.Helper.MeasureElementWithSingleChild(UIElement element, Size constraint)
   위치: System.Windows.Controls.ContentPresenter.MeasureOverride(Size constraint)
   위치: System.Windows.FrameworkElement.MeasureCore(Size availableSize)
   위치: System.Windows.UIElement.Measure(Size availableSize)
   위치: System.Windows.Controls.Grid.MeasureOverride(Size constraint)
   위치: System.Windows.FrameworkElement.MeasureCore(Size availableSize)
   위치: System.Windows.UIElement.Measure(Size availableSize)
   위치: System.Windows.Controls.Border.MeasureOverride(Size constraint)
   위치: System.Windows.FrameworkElement.MeasureCore(Size availableSize)
   위치: System.Windows.UIElement.Measure(Size availableSize)
   위치: System.Windows.Controls.Control.MeasureOverride(Size constraint)
   위치: System.Windows.FrameworkElement.MeasureCore(Size availableSize)
   위치: System.Windows.UIElement.Measure(Size availableSize)
   위치: MS.Internal.Helper.MeasureElementWithSingleChild(UIElement element, Size constraint)
   위치: System.Windows.Controls.ContentPresenter.MeasureOverride(Size constraint)
   위치: System.Windows.FrameworkElement.MeasureCore(Size availableSize)
   위치: System.Windows.UIElement.Measure(Size availableSize)
   위치: System.Windows.Documents.AdornerDecorator.MeasureOverride(Size constraint)
   위치: System.Windows.FrameworkElement.MeasureCore(Size availableSize)
   위치: System.Windows.UIElement.Measure(Size availableSize)
   위치: System.Windows.Controls.Border.MeasureOverride(Size constraint)
   위치: System.Windows.FrameworkElement.MeasureCore(Size availableSize)
   위치: System.Windows.UIElement.Measure(Size availableSize)
   위치: System.Windows.Window.MeasureOverrideHelper(Size constraint)
   위치: System.Windows.Window.MeasureOverride(Size availableSize)
   위치: System.Windows.FrameworkElement.MeasureCore(Size availableSize)
   위치: System.Windows.UIElement.Measure(Size availableSize)
   위치: System.Windows.Interop.HwndSource.SetLayoutSize()
   위치: System.Windows.Interop.HwndSource.set_RootVisualInternal(Visual value)
   위치: System.Windows.Window.SetRootVisual()
   위치: System.Windows.Window.SetRootVisualAndUpdateSTC()
   위치: System.Windows.Window.SetupInitialState(Double requestedTop, Double requestedLeft, Double requestedWidth, Double requestedHeight)
   위치: System.Windows.Window.CreateSourceWindow(Boolean duringShow)
   위치: System.Windows.Window.ShowHelper(Object booleanBox)
   위치: System.Windows.Window.ShowDialog()
   위치: TS.FW.Wpf.Controls.Pu.MsgBox.ShowMsg(String message, Boolean isYesNo) 파일 C:\000.Source\_TS.FW\TS.FW\TS.FW.Wpf\Controls\Pu\MsgBox.xaml.cs:줄 74
   위치: WILL.WT.PINFORCE.ViewModels.Pages.DashBoard.DashMainViewModel.<OnCommand>d__22.MoveNext() 파일 C:\000.Source\WILL.WT.PINFORCE\WILL.WT.PINFORCE\ViewModels\Pages\DashBoard\DashMainViewModel.cs:줄 98
이름이 'xSelect'인 리소스를 찾을 수 없습니다. 리소스 이름은 대/소문자를 구분합니다. => System.Exception: 이름이 'xSelect'인 리소스를 찾을 수 없습니다. 리소스 이름은 대/소문자를 구분합니다.
   위치: System.Windows.StaticResourceExtension.ProvideValueInternal(IServiceProvider serviceProvider, Boolean allowDeferredReference)
   위치: System.Windows.Setter.ReceiveMarkupExtension(Object targetObject, XamlSetMarkupExtensionEventArgs eventArgs)
   위치: System.Xaml.XamlObjectWriter.Logic_ProvideValue(ObjectWriterContext ctx)
   위치: System.Xaml.XamlObjectWriter.Logic_AssignProvidedValue(ObjectWriterContext ctx)
   위치: System.Xaml.XamlObjectWriter.WriteEndMember()
   위치: System.Windows.Markup.WpfXamlLoader.TransformNodes(XamlReader xamlReader, XamlObjectWriter xamlWriter, Boolean onlyLoadOneNode, Boolean skipJournaledProperties, Boolean shouldPassLineNumberInfo, IXamlLineInfo xamlLineInfo, IXamlLineInfoConsumer xamlLineInfoConsumer, XamlContextStack`1 stack, IStyleConnector styleConnector)
   위치: System.Windows.Markup.WpfXamlLoader.Load(XamlReader xamlReader, IXamlObjectWriterFactory writerFactory, Boolean skipJournaledProperties, Object rootObject, XamlObjectWriterSettings settings, Uri baseUri)
15:41:50.393 [I] MainViewModel(ProgramStart)[1] : 프로그램 시작(v 1.0.0.0) =====================
15:42:28.910 [E] WorkProcess(ExcuteProcess)[15] : 해당 Step이 존재하지 않습니다. [AXIS_Z_DOWN_ENTER]
15:42:59.402 [E] DashMainViewModel(MoveNext)[1] : 이름이 'xSelect'인 리소스를 찾을 수 없습니다. 리소스 이름은 대/소문자를 구분합니다. => System.Windows.Markup.XamlParseException: 이름이 'xSelect'인 리소스를 찾을 수 없습니다. 리소스 이름은 대/소문자를 구분합니다. ---> System.Exception: 이름이 'xSelect'인 리소스를 찾을 수 없습니다. 리소스 이름은 대/소문자를 구분합니다.
   위치: System.Windows.StaticResourceExtension.ProvideValueInternal(IServiceProvider serviceProvider, Boolean allowDeferredReference)
   위치: System.Windows.Setter.ReceiveMarkupExtension(Object targetObject, XamlSetMarkupExtensionEventArgs eventArgs)
   위치: System.Xaml.XamlObjectWriter.Logic_ProvideValue(ObjectWriterContext ctx)
   위치: System.Xaml.XamlObjectWriter.Logic_AssignProvidedValue(ObjectWriterContext ctx)
   위치: System.Xaml.XamlObjectWriter.WriteEndMember()
   위치: System.Windows.Markup.WpfXamlLoader.TransformNodes(XamlReader xamlReader, XamlObjectWriter xamlWriter, Boolean onlyLoadOneNode, Boolean skipJournaledProperties, Boolean shouldPassLineNumberInfo, IXamlLineInfo xamlLineInfo, IXamlLineInfoConsumer xamlLineInfoConsumer, XamlContextStack`1 stack, IStyleConnector styleConnector)
   위치: System.Windows.Markup.WpfXamlLoader.Load(XamlReader xamlReader, IXamlObjectWriterFactory writerFactory, Boolean skipJournaledProperties, Object rootObject, XamlObjectWriterSettings settings, Uri baseUri)
   --- 내부 예외 스택 추적의 끝 ---
   위치: System.Windows.Markup.XamlReader.RewrapException(Exception e, IXamlLineInfo lineInfo, Uri baseUri)
   위치: System.Windows.FrameworkTemplate.LoadTemplateXaml(XamlReader templateReader, XamlObjectWriter currentWriter)
   위치: System.Windows.FrameworkTemplate.LoadTemplateXaml(XamlObjectWriter objectWriter)
   위치: System.Windows.FrameworkTemplate.LoadOptimizedTemplateContent(DependencyObject container, IComponentConnector componentConnector, IStyleConnector styleConnector, List`1 affectedChildren, UncommonField`1 templatedNonFeChildrenField)
   위치: System.Windows.FrameworkTemplate.LoadContent(DependencyObject container, List`1 affectedChildren)
   위치: System.Windows.StyleHelper.ApplyTemplateContent(UncommonField`1 dataField, DependencyObject container, FrameworkElementFactory templateRoot, Int32 lastChildIndex, HybridDictionary childIndexFromChildID, FrameworkTemplate frameworkTemplate)
   위치: System.Windows.FrameworkTemplate.ApplyTemplateContent(UncommonField`1 templateDataField, FrameworkElement container)
   위치: System.Windows.FrameworkElement.ApplyTemplate()
   위치: System.Windows.FrameworkElement.MeasureCore(Size availableSize)
   위치: System.Windows.UIElement.Measure(Size availableSize)
   위치: System.Windows.Controls.StackPanel.StackMeasureHelper(IStackMeasure measureElement, IStackMeasureScrollData scrollData, Size constraint)
   위치: System.Windows.Controls.StackPanel.MeasureOverride(Size constraint)
   위치: System.Windows.FrameworkElement.MeasureCore(Size availableSize)
   위치: System.Windows.UIElement.Measure(Size availableSize)
   위치: System.Windows.Controls.Grid.MeasureCell(Int32 cell, Boolean forceInfinityV)
   위치: System.Windows.Controls.Grid.MeasureCellsGroup(Int32 cellsHead, Size referenceSize, Boolean ignoreDesiredSizeU, Boolean forceInfinityV, Boolean& hasDesiredSizeUChanged)
   위치: System.Windows.Controls.Grid.MeasureOverride(Size constraint)
   위치: System.Windows.FrameworkElement.MeasureCore(Size availableSize)
   위치: System.Windows.UIElement.Measure(Size availableSize)
   위치: MS.Internal.Helper.MeasureElementWithSingleChild(UIElement element, Size constraint)
   위치: System.Windows.Controls.ContentPresenter.MeasureOverride(Size constraint)
   위치: System.Windows.FrameworkElement.MeasureCore(Size availableSize)
   위치: System.Windows.UIElement.Measure(Size availableSize)
   위치: System.Windows.Controls.Grid.MeasureOverride(Size constraint)
   위치: System.Windows.FrameworkElement.MeasureCore(Size availableSize)
   위치: System.Windows.UIElement.Measure(Size availableSize)
   위치: System.Windows.Controls.Border.MeasureOverride(Size constraint)
   위치: System.Windows.FrameworkElement.MeasureCore(Size availableSize)
   위치: System.Windows.UIElement.Measure(Size availableSize)
   위치: System.Windows.Controls.Control.MeasureOverride(Size constraint)
   위치: System.Windows.FrameworkElement.MeasureCore(Size availableSize)
   위치: System.Windows.UIElement.Measure(Size availableSize)
   위치: MS.Internal.Helper.MeasureElementWithSingleChild(UIElement element, Size constraint)
   위치: System.Windows.Controls.ContentPresenter.MeasureOverride(Size constraint)
   위치: System.Windows.FrameworkElement.MeasureCore(Size availableSize)
   위치: System.Windows.UIElement.Measure(Size availableSize)
   위치: System.Windows.Documents.AdornerDecorator.MeasureOverride(Size constraint)
   위치: System.Windows.FrameworkElement.MeasureCore(Size availableSize)
   위치: System.Windows.UIElement.Measure(Size availableSize)
   위치: System.Windows.Controls.Border.MeasureOverride(Size constraint)
   위치: System.Windows.FrameworkElement.MeasureCore(Size availableSize)
   위치: System.Windows.UIElement.Measure(Size availableSize)
   위치: System.Windows.Window.MeasureOverrideHelper(Size constraint)
   위치: System.Windows.Window.MeasureOverride(Size availableSize)
   위치: System.Windows.FrameworkElement.MeasureCore(Size availableSize)
   위치: System.Windows.UIElement.Measure(Size availableSize)
   위치: System.Windows.Interop.HwndSource.SetLayoutSize()
   위치: System.Windows.Interop.HwndSource.set_RootVisualInternal(Visual value)
   위치: System.Windows.Window.SetRootVisual()
   위치: System.Windows.Window.SetRootVisualAndUpdateSTC()
   위치: System.Windows.Window.SetupInitialState(Double requestedTop, Double requestedLeft, Double requestedWidth, Double requestedHeight)
   위치: System.Windows.Window.CreateSourceWindow(Boolean duringShow)
   위치: System.Windows.Window.ShowHelper(Object booleanBox)
   위치: System.Windows.Window.ShowDialog()
   위치: TS.FW.Wpf.Controls.Pu.MsgBox.ShowMsg(String message, Boolean isYesNo) 파일 C:\000.Source\_TS.FW\TS.FW\TS.FW.Wpf\Controls\Pu\MsgBox.xaml.cs:줄 74
   위치: WILL.WT.PINFORCE.ViewModels.Pages.DashBoard.DashMainViewModel.<OnCommand>d__22.MoveNext() 파일 C:\000.Source\WILL.WT.PINFORCE\WILL.WT.PINFORCE\ViewModels\Pages\DashBoard\DashMainViewModel.cs:줄 98
이름이 'xSelect'인 리소스를 찾을 수 없습니다. 리소스 이름은 대/소문자를 구분합니다. => System.Exception: 이름이 'xSelect'인 리소스를 찾을 수 없습니다. 리소스 이름은 대/소문자를 구분합니다.
   위치: System.Windows.StaticResourceExtension.ProvideValueInternal(IServiceProvider serviceProvider, Boolean allowDeferredReference)
   위치: System.Windows.Setter.ReceiveMarkupExtension(Object targetObject, XamlSetMarkupExtensionEventArgs eventArgs)
   위치: System.Xaml.XamlObjectWriter.Logic_ProvideValue(ObjectWriterContext ctx)
   위치: System.Xaml.XamlObjectWriter.Logic_AssignProvidedValue(ObjectWriterContext ctx)
   위치: System.Xaml.XamlObjectWriter.WriteEndMember()
   위치: System.Windows.Markup.WpfXamlLoader.TransformNodes(XamlReader xamlReader, XamlObjectWriter xamlWriter, Boolean onlyLoadOneNode, Boolean skipJournaledProperties, Boolean shouldPassLineNumberInfo, IXamlLineInfo xamlLineInfo, IXamlLineInfoConsumer xamlLineInfoConsumer, XamlContextStack`1 stack, IStyleConnector styleConnector)
   위치: System.Windows.Markup.WpfXamlLoader.Load(XamlReader xamlReader, IXamlObjectWriterFactory writerFactory, Boolean skipJournaledProperties, Object rootObject, XamlObjectWriterSettings settings, Uri baseUri)
15:43:48.215 [E] WorkProcess(ExcuteProcess)[16] : 해당 Step이 존재하지 않습니다. [AXIS_Z_DOWN_ENTER]
15:43:56.560 [E] DashMainViewModel(MoveNext)[1] : ''TS.FW.Wpf.Controls.IconControl' 초기화에서 예외가 throw되었습니다.' 줄 번호 '40' 및 줄 위치 '40' => System.Windows.Markup.XamlParseException: ''TS.FW.Wpf.Controls.IconControl' 초기화에서 예외가 throw되었습니다.' 줄 번호 '40' 및 줄 위치 '40' ---> System.InvalidOperationException: 같은 인스턴스에 중첩된 BeginInit 호출이 있을 수 없습니다.
   위치: System.Windows.FrameworkElement.BeginInit()
   위치: MS.Internal.Xaml.Runtime.ClrObjectRuntime.InitializationGuard(XamlType xamlType, Object obj, Boolean begin)
   --- 내부 예외 스택 추적의 끝 ---
   위치: System.Windows.Markup.XamlReader.RewrapException(Exception e, IXamlLineInfo lineInfo, Uri baseUri)
   위치: System.Windows.FrameworkTemplate.LoadTemplateXaml(XamlReader templateReader, XamlObjectWriter currentWriter)
   위치: System.Windows.FrameworkTemplate.LoadTemplateXaml(XamlObjectWriter objectWriter)
   위치: System.Windows.FrameworkTemplate.LoadOptimizedTemplateContent(DependencyObject container, IComponentConnector componentConnector, IStyleConnector styleConnector, List`1 affectedChildren, UncommonField`1 templatedNonFeChildrenField)
   위치: System.Windows.FrameworkTemplate.LoadContent(DependencyObject container, List`1 affectedChildren)
   위치: System.Windows.StyleHelper.ApplyTemplateContent(UncommonField`1 dataField, DependencyObject container, FrameworkElementFactory templateRoot, Int32 lastChildIndex, HybridDictionary childIndexFromChildID, FrameworkTemplate frameworkTemplate)
   위치: System.Windows.FrameworkTemplate.ApplyTemplateContent(UncommonField`1 templateDataField, FrameworkElement container)
   위치: System.Windows.FrameworkElement.ApplyTemplate()
   위치: System.Windows.FrameworkElement.MeasureCore(Size availableSize)
   위치: System.Windows.UIElement.Measure(Size availableSize)
   위치: System.Windows.Controls.StackPanel.StackMeasureHelper(IStackMeasure measureElement, IStackMeasureScrollData scrollData, Size constraint)
   위치: System.Windows.Controls.StackPanel.MeasureOverride(Size constraint)
   위치: System.Windows.FrameworkElement.MeasureCore(Size availableSize)
   위치: System.Windows.UIElement.Measure(Size availableSize)
   위치: System.Windows.Controls.Grid.MeasureCell(Int32 cell, Boolean forceInfinityV)
   위치: System.Windows.Controls.Grid.MeasureCellsGroup(Int32 cellsHead, Size referenceSize, Boolean ignoreDesiredSizeU, Boolean forceInfinityV, Boolean& hasDesiredSizeUChanged)
   위치: System.Windows.Controls.Grid.MeasureOverride(Size constraint)
   위치: System.Windows.FrameworkElement.MeasureCore(Size availableSize)
   위치: System.Windows.UIElement.Measure(Size availableSize)
   위치: MS.Internal.Helper.MeasureElementWithSingleChild(UIElement element, Size constraint)
   위치: System.Windows.Controls.ContentPresenter.MeasureOverride(Size constraint)
   위치: System.Windows.FrameworkElement.MeasureCore(Size availableSize)
   위치: System.Windows.UIElement.Measure(Size availableSize)
   위치: System.Windows.Controls.Grid.MeasureOverride(Size constraint)
   위치: System.Windows.FrameworkElement.MeasureCore(Size availableSize)
   위치: System.Windows.UIElement.Measure(Size availableSize)
   위치: System.Windows.Controls.Border.MeasureOverride(Size constraint)
   위치: System.Windows.FrameworkElement.MeasureCore(Size availableSize)
   위치: System.Windows.UIElement.Measure(Size availableSize)
   위치: System.Windows.Controls.Control.MeasureOverride(Size constraint)
   위치: System.Windows.FrameworkElement.MeasureCore(Size availableSize)
   위치: System.Windows.UIElement.Measure(Size availableSize)
   위치: MS.Internal.Helper.MeasureElementWithSingleChild(UIElement element, Size constraint)
   위치: System.Windows.Controls.ContentPresenter.MeasureOverride(Size constraint)
   위치: System.Windows.FrameworkElement.MeasureCore(Size availableSize)
   위치: System.Windows.UIElement.Measure(Size availableSize)
   위치: System.Windows.Documents.AdornerDecorator.MeasureOverride(Size constraint)
   위치: System.Windows.FrameworkElement.MeasureCore(Size availableSize)
   위치: System.Windows.UIElement.Measure(Size availableSize)
   위치: System.Windows.Controls.Border.MeasureOverride(Size constraint)
   위치: System.Windows.FrameworkElement.MeasureCore(Size availableSize)
   위치: System.Windows.UIElement.Measure(Size availableSize)
   위치: System.Windows.Window.MeasureOverrideHelper(Size constraint)
   위치: System.Windows.Window.MeasureOverride(Size availableSize)
   위치: System.Windows.FrameworkElement.MeasureCore(Size availableSize)
   위치: System.Windows.UIElement.Measure(Size availableSize)
   위치: System.Windows.Interop.HwndSource.SetLayoutSize()
   위치: System.Windows.Interop.HwndSource.set_RootVisualInternal(Visual value)
   위치: System.Windows.Window.SetRootVisual()
   위치: System.Windows.Window.SetRootVisualAndUpdateSTC()
   위치: System.Windows.Window.SetupInitialState(Double requestedTop, Double requestedLeft, Double requestedWidth, Double requestedHeight)
   위치: System.Windows.Window.CreateSourceWindow(Boolean duringShow)
   위치: System.Windows.Window.ShowHelper(Object booleanBox)
   위치: System.Windows.Window.ShowDialog()
   위치: TS.FW.Wpf.Controls.Pu.MsgBox.ShowMsg(String message, Boolean isYesNo) 파일 C:\000.Source\_TS.FW\TS.FW\TS.FW.Wpf\Controls\Pu\MsgBox.xaml.cs:줄 74
   위치: WILL.WT.PINFORCE.ViewModels.Pages.DashBoard.DashMainViewModel.<OnCommand>d__22.MoveNext() 파일 C:\000.Source\WILL.WT.PINFORCE\WILL.WT.PINFORCE\ViewModels\Pages\DashBoard\DashMainViewModel.cs:줄 98
같은 인스턴스에 중첩된 BeginInit 호출이 있을 수 없습니다. => System.InvalidOperationException: 같은 인스턴스에 중첩된 BeginInit 호출이 있을 수 없습니다.
   위치: System.Windows.FrameworkElement.BeginInit()
   위치: MS.Internal.Xaml.Runtime.ClrObjectRuntime.InitializationGuard(XamlType xamlType, Object obj, Boolean begin)
15:44:06.690 [I] MainViewModel(ProgramStart)[1] : 프로그램 시작(v 1.0.0.0) =====================
15:44:17.686 [E] MainViewModel(System_OnInterlockCheckEvent)[1] : 프로그램을 실행하시겠습니까?
15:44:17.688 [E] WorkProcess(ExcuteProcess)[20] : 해당 Step이 존재하지 않습니다. [AXIS_Z_DOWN_ENTER]
15:46:53.516 [E] MainViewModel(System_OnInterlockCheckEvent)[1] : 프로그램을 실행하시겠습니까?
15:46:53.518 [E] WorkProcess(ExcuteProcess)[20] : 해당 Step이 존재하지 않습니다. [AXIS_Z_DOWN_ENTER]
15:47:15.216 [I] MainViewModel(OnCommand)[1] : 프로그램 종료(v 1.0.0.0) =====================
15:47:22.063 [I] MainViewModel(ProgramStart)[1] : 프로그램 시작(v 1.0.0.0) =====================
15:47:34.128 [E] MainViewModel(System_OnInterlockCheckEvent)[1] : 프로그램을 실행하시겠습니까?
15:47:34.129 [E] WorkProcess(ExcuteProcess)[17] : 해당 Step이 존재하지 않습니다. [AXIS_Z_DOWN_ENTER]
15:47:35.071 [E] DashMainViewModel(MoveNext)[1] : 개체 참조가 개체의 인스턴스로 설정되지 않았습니다. => System.NullReferenceException: 개체 참조가 개체의 인스턴스로 설정되지 않았습니다.
   위치: WILL.WT.PINFORCE.ViewModels.Pages.DashBoard.DashMainViewModel.<OnCommand>d__25.MoveNext() 파일 C:\000.Source\WILL.WT.PINFORCE\WILL.WT.PINFORCE\ViewModels\Pages\DashBoard\DashMainViewModel.cs:줄 102
15:47:37.441 [E] WorkProcess(ExcuteProcess)[17] : 해당 Step이 존재하지 않습니다. [AXIS_Z_DOWN_ENTER]
15:47:37.441 [E] MainViewModel(System_OnInterlockCheckEvent)[1] : 프로그램을 실행하시겠습니까?
15:47:38.635 [E] DashMainViewModel(MoveNext)[1] : 개체 참조가 개체의 인스턴스로 설정되지 않았습니다. => System.NullReferenceException: 개체 참조가 개체의 인스턴스로 설정되지 않았습니다.
   위치: WILL.WT.PINFORCE.ViewModels.Pages.DashBoard.DashMainViewModel.<OnCommand>d__25.MoveNext() 파일 C:\000.Source\WILL.WT.PINFORCE\WILL.WT.PINFORCE\ViewModels\Pages\DashBoard\DashMainViewModel.cs:줄 102
15:47:53.836 [I] MainViewModel(OnCommand)[1] : 프로그램 종료(v 1.0.0.0) =====================
15:47:58.145 [I] MainViewModel(ProgramStart)[1] : 프로그램 시작(v 1.0.0.0) =====================
15:48:11.150 [E] MainViewModel(System_OnInterlockCheckEvent)[1] : 프로그램을 실행하시겠습니까?
15:48:11.150 [E] WorkProcess(ExcuteProcess)[17] : 해당 Step이 존재하지 않습니다. [AXIS_Z_DOWN_ENTER]
15:48:12.173 [E] DashMainViewModel(MoveNext)[1] : 개체 참조가 개체의 인스턴스로 설정되지 않았습니다. => System.NullReferenceException: 개체 참조가 개체의 인스턴스로 설정되지 않았습니다.
   위치: WILL.WT.PINFORCE.ViewModels.Pages.DashBoard.DashMainViewModel.<OnCommand>d__25.MoveNext() 파일 C:\000.Source\WILL.WT.PINFORCE\WILL.WT.PINFORCE\ViewModels\Pages\DashBoard\DashMainViewModel.cs:줄 102
15:48:16.623 [I] MainViewModel(OnCommand)[1] : 프로그램 종료(v 1.0.0.0) =====================
15:48:32.306 [I] MainViewModel(ProgramStart)[1] : 프로그램 시작(v 1.0.0.0) =====================
15:48:37.853 [E] MainViewModel(System_OnInterlockCheckEvent)[1] : 프로그램을 실행하시겠습니까?
15:48:37.854 [E] WorkProcess(ExcuteProcess)[17] : 해당 Step이 존재하지 않습니다. [AXIS_Z_DOWN_ENTER]
15:57:09.363 [I] MainViewModel(ProgramStart)[1] : 프로그램 시작(v 1.0.0.0) =====================
15:57:15.119 [E] MainViewModel(System_OnInterlockCheckEvent)[1] : 프로그램을 실행하시겠습니까?
15:57:15.120 [E] WorkProcess(ExcuteProcess)[17] : 해당 Step이 존재하지 않습니다. [AXIS_Z_DOWN_ENTER]
15:57:37.294 [I] MainViewModel(OnCommand)[1] : 프로그램 종료(v 1.0.0.0) =====================
15:57:41.408 [I] MainViewModel(ProgramStart)[1] : 프로그램 시작(v 1.0.0.0) =====================
15:57:47.866 [E] MainViewModel(System_OnInterlockCheckEvent)[1] : 프로그램을 실행하시겠습니까?
15:57:47.867 [E] WorkProcess(ExcuteProcess)[16] : 해당 Step이 존재하지 않습니다. [AXIS_Z_DOWN_ENTER]
15:57:52.484 [I] MainViewModel(OnCommand)[1] : 프로그램 종료(v 1.0.0.0) =====================
15:59:08.339 [I] MainViewModel(ProgramStart)[1] : 프로그램 시작(v 1.0.0.0) =====================
15:59:16.458 [E] MainViewModel(System_OnInterlockCheckEvent)[1] : 프로그램을 실행하시겠습니까?
15:59:16.459 [E] WorkProcess(ExcuteProcess)[17] : 해당 Step이 존재하지 않습니다. [AXIS_Z_DOWN_ENTER]
