10:00:01.500 [E] SystemManager(System_OnInterlockMsgEvent)[1] : 레시피가 선택되지 않았습니다.
10:00:50.646 [I] MainViewModel(ProgramStart)[1] : 프로그램 시작(v 1.0.0.0) =====================
10:00:55.474 [E] SystemManager(System_OnInterlockMsgEvent)[1] : 레시피가 선택되지 않았습니다.
10:28:13.086 [I] MainViewModel(ProgramStart)[1] : 프로그램 시작(v 1.0.0.0) =====================
10:28:28.171 [E] SystemManager(System_OnInterlockMsgEvent)[1] : 레시피가 선택되지 않았습니다.
10:28:29.430 [E] DashMainViewModel(MoveNext)[1] : 이름이 'xSelect'인 리소스를 찾을 수 없습니다. 리소스 이름은 대/소문자를 구분합니다. => System.Windows.Markup.XamlParseException: 이름이 'xSelect'인 리소스를 찾을 수 없습니다. 리소스 이름은 대/소문자를 구분합니다. ---> System.Exception: 이름이 'xSelect'인 리소스를 찾을 수 없습니다. 리소스 이름은 대/소문자를 구분합니다.
   위치: System.Windows.StaticResourceExtension.ProvideValueInternal(IServiceProvider serviceProvider, Boolean allowDeferredReference)
   위치: System.Windows.Setter.ReceiveMarkupExtension(Object targetObject, XamlSetMarkupExtensionEventArgs eventArgs)
   위치: System.Xaml.XamlObjectWriter.Logic_ProvideValue(ObjectWriterContext ctx)
   위치: System.Xaml.XamlObjectWriter.Logic_AssignProvidedValue(ObjectWriterContext ctx)
   위치: System.Xaml.XamlObjectWriter.WriteEndMember()
   위치: System.Windows.Markup.WpfXamlLoader.TransformNodes(XamlReader xamlReader, XamlObjectWriter xamlWriter, Boolean onlyLoadOneNode, Boolean skipJournaledProperties, Boolean shouldPassLineNumberInfo, IXamlLineInfo xamlLineInfo, IXamlLineInfoConsumer xamlLineInfoConsumer, XamlContextStack`1 stack, IStyleConnector styleConnector)
   위치: System.Windows.Markup.WpfXamlLoader.Load(XamlReader xamlReader, IXamlObjectWriterFactory writerFactory, Boolean skipJournaledProperties, Object rootObject, XamlObjectWriterSettings settings, Uri baseUri)
   --- 내부 예외 스택 추적의 끝 ---
   위치: System.Windows.Markup.XamlReader.RewrapException(Exception e, IXamlLineInfo lineInfo, Uri baseUri)
   위치: System.Windows.FrameworkTemplate.LoadTemplateXaml(XamlReader templateReader, XamlObjectWriter currentWriter)
   위치: System.Windows.FrameworkTemplate.LoadTemplateXaml(XamlObjectWriter objectWriter)
   위치: System.Windows.FrameworkTemplate.LoadOptimizedTemplateContent(DependencyObject container, IComponentConnector componentConnector, IStyleConnector styleConnector, List`1 affectedChildren, UncommonField`1 templatedNonFeChildrenField)
   위치: System.Windows.FrameworkTemplate.LoadContent(DependencyObject container, List`1 affectedChildren)
   위치: System.Windows.StyleHelper.ApplyTemplateContent(UncommonField`1 dataField, DependencyObject container, FrameworkElementFactory templateRoot, Int32 lastChildIndex, HybridDictionary childIndexFromChildID, FrameworkTemplate frameworkTemplate)
   위치: System.Windows.FrameworkTemplate.ApplyTemplateContent(UncommonField`1 templateDataField, FrameworkElement container)
   위치: System.Windows.FrameworkElement.ApplyTemplate()
   위치: System.Windows.FrameworkElement.MeasureCore(Size availableSize)
   위치: System.Windows.UIElement.Measure(Size availableSize)
   위치: System.Windows.Controls.StackPanel.StackMeasureHelper(IStackMeasure measureElement, IStackMeasureScrollData scrollData, Size constraint)
   위치: System.Windows.Controls.StackPanel.MeasureOverride(Size constraint)
   위치: System.Windows.FrameworkElement.MeasureCore(Size availableSize)
   위치: System.Windows.UIElement.Measure(Size availableSize)
   위치: System.Windows.Controls.Grid.MeasureCell(Int32 cell, Boolean forceInfinityV)
   위치: System.Windows.Controls.Grid.MeasureCellsGroup(Int32 cellsHead, Size referenceSize, Boolean ignoreDesiredSizeU, Boolean forceInfinityV, Boolean& hasDesiredSizeUChanged)
   위치: System.Windows.Controls.Grid.MeasureOverride(Size constraint)
   위치: System.Windows.FrameworkElement.MeasureCore(Size availableSize)
   위치: System.Windows.UIElement.Measure(Size availableSize)
   위치: MS.Internal.Helper.MeasureElementWithSingleChild(UIElement element, Size constraint)
   위치: System.Windows.Controls.ContentPresenter.MeasureOverride(Size constraint)
   위치: System.Windows.FrameworkElement.MeasureCore(Size availableSize)
   위치: System.Windows.UIElement.Measure(Size availableSize)
   위치: System.Windows.Controls.Grid.MeasureOverride(Size constraint)
   위치: System.Windows.FrameworkElement.MeasureCore(Size availableSize)
   위치: System.Windows.UIElement.Measure(Size availableSize)
   위치: System.Windows.Controls.Border.MeasureOverride(Size constraint)
   위치: System.Windows.FrameworkElement.MeasureCore(Size availableSize)
   위치: System.Windows.UIElement.Measure(Size availableSize)
   위치: System.Windows.Controls.Control.MeasureOverride(Size constraint)
   위치: System.Windows.FrameworkElement.MeasureCore(Size availableSize)
   위치: System.Windows.UIElement.Measure(Size availableSize)
   위치: MS.Internal.Helper.MeasureElementWithSingleChild(UIElement element, Size constraint)
   위치: System.Windows.Controls.ContentPresenter.MeasureOverride(Size constraint)
   위치: System.Windows.FrameworkElement.MeasureCore(Size availableSize)
   위치: System.Windows.UIElement.Measure(Size availableSize)
   위치: System.Windows.Documents.AdornerDecorator.MeasureOverride(Size constraint)
   위치: System.Windows.FrameworkElement.MeasureCore(Size availableSize)
   위치: System.Windows.UIElement.Measure(Size availableSize)
   위치: System.Windows.Controls.Border.MeasureOverride(Size constraint)
   위치: System.Windows.FrameworkElement.MeasureCore(Size availableSize)
   위치: System.Windows.UIElement.Measure(Size availableSize)
   위치: System.Windows.Window.MeasureOverrideHelper(Size constraint)
   위치: System.Windows.Window.MeasureOverride(Size availableSize)
   위치: System.Windows.FrameworkElement.MeasureCore(Size availableSize)
   위치: System.Windows.UIElement.Measure(Size availableSize)
   위치: System.Windows.Interop.HwndSource.SetLayoutSize()
   위치: System.Windows.Interop.HwndSource.set_RootVisualInternal(Visual value)
   위치: System.Windows.Window.SetRootVisual()
   위치: System.Windows.Window.SetRootVisualAndUpdateSTC()
   위치: System.Windows.Window.SetupInitialState(Double requestedTop, Double requestedLeft, Double requestedWidth, Double requestedHeight)
   위치: System.Windows.Window.CreateSourceWindow(Boolean duringShow)
   위치: System.Windows.Window.ShowHelper(Object booleanBox)
   위치: System.Windows.Window.ShowDialog()
   위치: TS.FW.Wpf.Controls.Pu.MsgBox.ShowMsg(String message, Boolean isYesNo) 파일 C:\000.Source\_TS.FW\TS.FW\TS.FW.Wpf\Controls\Pu\MsgBox.xaml.cs:줄 74
   위치: WILL.WT.PINFORCE.ViewModels.Pages.DashBoard.DashMainViewModel.<OnCommand>d__22.MoveNext() 파일 C:\000.Source\WILL.WT.PINFORCE\WILL.WT.PINFORCE\ViewModels\Pages\DashBoard\DashMainViewModel.cs:줄 96
이름이 'xSelect'인 리소스를 찾을 수 없습니다. 리소스 이름은 대/소문자를 구분합니다. => System.Exception: 이름이 'xSelect'인 리소스를 찾을 수 없습니다. 리소스 이름은 대/소문자를 구분합니다.
   위치: System.Windows.StaticResourceExtension.ProvideValueInternal(IServiceProvider serviceProvider, Boolean allowDeferredReference)
   위치: System.Windows.Setter.ReceiveMarkupExtension(Object targetObject, XamlSetMarkupExtensionEventArgs eventArgs)
   위치: System.Xaml.XamlObjectWriter.Logic_ProvideValue(ObjectWriterContext ctx)
   위치: System.Xaml.XamlObjectWriter.Logic_AssignProvidedValue(ObjectWriterContext ctx)
   위치: System.Xaml.XamlObjectWriter.WriteEndMember()
   위치: System.Windows.Markup.WpfXamlLoader.TransformNodes(XamlReader xamlReader, XamlObjectWriter xamlWriter, Boolean onlyLoadOneNode, Boolean skipJournaledProperties, Boolean shouldPassLineNumberInfo, IXamlLineInfo xamlLineInfo, IXamlLineInfoConsumer xamlLineInfoConsumer, XamlContextStack`1 stack, IStyleConnector styleConnector)
   위치: System.Windows.Markup.WpfXamlLoader.Load(XamlReader xamlReader, IXamlObjectWriterFactory writerFactory, Boolean skipJournaledProperties, Object rootObject, XamlObjectWriterSettings settings, Uri baseUri)
10:56:53.167 [I] MainViewModel(ProgramStart)[1] : 프로그램 시작(v 1.0.0.0) =====================
10:57:02.468 [E] SystemManager(System_OnInterlockMsgEvent)[1] : 레시피가 선택되지 않았습니다.
10:57:05.551 [E] DashMainViewModel(MoveNext)[1] : 이름이 'xSelect'인 리소스를 찾을 수 없습니다. 리소스 이름은 대/소문자를 구분합니다. => System.Windows.Markup.XamlParseException: 이름이 'xSelect'인 리소스를 찾을 수 없습니다. 리소스 이름은 대/소문자를 구분합니다. ---> System.Exception: 이름이 'xSelect'인 리소스를 찾을 수 없습니다. 리소스 이름은 대/소문자를 구분합니다.
   위치: System.Windows.StaticResourceExtension.ProvideValueInternal(IServiceProvider serviceProvider, Boolean allowDeferredReference)
   위치: System.Windows.Setter.ReceiveMarkupExtension(Object targetObject, XamlSetMarkupExtensionEventArgs eventArgs)
   위치: System.Xaml.XamlObjectWriter.Logic_ProvideValue(ObjectWriterContext ctx)
   위치: System.Xaml.XamlObjectWriter.Logic_AssignProvidedValue(ObjectWriterContext ctx)
   위치: System.Xaml.XamlObjectWriter.WriteEndMember()
   위치: System.Windows.Markup.WpfXamlLoader.TransformNodes(XamlReader xamlReader, XamlObjectWriter xamlWriter, Boolean onlyLoadOneNode, Boolean skipJournaledProperties, Boolean shouldPassLineNumberInfo, IXamlLineInfo xamlLineInfo, IXamlLineInfoConsumer xamlLineInfoConsumer, XamlContextStack`1 stack, IStyleConnector styleConnector)
   위치: System.Windows.Markup.WpfXamlLoader.Load(XamlReader xamlReader, IXamlObjectWriterFactory writerFactory, Boolean skipJournaledProperties, Object rootObject, XamlObjectWriterSettings settings, Uri baseUri)
   --- 내부 예외 스택 추적의 끝 ---
   위치: System.Windows.Markup.XamlReader.RewrapException(Exception e, IXamlLineInfo lineInfo, Uri baseUri)
   위치: System.Windows.FrameworkTemplate.LoadTemplateXaml(XamlReader templateReader, XamlObjectWriter currentWriter)
   위치: System.Windows.FrameworkTemplate.LoadTemplateXaml(XamlObjectWriter objectWriter)
   위치: System.Windows.FrameworkTemplate.LoadOptimizedTemplateContent(DependencyObject container, IComponentConnector componentConnector, IStyleConnector styleConnector, List`1 affectedChildren, UncommonField`1 templatedNonFeChildrenField)
   위치: System.Windows.FrameworkTemplate.LoadContent(DependencyObject container, List`1 affectedChildren)
   위치: System.Windows.StyleHelper.ApplyTemplateContent(UncommonField`1 dataField, DependencyObject container, FrameworkElementFactory templateRoot, Int32 lastChildIndex, HybridDictionary childIndexFromChildID, FrameworkTemplate frameworkTemplate)
   위치: System.Windows.FrameworkTemplate.ApplyTemplateContent(UncommonField`1 templateDataField, FrameworkElement container)
   위치: System.Windows.FrameworkElement.ApplyTemplate()
   위치: System.Windows.FrameworkElement.MeasureCore(Size availableSize)
   위치: System.Windows.UIElement.Measure(Size availableSize)
   위치: System.Windows.Controls.StackPanel.StackMeasureHelper(IStackMeasure measureElement, IStackMeasureScrollData scrollData, Size constraint)
   위치: System.Windows.Controls.StackPanel.MeasureOverride(Size constraint)
   위치: System.Windows.FrameworkElement.MeasureCore(Size availableSize)
   위치: System.Windows.UIElement.Measure(Size availableSize)
   위치: System.Windows.Controls.Grid.MeasureCell(Int32 cell, Boolean forceInfinityV)
   위치: System.Windows.Controls.Grid.MeasureCellsGroup(Int32 cellsHead, Size referenceSize, Boolean ignoreDesiredSizeU, Boolean forceInfinityV, Boolean& hasDesiredSizeUChanged)
   위치: System.Windows.Controls.Grid.MeasureOverride(Size constraint)
   위치: System.Windows.FrameworkElement.MeasureCore(Size availableSize)
   위치: System.Windows.UIElement.Measure(Size availableSize)
   위치: MS.Internal.Helper.MeasureElementWithSingleChild(UIElement element, Size constraint)
   위치: System.Windows.Controls.ContentPresenter.MeasureOverride(Size constraint)
   위치: System.Windows.FrameworkElement.MeasureCore(Size availableSize)
   위치: System.Windows.UIElement.Measure(Size availableSize)
   위치: System.Windows.Controls.Grid.MeasureOverride(Size constraint)
   위치: System.Windows.FrameworkElement.MeasureCore(Size availableSize)
   위치: System.Windows.UIElement.Measure(Size availableSize)
   위치: System.Windows.Controls.Border.MeasureOverride(Size constraint)
   위치: System.Windows.FrameworkElement.MeasureCore(Size availableSize)
   위치: System.Windows.UIElement.Measure(Size availableSize)
   위치: System.Windows.Controls.Control.MeasureOverride(Size constraint)
   위치: System.Windows.FrameworkElement.MeasureCore(Size availableSize)
   위치: System.Windows.UIElement.Measure(Size availableSize)
   위치: MS.Internal.Helper.MeasureElementWithSingleChild(UIElement element, Size constraint)
   위치: System.Windows.Controls.ContentPresenter.MeasureOverride(Size constraint)
   위치: System.Windows.FrameworkElement.MeasureCore(Size availableSize)
   위치: System.Windows.UIElement.Measure(Size availableSize)
   위치: System.Windows.Documents.AdornerDecorator.MeasureOverride(Size constraint)
   위치: System.Windows.FrameworkElement.MeasureCore(Size availableSize)
   위치: System.Windows.UIElement.Measure(Size availableSize)
   위치: System.Windows.Controls.Border.MeasureOverride(Size constraint)
   위치: System.Windows.FrameworkElement.MeasureCore(Size availableSize)
   위치: System.Windows.UIElement.Measure(Size availableSize)
   위치: System.Windows.Window.MeasureOverrideHelper(Size constraint)
   위치: System.Windows.Window.MeasureOverride(Size availableSize)
   위치: System.Windows.FrameworkElement.MeasureCore(Size availableSize)
   위치: System.Windows.UIElement.Measure(Size availableSize)
   위치: System.Windows.Interop.HwndSource.SetLayoutSize()
   위치: System.Windows.Interop.HwndSource.set_RootVisualInternal(Visual value)
   위치: System.Windows.Window.SetRootVisual()
   위치: System.Windows.Window.SetRootVisualAndUpdateSTC()
   위치: System.Windows.Window.SetupInitialState(Double requestedTop, Double requestedLeft, Double requestedWidth, Double requestedHeight)
   위치: System.Windows.Window.CreateSourceWindow(Boolean duringShow)
   위치: System.Windows.Window.ShowHelper(Object booleanBox)
   위치: System.Windows.Window.ShowDialog()
   위치: TS.FW.Wpf.Controls.Pu.MsgBox.ShowMsg(String message, Boolean isYesNo) 파일 C:\000.Source\_TS.FW\TS.FW\TS.FW.Wpf\Controls\Pu\MsgBox.xaml.cs:줄 74
   위치: WILL.WT.PINFORCE.ViewModels.Pages.DashBoard.DashMainViewModel.<OnCommand>d__22.MoveNext() 파일 C:\000.Source\WILL.WT.PINFORCE\WILL.WT.PINFORCE\ViewModels\Pages\DashBoard\DashMainViewModel.cs:줄 96
이름이 'xSelect'인 리소스를 찾을 수 없습니다. 리소스 이름은 대/소문자를 구분합니다. => System.Exception: 이름이 'xSelect'인 리소스를 찾을 수 없습니다. 리소스 이름은 대/소문자를 구분합니다.
   위치: System.Windows.StaticResourceExtension.ProvideValueInternal(IServiceProvider serviceProvider, Boolean allowDeferredReference)
   위치: System.Windows.Setter.ReceiveMarkupExtension(Object targetObject, XamlSetMarkupExtensionEventArgs eventArgs)
   위치: System.Xaml.XamlObjectWriter.Logic_ProvideValue(ObjectWriterContext ctx)
   위치: System.Xaml.XamlObjectWriter.Logic_AssignProvidedValue(ObjectWriterContext ctx)
   위치: System.Xaml.XamlObjectWriter.WriteEndMember()
   위치: System.Windows.Markup.WpfXamlLoader.TransformNodes(XamlReader xamlReader, XamlObjectWriter xamlWriter, Boolean onlyLoadOneNode, Boolean skipJournaledProperties, Boolean shouldPassLineNumberInfo, IXamlLineInfo xamlLineInfo, IXamlLineInfoConsumer xamlLineInfoConsumer, XamlContextStack`1 stack, IStyleConnector styleConnector)
   위치: System.Windows.Markup.WpfXamlLoader.Load(XamlReader xamlReader, IXamlObjectWriterFactory writerFactory, Boolean skipJournaledProperties, Object rootObject, XamlObjectWriterSettings settings, Uri baseUri)
10:57:06.911 [E] SystemManager(System_OnInterlockMsgEvent)[1] : 레시피가 선택되지 않았습니다.
10:57:07.733 [E] DashMainViewModel(MoveNext)[1] : 이름이 'xSelect'인 리소스를 찾을 수 없습니다. 리소스 이름은 대/소문자를 구분합니다. => System.Windows.Markup.XamlParseException: 이름이 'xSelect'인 리소스를 찾을 수 없습니다. 리소스 이름은 대/소문자를 구분합니다. ---> System.Exception: 이름이 'xSelect'인 리소스를 찾을 수 없습니다. 리소스 이름은 대/소문자를 구분합니다.
   위치: System.Windows.StaticResourceExtension.ProvideValueInternal(IServiceProvider serviceProvider, Boolean allowDeferredReference)
   위치: System.Windows.Setter.ReceiveMarkupExtension(Object targetObject, XamlSetMarkupExtensionEventArgs eventArgs)
   위치: System.Xaml.XamlObjectWriter.Logic_ProvideValue(ObjectWriterContext ctx)
   위치: System.Xaml.XamlObjectWriter.Logic_AssignProvidedValue(ObjectWriterContext ctx)
   위치: System.Xaml.XamlObjectWriter.WriteEndMember()
   위치: System.Windows.Markup.WpfXamlLoader.TransformNodes(XamlReader xamlReader, XamlObjectWriter xamlWriter, Boolean onlyLoadOneNode, Boolean skipJournaledProperties, Boolean shouldPassLineNumberInfo, IXamlLineInfo xamlLineInfo, IXamlLineInfoConsumer xamlLineInfoConsumer, XamlContextStack`1 stack, IStyleConnector styleConnector)
   위치: System.Windows.Markup.WpfXamlLoader.Load(XamlReader xamlReader, IXamlObjectWriterFactory writerFactory, Boolean skipJournaledProperties, Object rootObject, XamlObjectWriterSettings settings, Uri baseUri)
   --- 내부 예외 스택 추적의 끝 ---
   위치: System.Windows.Markup.XamlReader.RewrapException(Exception e, IXamlLineInfo lineInfo, Uri baseUri)
   위치: System.Windows.FrameworkTemplate.LoadTemplateXaml(XamlReader templateReader, XamlObjectWriter currentWriter)
   위치: System.Windows.FrameworkTemplate.LoadTemplateXaml(XamlObjectWriter objectWriter)
   위치: System.Windows.FrameworkTemplate.LoadOptimizedTemplateContent(DependencyObject container, IComponentConnector componentConnector, IStyleConnector styleConnector, List`1 affectedChildren, UncommonField`1 templatedNonFeChildrenField)
   위치: System.Windows.FrameworkTemplate.LoadContent(DependencyObject container, List`1 affectedChildren)
   위치: System.Windows.StyleHelper.ApplyTemplateContent(UncommonField`1 dataField, DependencyObject container, FrameworkElementFactory templateRoot, Int32 lastChildIndex, HybridDictionary childIndexFromChildID, FrameworkTemplate frameworkTemplate)
   위치: System.Windows.FrameworkTemplate.ApplyTemplateContent(UncommonField`1 templateDataField, FrameworkElement container)
   위치: System.Windows.FrameworkElement.ApplyTemplate()
   위치: System.Windows.FrameworkElement.MeasureCore(Size availableSize)
   위치: System.Windows.UIElement.Measure(Size availableSize)
   위치: System.Windows.Controls.StackPanel.StackMeasureHelper(IStackMeasure measureElement, IStackMeasureScrollData scrollData, Size constraint)
   위치: System.Windows.Controls.StackPanel.MeasureOverride(Size constraint)
   위치: System.Windows.FrameworkElement.MeasureCore(Size availableSize)
   위치: System.Windows.UIElement.Measure(Size availableSize)
   위치: System.Windows.Controls.Grid.MeasureCell(Int32 cell, Boolean forceInfinityV)
   위치: System.Windows.Controls.Grid.MeasureCellsGroup(Int32 cellsHead, Size referenceSize, Boolean ignoreDesiredSizeU, Boolean forceInfinityV, Boolean& hasDesiredSizeUChanged)
   위치: System.Windows.Controls.Grid.MeasureOverride(Size constraint)
   위치: System.Windows.FrameworkElement.MeasureCore(Size availableSize)
   위치: System.Windows.UIElement.Measure(Size availableSize)
   위치: MS.Internal.Helper.MeasureElementWithSingleChild(UIElement element, Size constraint)
   위치: System.Windows.Controls.ContentPresenter.MeasureOverride(Size constraint)
   위치: System.Windows.FrameworkElement.MeasureCore(Size availableSize)
   위치: System.Windows.UIElement.Measure(Size availableSize)
   위치: System.Windows.Controls.Grid.MeasureOverride(Size constraint)
   위치: System.Windows.FrameworkElement.MeasureCore(Size availableSize)
   위치: System.Windows.UIElement.Measure(Size availableSize)
   위치: System.Windows.Controls.Border.MeasureOverride(Size constraint)
   위치: System.Windows.FrameworkElement.MeasureCore(Size availableSize)
   위치: System.Windows.UIElement.Measure(Size availableSize)
   위치: System.Windows.Controls.Control.MeasureOverride(Size constraint)
   위치: System.Windows.FrameworkElement.MeasureCore(Size availableSize)
   위치: System.Windows.UIElement.Measure(Size availableSize)
   위치: MS.Internal.Helper.MeasureElementWithSingleChild(UIElement element, Size constraint)
   위치: System.Windows.Controls.ContentPresenter.MeasureOverride(Size constraint)
   위치: System.Windows.FrameworkElement.MeasureCore(Size availableSize)
   위치: System.Windows.UIElement.Measure(Size availableSize)
   위치: System.Windows.Documents.AdornerDecorator.MeasureOverride(Size constraint)
   위치: System.Windows.FrameworkElement.MeasureCore(Size availableSize)
   위치: System.Windows.UIElement.Measure(Size availableSize)
   위치: System.Windows.Controls.Border.MeasureOverride(Size constraint)
   위치: System.Windows.FrameworkElement.MeasureCore(Size availableSize)
   위치: System.Windows.UIElement.Measure(Size availableSize)
   위치: System.Windows.Window.MeasureOverrideHelper(Size constraint)
   위치: System.Windows.Window.MeasureOverride(Size availableSize)
   위치: System.Windows.FrameworkElement.MeasureCore(Size availableSize)
   위치: System.Windows.UIElement.Measure(Size availableSize)
   위치: System.Windows.Interop.HwndSource.SetLayoutSize()
   위치: System.Windows.Interop.HwndSource.set_RootVisualInternal(Visual value)
   위치: System.Windows.Window.SetRootVisual()
   위치: System.Windows.Window.SetRootVisualAndUpdateSTC()
   위치: System.Windows.Window.SetupInitialState(Double requestedTop, Double requestedLeft, Double requestedWidth, Double requestedHeight)
   위치: System.Windows.Window.CreateSourceWindow(Boolean duringShow)
   위치: System.Windows.Window.ShowHelper(Object booleanBox)
   위치: System.Windows.Window.ShowDialog()
   위치: TS.FW.Wpf.Controls.Pu.MsgBox.ShowMsg(String message, Boolean isYesNo) 파일 C:\000.Source\_TS.FW\TS.FW\TS.FW.Wpf\Controls\Pu\MsgBox.xaml.cs:줄 74
   위치: WILL.WT.PINFORCE.ViewModels.Pages.DashBoard.DashMainViewModel.<OnCommand>d__22.MoveNext() 파일 C:\000.Source\WILL.WT.PINFORCE\WILL.WT.PINFORCE\ViewModels\Pages\DashBoard\DashMainViewModel.cs:줄 96
이름이 'xSelect'인 리소스를 찾을 수 없습니다. 리소스 이름은 대/소문자를 구분합니다. => System.Exception: 이름이 'xSelect'인 리소스를 찾을 수 없습니다. 리소스 이름은 대/소문자를 구분합니다.
   위치: System.Windows.StaticResourceExtension.ProvideValueInternal(IServiceProvider serviceProvider, Boolean allowDeferredReference)
   위치: System.Windows.Setter.ReceiveMarkupExtension(Object targetObject, XamlSetMarkupExtensionEventArgs eventArgs)
   위치: System.Xaml.XamlObjectWriter.Logic_ProvideValue(ObjectWriterContext ctx)
   위치: System.Xaml.XamlObjectWriter.Logic_AssignProvidedValue(ObjectWriterContext ctx)
   위치: System.Xaml.XamlObjectWriter.WriteEndMember()
   위치: System.Windows.Markup.WpfXamlLoader.TransformNodes(XamlReader xamlReader, XamlObjectWriter xamlWriter, Boolean onlyLoadOneNode, Boolean skipJournaledProperties, Boolean shouldPassLineNumberInfo, IXamlLineInfo xamlLineInfo, IXamlLineInfoConsumer xamlLineInfoConsumer, XamlContextStack`1 stack, IStyleConnector styleConnector)
   위치: System.Windows.Markup.WpfXamlLoader.Load(XamlReader xamlReader, IXamlObjectWriterFactory writerFactory, Boolean skipJournaledProperties, Object rootObject, XamlObjectWriterSettings settings, Uri baseUri)
10:57:11.317 [E] SystemManager(System_OnInterlockMsgEvent)[1] : 레시피가 선택되지 않았습니다.
10:57:12.659 [E] DashMainViewModel(MoveNext)[1] : 이름이 'xSelect'인 리소스를 찾을 수 없습니다. 리소스 이름은 대/소문자를 구분합니다. => System.Windows.Markup.XamlParseException: 이름이 'xSelect'인 리소스를 찾을 수 없습니다. 리소스 이름은 대/소문자를 구분합니다. ---> System.Exception: 이름이 'xSelect'인 리소스를 찾을 수 없습니다. 리소스 이름은 대/소문자를 구분합니다.
   위치: System.Windows.StaticResourceExtension.ProvideValueInternal(IServiceProvider serviceProvider, Boolean allowDeferredReference)
   위치: System.Windows.Setter.ReceiveMarkupExtension(Object targetObject, XamlSetMarkupExtensionEventArgs eventArgs)
   위치: System.Xaml.XamlObjectWriter.Logic_ProvideValue(ObjectWriterContext ctx)
   위치: System.Xaml.XamlObjectWriter.Logic_AssignProvidedValue(ObjectWriterContext ctx)
   위치: System.Xaml.XamlObjectWriter.WriteEndMember()
   위치: System.Windows.Markup.WpfXamlLoader.TransformNodes(XamlReader xamlReader, XamlObjectWriter xamlWriter, Boolean onlyLoadOneNode, Boolean skipJournaledProperties, Boolean shouldPassLineNumberInfo, IXamlLineInfo xamlLineInfo, IXamlLineInfoConsumer xamlLineInfoConsumer, XamlContextStack`1 stack, IStyleConnector styleConnector)
   위치: System.Windows.Markup.WpfXamlLoader.Load(XamlReader xamlReader, IXamlObjectWriterFactory writerFactory, Boolean skipJournaledProperties, Object rootObject, XamlObjectWriterSettings settings, Uri baseUri)
   --- 내부 예외 스택 추적의 끝 ---
   위치: System.Windows.Markup.XamlReader.RewrapException(Exception e, IXamlLineInfo lineInfo, Uri baseUri)
   위치: System.Windows.FrameworkTemplate.LoadTemplateXaml(XamlReader templateReader, XamlObjectWriter currentWriter)
   위치: System.Windows.FrameworkTemplate.LoadTemplateXaml(XamlObjectWriter objectWriter)
   위치: System.Windows.FrameworkTemplate.LoadOptimizedTemplateContent(DependencyObject container, IComponentConnector componentConnector, IStyleConnector styleConnector, List`1 affectedChildren, UncommonField`1 templatedNonFeChildrenField)
   위치: System.Windows.FrameworkTemplate.LoadContent(DependencyObject container, List`1 affectedChildren)
   위치: System.Windows.StyleHelper.ApplyTemplateContent(UncommonField`1 dataField, DependencyObject container, FrameworkElementFactory templateRoot, Int32 lastChildIndex, HybridDictionary childIndexFromChildID, FrameworkTemplate frameworkTemplate)
   위치: System.Windows.FrameworkTemplate.ApplyTemplateContent(UncommonField`1 templateDataField, FrameworkElement container)
   위치: System.Windows.FrameworkElement.ApplyTemplate()
   위치: System.Windows.FrameworkElement.MeasureCore(Size availableSize)
   위치: System.Windows.UIElement.Measure(Size availableSize)
   위치: System.Windows.Controls.StackPanel.StackMeasureHelper(IStackMeasure measureElement, IStackMeasureScrollData scrollData, Size constraint)
   위치: System.Windows.Controls.StackPanel.MeasureOverride(Size constraint)
   위치: System.Windows.FrameworkElement.MeasureCore(Size availableSize)
   위치: System.Windows.UIElement.Measure(Size availableSize)
   위치: System.Windows.Controls.Grid.MeasureCell(Int32 cell, Boolean forceInfinityV)
   위치: System.Windows.Controls.Grid.MeasureCellsGroup(Int32 cellsHead, Size referenceSize, Boolean ignoreDesiredSizeU, Boolean forceInfinityV, Boolean& hasDesiredSizeUChanged)
   위치: System.Windows.Controls.Grid.MeasureOverride(Size constraint)
   위치: System.Windows.FrameworkElement.MeasureCore(Size availableSize)
   위치: System.Windows.UIElement.Measure(Size availableSize)
   위치: MS.Internal.Helper.MeasureElementWithSingleChild(UIElement element, Size constraint)
   위치: System.Windows.Controls.ContentPresenter.MeasureOverride(Size constraint)
   위치: System.Windows.FrameworkElement.MeasureCore(Size availableSize)
   위치: System.Windows.UIElement.Measure(Size availableSize)
   위치: System.Windows.Controls.Grid.MeasureOverride(Size constraint)
   위치: System.Windows.FrameworkElement.MeasureCore(Size availableSize)
   위치: System.Windows.UIElement.Measure(Size availableSize)
   위치: System.Windows.Controls.Border.MeasureOverride(Size constraint)
   위치: System.Windows.FrameworkElement.MeasureCore(Size availableSize)
   위치: System.Windows.UIElement.Measure(Size availableSize)
   위치: System.Windows.Controls.Control.MeasureOverride(Size constraint)
   위치: System.Windows.FrameworkElement.MeasureCore(Size availableSize)
   위치: System.Windows.UIElement.Measure(Size availableSize)
   위치: MS.Internal.Helper.MeasureElementWithSingleChild(UIElement element, Size constraint)
   위치: System.Windows.Controls.ContentPresenter.MeasureOverride(Size constraint)
   위치: System.Windows.FrameworkElement.MeasureCore(Size availableSize)
   위치: System.Windows.UIElement.Measure(Size availableSize)
   위치: System.Windows.Documents.AdornerDecorator.MeasureOverride(Size constraint)
   위치: System.Windows.FrameworkElement.MeasureCore(Size availableSize)
   위치: System.Windows.UIElement.Measure(Size availableSize)
   위치: System.Windows.Controls.Border.MeasureOverride(Size constraint)
   위치: System.Windows.FrameworkElement.MeasureCore(Size availableSize)
   위치: System.Windows.UIElement.Measure(Size availableSize)
   위치: System.Windows.Window.MeasureOverrideHelper(Size constraint)
   위치: System.Windows.Window.MeasureOverride(Size availableSize)
   위치: System.Windows.FrameworkElement.MeasureCore(Size availableSize)
   위치: System.Windows.UIElement.Measure(Size availableSize)
   위치: System.Windows.Interop.HwndSource.SetLayoutSize()
   위치: System.Windows.Interop.HwndSource.set_RootVisualInternal(Visual value)
   위치: System.Windows.Window.SetRootVisual()
   위치: System.Windows.Window.SetRootVisualAndUpdateSTC()
   위치: System.Windows.Window.SetupInitialState(Double requestedTop, Double requestedLeft, Double requestedWidth, Double requestedHeight)
   위치: System.Windows.Window.CreateSourceWindow(Boolean duringShow)
   위치: System.Windows.Window.ShowHelper(Object booleanBox)
   위치: System.Windows.Window.ShowDialog()
   위치: TS.FW.Wpf.Controls.Pu.MsgBox.ShowMsg(String message, Boolean isYesNo) 파일 C:\000.Source\_TS.FW\TS.FW\TS.FW.Wpf\Controls\Pu\MsgBox.xaml.cs:줄 74
   위치: WILL.WT.PINFORCE.ViewModels.Pages.DashBoard.DashMainViewModel.<OnCommand>d__22.MoveNext() 파일 C:\000.Source\WILL.WT.PINFORCE\WILL.WT.PINFORCE\ViewModels\Pages\DashBoard\DashMainViewModel.cs:줄 96
이름이 'xSelect'인 리소스를 찾을 수 없습니다. 리소스 이름은 대/소문자를 구분합니다. => System.Exception: 이름이 'xSelect'인 리소스를 찾을 수 없습니다. 리소스 이름은 대/소문자를 구분합니다.
   위치: System.Windows.StaticResourceExtension.ProvideValueInternal(IServiceProvider serviceProvider, Boolean allowDeferredReference)
   위치: System.Windows.Setter.ReceiveMarkupExtension(Object targetObject, XamlSetMarkupExtensionEventArgs eventArgs)
   위치: System.Xaml.XamlObjectWriter.Logic_ProvideValue(ObjectWriterContext ctx)
   위치: System.Xaml.XamlObjectWriter.Logic_AssignProvidedValue(ObjectWriterContext ctx)
   위치: System.Xaml.XamlObjectWriter.WriteEndMember()
   위치: System.Windows.Markup.WpfXamlLoader.TransformNodes(XamlReader xamlReader, XamlObjectWriter xamlWriter, Boolean onlyLoadOneNode, Boolean skipJournaledProperties, Boolean shouldPassLineNumberInfo, IXamlLineInfo xamlLineInfo, IXamlLineInfoConsumer xamlLineInfoConsumer, XamlContextStack`1 stack, IStyleConnector styleConnector)
   위치: System.Windows.Markup.WpfXamlLoader.Load(XamlReader xamlReader, IXamlObjectWriterFactory writerFactory, Boolean skipJournaledProperties, Object rootObject, XamlObjectWriterSettings settings, Uri baseUri)
