18:00:12.137 [E] DashMainViewModel(Show)[1] : 개체 참조가 개체의 인스턴스로 설정되지 않았습니다. => System.NullReferenceException: 개체 참조가 개체의 인스턴스로 설정되지 않았습니다.
   위치: WILL.WT.PINFORCE.Managers.RecipeManager.Reload[T](IRecipeModel model) 파일 C:\000.Source\WILL.WT.PINFORCE\WILL.WT.PINFORCE\Managers\RecipeManager.cs:줄 106
   위치: WILL.WT.PINFORCE.ViewModels.Pages.DashBoard.DashMainViewModel.Show() 파일 C:\000.Source\WILL.WT.PINFORCE\WILL.WT.PINFORCE\ViewModels\Pages\DashBoard\DashMainViewModel.cs:줄 50
18:00:28.223 [E] MainViewModel(System_OnInterlockCheckEvent)[1] : 프로그램을 실행하시겠습니까?
18:00:32.228 [E] WorkProcess(ExcuteProcess)[10] : 해당 Step이 존재하지 않습니다. [AXIS_Z_DOWN_ENTER]
18:00:42.598 [I] MainViewModel(OnCommand)[1] : 프로그램 종료(v 0.0.4347.1) =====================
18:01:18.786 [I] MainViewModel(ProgramStart)[1] : 프로그램 시작(v 0.0.4347.1) =====================
18:01:22.068 [E] DashMainViewModel(Show)[1] : 개체 참조가 개체의 인스턴스로 설정되지 않았습니다. => System.NullReferenceException: 개체 참조가 개체의 인스턴스로 설정되지 않았습니다.
   위치: WILL.WT.PINFORCE.Managers.RecipeManager.Reload[T](IRecipeModel model) 파일 C:\000.Source\WILL.WT.PINFORCE\WILL.WT.PINFORCE\Managers\RecipeManager.cs:줄 106
   위치: WILL.WT.PINFORCE.ViewModels.Pages.DashBoard.DashMainViewModel.Show() 파일 C:\000.Source\WILL.WT.PINFORCE\WILL.WT.PINFORCE\ViewModels\Pages\DashBoard\DashMainViewModel.cs:줄 50
18:01:25.958 [I] MainViewModel(OnCommand)[1] : 프로그램 종료(v 0.0.4347.1) =====================
18:02:11.048 [I] MainViewModel(ProgramStart)[1] : 프로그램 시작(v 0.0.4347.1) =====================
18:02:14.318 [E] DashMainViewModel(Show)[1] : 개체 참조가 개체의 인스턴스로 설정되지 않았습니다. => System.NullReferenceException: 개체 참조가 개체의 인스턴스로 설정되지 않았습니다.
   위치: WILL.WT.PINFORCE.Managers.RecipeManager.Reload[T](IRecipeModel model) 파일 C:\000.Source\WILL.WT.PINFORCE\WILL.WT.PINFORCE\Managers\RecipeManager.cs:줄 106
   위치: WILL.WT.PINFORCE.ViewModels.Pages.DashBoard.DashMainViewModel.Show() 파일 C:\000.Source\WILL.WT.PINFORCE\WILL.WT.PINFORCE\ViewModels\Pages\DashBoard\DashMainViewModel.cs:줄 53
18:02:15.908 [E] MainViewModel(System_OnInterlockCheckEvent)[1] : 프로그램을 실행하시겠습니까?
18:02:17.120 [E] WorkProcess(ExcuteProcess)[17] : 해당 Step이 존재하지 않습니다. [AXIS_Z_DOWN_ENTER]
18:02:22.290 [I] MainViewModel(OnCommand)[1] : 프로그램 종료(v 0.0.4347.1) =====================
18:05:07.852 [I] MainViewModel(ProgramStart)[1] : 프로그램 시작(v 0.0.4347.1) =====================
18:05:15.188 [E] DashMainViewModel(Show)[1] : 개체 참조가 개체의 인스턴스로 설정되지 않았습니다. => System.NullReferenceException: 개체 참조가 개체의 인스턴스로 설정되지 않았습니다.
   위치: WILL.WT.PINFORCE.Managers.RecipeManager.Reload[T](IRecipeModel model) 파일 C:\000.Source\WILL.WT.PINFORCE\WILL.WT.PINFORCE\Managers\RecipeManager.cs:줄 106
   위치: WILL.WT.PINFORCE.ViewModels.Pages.DashBoard.DashMainViewModel.Show() 파일 C:\000.Source\WILL.WT.PINFORCE\WILL.WT.PINFORCE\ViewModels\Pages\DashBoard\DashMainViewModel.cs:줄 55
18:05:16.304 [E] MainViewModel(System_OnInterlockCheckEvent)[1] : 프로그램을 실행하시겠습니까?
18:05:18.629 [E] MainViewModel(System_OnInterlockCheckEvent)[1] : 프로그램을 실행하시겠습니까?
18:05:19.625 [E] WorkProcess(ExcuteProcess)[17] : 해당 Step이 존재하지 않습니다. [AXIS_Z_DOWN_ENTER]
18:05:22.900 [I] MainViewModel(OnCommand)[1] : 프로그램 종료(v 0.0.4347.1) =====================
18:07:44.468 [I] MainViewModel(ProgramStart)[1] : 프로그램 시작(v 0.0.4347.1) =====================
18:07:51.781 [E] DashMainViewModel(Show)[1] : 개체 참조가 개체의 인스턴스로 설정되지 않았습니다. => System.NullReferenceException: 개체 참조가 개체의 인스턴스로 설정되지 않았습니다.
   위치: WILL.WT.PINFORCE.Managers.RecipeManager.Reload[T](IRecipeModel model) 파일 C:\000.Source\WILL.WT.PINFORCE\WILL.WT.PINFORCE\Managers\RecipeManager.cs:줄 106
   위치: WILL.WT.PINFORCE.ViewModels.Pages.DashBoard.DashMainViewModel.Show() 파일 C:\000.Source\WILL.WT.PINFORCE\WILL.WT.PINFORCE\ViewModels\Pages\DashBoard\DashMainViewModel.cs:줄 57
18:07:53.619 [E] MainViewModel(System_OnInterlockCheckEvent)[1] : 프로그램을 실행하시겠습니까?
18:07:54.799 [E] DashMainViewModel(MoveNext)[1] : 개체 참조가 개체의 인스턴스로 설정되지 않았습니다. => System.NullReferenceException: 개체 참조가 개체의 인스턴스로 설정되지 않았습니다.
   위치: WILL.WT.PINFORCE.ViewModels.Pages.DashBoard.DashMainViewModel.Hide() 파일 C:\000.Source\WILL.WT.PINFORCE\WILL.WT.PINFORCE\ViewModels\Pages\DashBoard\DashMainViewModel.cs:줄 67
   위치: WILL.WT.PINFORCE.ViewModels.Pages.DashBoard.DashMainViewModel.<OnCommand>d__26.MoveNext() 파일 C:\000.Source\WILL.WT.PINFORCE\WILL.WT.PINFORCE\ViewModels\Pages\DashBoard\DashMainViewModel.cs:줄 106
18:07:54.800 [E] WorkProcess(ExcuteProcess)[17] : 해당 Step이 존재하지 않습니다. [AXIS_Z_DOWN_ENTER]
18:07:58.071 [E] MainViewModel(System_OnInterlockCheckEvent)[1] : 프로그램을 실행하시겠습니까?
18:07:59.369 [E] WorkProcess(ExcuteProcess)[17] : 해당 Step이 존재하지 않습니다. [AXIS_Z_DOWN_ENTER]
18:07:59.369 [E] DashMainViewModel(MoveNext)[1] : 개체 참조가 개체의 인스턴스로 설정되지 않았습니다. => System.NullReferenceException: 개체 참조가 개체의 인스턴스로 설정되지 않았습니다.
   위치: WILL.WT.PINFORCE.ViewModels.Pages.DashBoard.DashMainViewModel.Hide() 파일 C:\000.Source\WILL.WT.PINFORCE\WILL.WT.PINFORCE\ViewModels\Pages\DashBoard\DashMainViewModel.cs:줄 67
   위치: WILL.WT.PINFORCE.ViewModels.Pages.DashBoard.DashMainViewModel.<OnCommand>d__26.MoveNext() 파일 C:\000.Source\WILL.WT.PINFORCE\WILL.WT.PINFORCE\ViewModels\Pages\DashBoard\DashMainViewModel.cs:줄 106
18:08:00.000 [E] MainViewModel(System_OnInterlockCheckEvent)[1] : 프로그램을 실행하시겠습니까?
18:08:00.885 [E] WorkProcess(ExcuteProcess)[17] : 해당 Step이 존재하지 않습니다. [AXIS_Z_DOWN_ENTER]
18:08:00.885 [E] DashMainViewModel(MoveNext)[1] : 개체 참조가 개체의 인스턴스로 설정되지 않았습니다. => System.NullReferenceException: 개체 참조가 개체의 인스턴스로 설정되지 않았습니다.
   위치: WILL.WT.PINFORCE.ViewModels.Pages.DashBoard.DashMainViewModel.Hide() 파일 C:\000.Source\WILL.WT.PINFORCE\WILL.WT.PINFORCE\ViewModels\Pages\DashBoard\DashMainViewModel.cs:줄 67
   위치: WILL.WT.PINFORCE.ViewModels.Pages.DashBoard.DashMainViewModel.<OnCommand>d__26.MoveNext() 파일 C:\000.Source\WILL.WT.PINFORCE\WILL.WT.PINFORCE\ViewModels\Pages\DashBoard\DashMainViewModel.cs:줄 106
18:08:03.491 [I] MainViewModel(OnCommand)[1] : 프로그램 종료(v 0.0.4347.1) =====================
18:08:10.425 [I] MainViewModel(ProgramStart)[1] : 프로그램 시작(v 0.0.4347.1) =====================
18:08:13.664 [E] DashMainViewModel(Show)[1] : 개체 참조가 개체의 인스턴스로 설정되지 않았습니다. => System.NullReferenceException: 개체 참조가 개체의 인스턴스로 설정되지 않았습니다.
   위치: WILL.WT.PINFORCE.Managers.RecipeManager.Reload[T](IRecipeModel model) 파일 C:\000.Source\WILL.WT.PINFORCE\WILL.WT.PINFORCE\Managers\RecipeManager.cs:줄 106
   위치: WILL.WT.PINFORCE.ViewModels.Pages.DashBoard.DashMainViewModel.Show() 파일 C:\000.Source\WILL.WT.PINFORCE\WILL.WT.PINFORCE\ViewModels\Pages\DashBoard\DashMainViewModel.cs:줄 57
18:08:14.613 [E] DashMainViewModel(MoveNext)[1] : 개체 참조가 개체의 인스턴스로 설정되지 않았습니다. => System.NullReferenceException: 개체 참조가 개체의 인스턴스로 설정되지 않았습니다.
   위치: WILL.WT.PINFORCE.ViewModels.Pages.DashBoard.DashMainViewModel.Hide() 파일 C:\000.Source\WILL.WT.PINFORCE\WILL.WT.PINFORCE\ViewModels\Pages\DashBoard\DashMainViewModel.cs:줄 67
   위치: WILL.WT.PINFORCE.ViewModels.Pages.DashBoard.DashMainViewModel.<OnCommand>d__26.MoveNext() 파일 C:\000.Source\WILL.WT.PINFORCE\WILL.WT.PINFORCE\ViewModels\Pages\DashBoard\DashMainViewModel.cs:줄 103
18:08:15.819 [E] DashMainViewModel(MoveNext)[1] : 개체 참조가 개체의 인스턴스로 설정되지 않았습니다. => System.NullReferenceException: 개체 참조가 개체의 인스턴스로 설정되지 않았습니다.
   위치: WILL.WT.PINFORCE.ViewModels.Pages.DashBoard.DashMainViewModel.Hide() 파일 C:\000.Source\WILL.WT.PINFORCE\WILL.WT.PINFORCE\ViewModels\Pages\DashBoard\DashMainViewModel.cs:줄 67
   위치: WILL.WT.PINFORCE.ViewModels.Pages.DashBoard.DashMainViewModel.<OnCommand>d__26.MoveNext() 파일 C:\000.Source\WILL.WT.PINFORCE\WILL.WT.PINFORCE\ViewModels\Pages\DashBoard\DashMainViewModel.cs:줄 103
18:08:16.270 [E] DashMainViewModel(MoveNext)[1] : 개체 참조가 개체의 인스턴스로 설정되지 않았습니다. => System.NullReferenceException: 개체 참조가 개체의 인스턴스로 설정되지 않았습니다.
   위치: WILL.WT.PINFORCE.ViewModels.Pages.DashBoard.DashMainViewModel.Hide() 파일 C:\000.Source\WILL.WT.PINFORCE\WILL.WT.PINFORCE\ViewModels\Pages\DashBoard\DashMainViewModel.cs:줄 67
   위치: WILL.WT.PINFORCE.ViewModels.Pages.DashBoard.DashMainViewModel.<OnCommand>d__26.MoveNext() 파일 C:\000.Source\WILL.WT.PINFORCE\WILL.WT.PINFORCE\ViewModels\Pages\DashBoard\DashMainViewModel.cs:줄 103
18:08:16.439 [E] DashMainViewModel(MoveNext)[1] : 개체 참조가 개체의 인스턴스로 설정되지 않았습니다. => System.NullReferenceException: 개체 참조가 개체의 인스턴스로 설정되지 않았습니다.
   위치: WILL.WT.PINFORCE.ViewModels.Pages.DashBoard.DashMainViewModel.Hide() 파일 C:\000.Source\WILL.WT.PINFORCE\WILL.WT.PINFORCE\ViewModels\Pages\DashBoard\DashMainViewModel.cs:줄 67
   위치: WILL.WT.PINFORCE.ViewModels.Pages.DashBoard.DashMainViewModel.<OnCommand>d__26.MoveNext() 파일 C:\000.Source\WILL.WT.PINFORCE\WILL.WT.PINFORCE\ViewModels\Pages\DashBoard\DashMainViewModel.cs:줄 103
18:08:16.614 [E] DashMainViewModel(MoveNext)[1] : 개체 참조가 개체의 인스턴스로 설정되지 않았습니다. => System.NullReferenceException: 개체 참조가 개체의 인스턴스로 설정되지 않았습니다.
   위치: WILL.WT.PINFORCE.ViewModels.Pages.DashBoard.DashMainViewModel.Hide() 파일 C:\000.Source\WILL.WT.PINFORCE\WILL.WT.PINFORCE\ViewModels\Pages\DashBoard\DashMainViewModel.cs:줄 67
   위치: WILL.WT.PINFORCE.ViewModels.Pages.DashBoard.DashMainViewModel.<OnCommand>d__26.MoveNext() 파일 C:\000.Source\WILL.WT.PINFORCE\WILL.WT.PINFORCE\ViewModels\Pages\DashBoard\DashMainViewModel.cs:줄 103
18:08:19.290 [E] DashMainViewModel(Show)[1] : 개체 참조가 개체의 인스턴스로 설정되지 않았습니다. => System.NullReferenceException: 개체 참조가 개체의 인스턴스로 설정되지 않았습니다.
   위치: WILL.WT.PINFORCE.Managers.RecipeManager.Reload[T](IRecipeModel model) 파일 C:\000.Source\WILL.WT.PINFORCE\WILL.WT.PINFORCE\Managers\RecipeManager.cs:줄 106
   위치: WILL.WT.PINFORCE.ViewModels.Pages.DashBoard.DashMainViewModel.Show() 파일 C:\000.Source\WILL.WT.PINFORCE\WILL.WT.PINFORCE\ViewModels\Pages\DashBoard\DashMainViewModel.cs:줄 57
18:08:22.233 [I] MainViewModel(OnCommand)[1] : 프로그램 종료(v 0.0.4347.1) =====================
18:10:15.361 [I] MainViewModel(ProgramStart)[1] : 프로그램 시작(v 0.0.4347.1) =====================
18:10:22.764 [E] DashMainViewModel(Show)[1] : 개체 참조가 개체의 인스턴스로 설정되지 않았습니다. => System.NullReferenceException: 개체 참조가 개체의 인스턴스로 설정되지 않았습니다.
   위치: WILL.WT.PINFORCE.Managers.RecipeManager.Reload[T](IRecipeModel model) 파일 C:\000.Source\WILL.WT.PINFORCE\WILL.WT.PINFORCE\Managers\RecipeManager.cs:줄 106
   위치: WILL.WT.PINFORCE.ViewModels.Pages.DashBoard.DashMainViewModel.Show() 파일 C:\000.Source\WILL.WT.PINFORCE\WILL.WT.PINFORCE\ViewModels\Pages\DashBoard\DashMainViewModel.cs:줄 59
18:10:24.149 [E] MainViewModel(System_OnInterlockCheckEvent)[1] : 프로그램을 실행하시겠습니까?
18:10:25.281 [E] WorkProcess(ExcuteProcess)[17] : 해당 Step이 존재하지 않습니다. [AXIS_Z_DOWN_ENTER]
18:12:08.789 [E] MainViewModel(System_OnInterlockCheckEvent)[1] : 프로그램을 실행하시겠습니까?
18:12:09.832 [E] WorkProcess(ExcuteProcess)[17] : 해당 Step이 존재하지 않습니다. [AXIS_Z_DOWN_ENTER]
18:12:13.208 [E] DashMainViewModel(Show)[1] : 개체 참조가 개체의 인스턴스로 설정되지 않았습니다. => System.NullReferenceException: 개체 참조가 개체의 인스턴스로 설정되지 않았습니다.
   위치: WILL.WT.PINFORCE.Managers.RecipeManager.Reload[T](IRecipeModel model) 파일 C:\000.Source\WILL.WT.PINFORCE\WILL.WT.PINFORCE\Managers\RecipeManager.cs:줄 106
   위치: WILL.WT.PINFORCE.ViewModels.Pages.DashBoard.DashMainViewModel.Show() 파일 C:\000.Source\WILL.WT.PINFORCE\WILL.WT.PINFORCE\ViewModels\Pages\DashBoard\DashMainViewModel.cs:줄 59
18:13:33.416 [I] MainViewModel(OnCommand)[1] : 프로그램 종료(v 0.0.4347.1) =====================
18:22:39.637 [I] MainViewModel(ProgramStart)[1] : 프로그램 시작(v 0.0.4347.1) =====================
18:22:47.183 [E] DashMainViewModel(Show)[1] : 개체 참조가 개체의 인스턴스로 설정되지 않았습니다. => System.NullReferenceException: 개체 참조가 개체의 인스턴스로 설정되지 않았습니다.
   위치: WILL.WT.PINFORCE.Managers.RecipeManager.Reload[T](IRecipeModel model) 파일 C:\000.Source\WILL.WT.PINFORCE\WILL.WT.PINFORCE\Managers\RecipeManager.cs:줄 106
   위치: WILL.WT.PINFORCE.ViewModels.Pages.DashBoard.DashMainViewModel.Show() 파일 C:\000.Source\WILL.WT.PINFORCE\WILL.WT.PINFORCE\ViewModels\Pages\DashBoard\DashMainViewModel.cs:줄 59
