16:02:41.074 [I] MotionProcess(SetMsg)[21] : START
16:02:41.218 [I] MotionProcess(SetMsg)[21] : Process 동작 1회
16:02:41.280 [I] MotionProcess(SetMsg)[21] : Ready Position Move
16:02:41.284 [I] MotionProcess(SetMsg)[21] : AXIS_Z Bypass : Cur:0.000mm Move:0.000mm
16:02:41.408 [I] MotionProcess(SetMsg)[21] : Process Position Move
16:02:41.408 [I] MotionProcess(SetMsg)[21] : AXIS_Z Move : Cur:0.000mm Move:10.000mm
16:02:51.572 [I] MotionProcess(SetMsg)[21] : AXIS_Z : Cur:10.000mm Move:10.000mm
16:03:17.603 [I] MotionProcess(SetMsg)[21] : Error : MOT_PROCESS_POS_MOVE_POLLING
16:04:02.406 [I] MotionProcess(SetMsg)[17] : START
16:04:02.586 [I] MotionProcess(SetMsg)[17] : Process 동작 1회
16:04:02.663 [I] MotionProcess(SetMsg)[17] : Ready Position Move
16:04:02.669 [I] MotionProcess(SetMsg)[17] : AXIS_Z Bypass : Cur:0.000mm Move:0.000mm
16:04:02.834 [I] MotionProcess(SetMsg)[17] : Process Position Move
16:04:02.835 [I] MotionProcess(SetMsg)[17] : AXIS_Z Move : Cur:0.000mm Move:10.000mm
16:04:06.738 [I] MotionProcess(SetMsg)[17] : AXIS_Z : Cur:10.000mm Move:10.000mm
16:04:06.895 [I] MotionProcess(SetMsg)[17] : Process 동작 2회
16:04:06.972 [I] MotionProcess(SetMsg)[17] : Ready Position Move
16:04:06.972 [I] MotionProcess(SetMsg)[17] : AXIS_Z Move : Cur:10.000mm Move:0.000mm
16:04:29.798 [I] MotionProcess(SetMsg)[16] : START
16:04:29.973 [I] MotionProcess(SetMsg)[16] : Process 동작 1회
16:04:30.051 [I] MotionProcess(SetMsg)[16] : Ready Position Move
16:04:30.056 [I] MotionProcess(SetMsg)[16] : AXIS_Z Bypass : Cur:0.000mm Move:0.000mm
16:04:30.208 [I] MotionProcess(SetMsg)[16] : Process Position Move
16:04:30.209 [I] MotionProcess(SetMsg)[16] : AXIS_Z Move : Cur:0.000mm Move:10.000mm
16:04:34.102 [I] MotionProcess(SetMsg)[16] : AXIS_Z : Cur:10.000mm Move:10.000mm
16:04:34.258 [I] MotionProcess(SetMsg)[16] : Process 동작 2회
16:04:34.336 [I] MotionProcess(SetMsg)[16] : Ready Position Move
16:04:34.336 [I] MotionProcess(SetMsg)[16] : AXIS_Z Move : Cur:10.000mm Move:0.000mm
16:04:54.628 [I] MotionProcess(SetMsg)[17] : START
16:04:54.804 [I] MotionProcess(SetMsg)[17] : Process 동작 1회
16:04:54.883 [I] MotionProcess(SetMsg)[17] : Ready Position Move
16:04:54.889 [I] MotionProcess(SetMsg)[17] : AXIS_Z Bypass : Cur:0.000mm Move:0.000mm
16:04:55.057 [I] MotionProcess(SetMsg)[17] : Process Position Move
16:04:55.057 [I] MotionProcess(SetMsg)[17] : AXIS_Z Move : Cur:0.000mm Move:10.000mm
16:04:58.954 [I] MotionProcess(SetMsg)[17] : AXIS_Z : Cur:10.000mm Move:10.000mm
16:04:59.107 [I] MotionProcess(SetMsg)[17] : Process 동작 2회
16:04:59.187 [I] MotionProcess(SetMsg)[17] : Ready Position Move
16:04:59.188 [I] MotionProcess(SetMsg)[17] : AXIS_Z Move : Cur:10.000mm Move:0.000mm
16:07:48.141 [I] MotionProcess(SetMsg)[16] : START
16:07:48.314 [I] MotionProcess(SetMsg)[16] : Process 동작 1회
16:07:48.391 [I] MotionProcess(SetMsg)[16] : Ready Position Move
16:07:48.395 [I] MotionProcess(SetMsg)[16] : AXIS_Z Bypass : Cur:0.000mm Move:0.000mm
16:07:48.547 [I] MotionProcess(SetMsg)[16] : Process Position Move
16:07:48.547 [I] MotionProcess(SetMsg)[16] : AXIS_Z Move : Cur:0.000mm Move:10.000mm
16:07:52.444 [I] MotionProcess(SetMsg)[16] : AXIS_Z : Cur:10.000mm Move:10.000mm
16:07:52.602 [I] MotionProcess(SetMsg)[16] : Process 동작 2회
16:07:52.679 [I] MotionProcess(SetMsg)[16] : Ready Position Move
16:07:52.679 [I] MotionProcess(SetMsg)[16] : AXIS_Z Move : Cur:10.000mm Move:0.000mm
16:07:56.486 [I] MotionProcess(SetMsg)[16] : AXIS_Z : Cur:0.000mm Move:0.000mm
16:07:56.564 [I] MotionProcess(SetMsg)[16] : Process Position Move
16:07:56.564 [I] MotionProcess(SetMsg)[16] : AXIS_Z Move : Cur:0.000mm Move:10.000mm
16:10:44.782 [I] MotionProcess(SetMsg)[17] : START
16:10:44.966 [I] MotionProcess(SetMsg)[17] : Process 동작 1회
16:10:45.046 [I] MotionProcess(SetMsg)[17] : Ready Position Move
16:10:45.052 [I] MotionProcess(SetMsg)[17] : AXIS_Z Bypass : Cur:0.000mm Move:0.000mm
16:10:45.218 [I] MotionProcess(SetMsg)[17] : Process Position Move
16:10:45.218 [I] MotionProcess(SetMsg)[17] : AXIS_Z Move : Cur:0.000mm Move:10.000mm
16:10:49.099 [I] MotionProcess(SetMsg)[17] : AXIS_Z : Cur:10.000mm Move:10.000mm
16:10:49.255 [I] MotionProcess(SetMsg)[17] : Process 동작 2회
16:10:49.334 [I] MotionProcess(SetMsg)[17] : Ready Position Move
16:10:49.334 [I] MotionProcess(SetMsg)[17] : AXIS_Z Move : Cur:10.000mm Move:0.000mm
16:10:53.157 [I] MotionProcess(SetMsg)[17] : AXIS_Z : Cur:0.000mm Move:0.000mm
16:10:53.234 [I] MotionProcess(SetMsg)[17] : Process Position Move
16:10:53.234 [I] MotionProcess(SetMsg)[17] : AXIS_Z Move : Cur:0.000mm Move:10.000mm
16:10:57.041 [I] MotionProcess(SetMsg)[17] : AXIS_Z : Cur:10.000mm Move:10.000mm
16:10:57.196 [I] MotionProcess(SetMsg)[17] : Process 동작 3회
16:10:57.272 [I] MotionProcess(SetMsg)[17] : Ready Position Move
16:10:57.273 [I] MotionProcess(SetMsg)[17] : AXIS_Z Move : Cur:10.000mm Move:0.000mm
16:13:33.384 [I] MotionProcess(SetMsg)[18] : START
16:13:33.561 [I] MotionProcess(SetMsg)[18] : Process 동작 1회
16:13:33.639 [I] MotionProcess(SetMsg)[18] : Ready Position Move
16:13:33.642 [I] MotionProcess(SetMsg)[18] : AXIS_Z Bypass : Cur:0.000mm Move:0.000mm
16:13:33.796 [I] MotionProcess(SetMsg)[18] : Process Position Move
16:13:33.798 [I] MotionProcess(SetMsg)[18] : AXIS_Z Move : Cur:0.000mm Move:10.000mm
16:13:37.602 [I] MotionProcess(SetMsg)[18] : AXIS_Z : Cur:10.000mm Move:10.000mm
16:13:37.761 [I] MotionProcess(SetMsg)[18] : Process 동작 2회
16:13:37.839 [I] MotionProcess(SetMsg)[18] : Ready Position Move
16:13:37.839 [I] MotionProcess(SetMsg)[18] : AXIS_Z Move : Cur:10.000mm Move:0.000mm
16:13:41.645 [I] MotionProcess(SetMsg)[18] : AXIS_Z : Cur:0.000mm Move:0.000mm
16:13:41.723 [I] MotionProcess(SetMsg)[18] : Process Position Move
16:13:41.723 [I] MotionProcess(SetMsg)[18] : AXIS_Z Move : Cur:0.000mm Move:10.000mm
16:15:27.089 [I] MotionProcess(SetMsg)[17] : START
16:15:27.262 [I] MotionProcess(SetMsg)[17] : Process 동작 1회
16:15:27.341 [I] MotionProcess(SetMsg)[17] : Ready Position Move
16:15:27.345 [I] MotionProcess(SetMsg)[17] : AXIS_Z Bypass : Cur:0.000mm Move:0.000mm
16:15:27.495 [I] MotionProcess(SetMsg)[17] : Process Position Move
16:15:27.495 [I] MotionProcess(SetMsg)[17] : AXIS_Z Move : Cur:0.000mm Move:10.000mm
16:15:31.401 [I] MotionProcess(SetMsg)[17] : AXIS_Z : Cur:10.000mm Move:10.000mm
16:15:31.556 [I] MotionProcess(SetMsg)[17] : Process 동작 2회
16:15:31.634 [I] MotionProcess(SetMsg)[17] : Ready Position Move
16:15:31.634 [I] MotionProcess(SetMsg)[17] : AXIS_Z Move : Cur:10.000mm Move:0.000mm
16:15:35.539 [I] MotionProcess(SetMsg)[17] : AXIS_Z : Cur:0.000mm Move:0.000mm
16:15:35.617 [I] MotionProcess(SetMsg)[17] : Process Position Move
16:15:35.617 [I] MotionProcess(SetMsg)[17] : AXIS_Z Move : Cur:0.000mm Move:10.000mm
16:15:49.581 [I] MotionProcess(SetMsg)[16] : START
16:15:49.754 [I] MotionProcess(SetMsg)[16] : Process 동작 1회
16:15:49.833 [I] MotionProcess(SetMsg)[16] : Ready Position Move
16:15:49.837 [I] MotionProcess(SetMsg)[16] : AXIS_Z Bypass : Cur:0.000mm Move:0.000mm
16:15:49.990 [I] MotionProcess(SetMsg)[16] : Process Position Move
16:15:49.991 [I] MotionProcess(SetMsg)[16] : AXIS_Z Move : Cur:0.000mm Move:10.000mm
16:15:53.903 [I] MotionProcess(SetMsg)[16] : AXIS_Z : Cur:10.000mm Move:10.000mm
16:17:23.953 [I] MotionProcess(SetMsg)[17] : START
16:17:24.132 [I] MotionProcess(SetMsg)[17] : Process 동작 1회
16:17:24.211 [I] MotionProcess(SetMsg)[17] : Ready Position Move
16:17:24.215 [I] MotionProcess(SetMsg)[17] : AXIS_Z Bypass : Cur:0.000mm Move:0.000mm
16:17:24.382 [I] MotionProcess(SetMsg)[17] : Process Position Move
16:17:24.382 [I] MotionProcess(SetMsg)[17] : AXIS_Z Move : Cur:0.000mm Move:10.000mm
16:17:28.282 [I] MotionProcess(SetMsg)[17] : AXIS_Z : Cur:10.000mm Move:10.000mm
16:17:28.436 [I] MotionProcess(SetMsg)[17] : Process 동작 2회
16:17:28.513 [I] MotionProcess(SetMsg)[17] : Ready Position Move
16:17:28.514 [I] MotionProcess(SetMsg)[17] : AXIS_Z Move : Cur:10.000mm Move:0.000mm
16:17:32.334 [I] MotionProcess(SetMsg)[17] : AXIS_Z : Cur:0.000mm Move:0.000mm
16:17:32.413 [I] MotionProcess(SetMsg)[17] : Process Position Move
16:17:32.414 [I] MotionProcess(SetMsg)[17] : AXIS_Z Move : Cur:0.000mm Move:10.000mm
16:18:10.261 [I] MotionProcess(SetMsg)[15] : START
16:18:10.434 [I] MotionProcess(SetMsg)[15] : Process 동작 1회
16:18:10.512 [I] MotionProcess(SetMsg)[15] : Ready Position Move
16:18:10.516 [I] MotionProcess(SetMsg)[15] : AXIS_Z Bypass : Cur:0.000mm Move:0.000mm
16:18:10.669 [I] MotionProcess(SetMsg)[15] : Process Position Move
16:18:10.669 [I] MotionProcess(SetMsg)[15] : AXIS_Z Move : Cur:0.000mm Move:10.000mm
16:20:13.833 [I] MotionProcess(SetMsg)[17] : START
16:20:14.013 [I] MotionProcess(SetMsg)[17] : Process 동작 1회
16:20:14.093 [I] MotionProcess(SetMsg)[17] : Ready Position Move
16:20:14.098 [I] MotionProcess(SetMsg)[17] : AXIS_Z Bypass : Cur:0.000mm Move:0.000mm
16:20:14.265 [I] MotionProcess(SetMsg)[17] : Process Position Move
16:20:14.266 [I] MotionProcess(SetMsg)[17] : AXIS_Z Move : Cur:0.000mm Move:10.000mm
16:20:18.151 [I] MotionProcess(SetMsg)[17] : AXIS_Z : Cur:10.000mm Move:10.000mm
16:20:18.306 [I] MotionProcess(SetMsg)[17] : Process 동작 2회
16:20:18.384 [I] MotionProcess(SetMsg)[17] : Ready Position Move
16:20:18.385 [I] MotionProcess(SetMsg)[17] : AXIS_Z Move : Cur:10.000mm Move:0.000mm
16:20:22.287 [I] MotionProcess(SetMsg)[17] : AXIS_Z : Cur:0.000mm Move:0.000mm
16:20:22.365 [I] MotionProcess(SetMsg)[17] : Process Position Move
16:20:22.365 [I] MotionProcess(SetMsg)[17] : AXIS_Z Move : Cur:0.000mm Move:10.000mm
16:20:26.252 [I] MotionProcess(SetMsg)[17] : AXIS_Z : Cur:10.000mm Move:10.000mm
16:20:26.406 [I] MotionProcess(SetMsg)[17] : Process 동작 3회
16:20:26.485 [I] MotionProcess(SetMsg)[17] : Ready Position Move
16:20:26.485 [I] MotionProcess(SetMsg)[17] : AXIS_Z Move : Cur:10.000mm Move:0.000mm
16:20:30.381 [I] MotionProcess(SetMsg)[17] : AXIS_Z : Cur:0.000mm Move:0.000mm
16:20:30.460 [I] MotionProcess(SetMsg)[17] : Process Position Move
16:20:30.460 [I] MotionProcess(SetMsg)[17] : AXIS_Z Move : Cur:0.000mm Move:10.000mm
16:20:34.282 [I] MotionProcess(SetMsg)[17] : AXIS_Z : Cur:10.000mm Move:10.000mm
16:20:34.439 [I] MotionProcess(SetMsg)[17] : Ready Position Move
16:20:34.440 [I] MotionProcess(SetMsg)[17] : AXIS_Z Move : Cur:10.000mm Move:0.000mm
16:20:38.261 [I] MotionProcess(SetMsg)[17] : AXIS_Z : Cur:0.000mm Move:0.000mm
16:20:38.338 [I] MotionProcess(SetMsg)[17] : End
16:21:06.116 [I] MotionProcess(SetMsg)[17] : START
16:21:06.289 [I] MotionProcess(SetMsg)[17] : Process 동작 1회
16:21:06.368 [I] MotionProcess(SetMsg)[17] : Ready Position Move
16:21:06.374 [I] MotionProcess(SetMsg)[17] : AXIS_Z Bypass : Cur:0.000mm Move:0.000mm
16:21:06.538 [I] MotionProcess(SetMsg)[17] : Process Position Move
16:21:06.539 [I] MotionProcess(SetMsg)[17] : AXIS_Z Move : Cur:0.000mm Move:10.000mm
16:21:56.662 [I] MotionProcess(SetMsg)[17] : START
16:21:56.834 [I] MotionProcess(SetMsg)[17] : Process 동작 1회
16:21:56.911 [I] MotionProcess(SetMsg)[17] : Ready Position Move
16:21:56.916 [I] MotionProcess(SetMsg)[17] : AXIS_Z Bypass : Cur:0.000mm Move:0.000mm
16:21:57.081 [I] MotionProcess(SetMsg)[17] : Process Position Move
16:21:57.082 [I] MotionProcess(SetMsg)[17] : AXIS_Z Move : Cur:0.000mm Move:10.000mm
16:22:00.979 [I] MotionProcess(SetMsg)[17] : AXIS_Z : Cur:10.000mm Move:10.000mm
16:22:01.134 [I] MotionProcess(SetMsg)[17] : Process 동작 2회
16:22:01.212 [I] MotionProcess(SetMsg)[17] : Ready Position Move
16:22:01.212 [I] MotionProcess(SetMsg)[17] : AXIS_Z Move : Cur:10.000mm Move:0.000mm
16:22:05.105 [I] MotionProcess(SetMsg)[17] : AXIS_Z : Cur:0.000mm Move:0.000mm
16:22:05.184 [I] MotionProcess(SetMsg)[17] : Process Position Move
16:22:05.184 [I] MotionProcess(SetMsg)[17] : AXIS_Z Move : Cur:0.000mm Move:10.000mm
16:23:05.604 [I] MotionProcess(SetMsg)[17] : START
16:23:05.780 [I] MotionProcess(SetMsg)[17] : Process 동작 1회
16:23:05.859 [I] MotionProcess(SetMsg)[17] : Ready Position Move
16:23:05.863 [I] MotionProcess(SetMsg)[17] : AXIS_Z Bypass : Cur:0.000mm Move:0.000mm
16:23:06.015 [I] MotionProcess(SetMsg)[17] : Process Position Move
16:23:06.017 [I] MotionProcess(SetMsg)[17] : AXIS_Z Move : Cur:0.000mm Move:10.000mm
16:23:27.003 [I] MotionProcess(SetMsg)[17] : START
16:23:27.175 [I] MotionProcess(SetMsg)[17] : Process 동작 1회
16:23:27.253 [I] MotionProcess(SetMsg)[17] : Ready Position Move
16:23:27.258 [I] MotionProcess(SetMsg)[17] : AXIS_Z Bypass : Cur:0.000mm Move:0.000mm
16:23:27.411 [I] MotionProcess(SetMsg)[17] : Process Position Move
16:23:27.412 [I] MotionProcess(SetMsg)[17] : AXIS_Z Move : Cur:0.000mm Move:10.000mm
16:23:31.306 [I] MotionProcess(SetMsg)[17] : AXIS_Z : Cur:10.000mm Move:10.000mm
16:23:31.461 [I] MotionProcess(SetMsg)[17] : Process 동작 2회
16:23:31.538 [I] MotionProcess(SetMsg)[17] : Ready Position Move
16:23:31.539 [I] MotionProcess(SetMsg)[17] : AXIS_Z Move : Cur:10.000mm Move:0.000mm
16:23:35.351 [I] MotionProcess(SetMsg)[17] : AXIS_Z : Cur:0.000mm Move:0.000mm
16:23:35.429 [I] MotionProcess(SetMsg)[17] : Process Position Move
16:23:35.430 [I] MotionProcess(SetMsg)[17] : AXIS_Z Move : Cur:0.000mm Move:10.000mm
16:23:39.327 [I] MotionProcess(SetMsg)[17] : AXIS_Z : Cur:10.000mm Move:10.000mm
16:23:39.482 [I] MotionProcess(SetMsg)[17] : Process 동작 3회
16:23:39.559 [I] MotionProcess(SetMsg)[17] : Ready Position Move
16:23:39.559 [I] MotionProcess(SetMsg)[17] : AXIS_Z Move : Cur:10.000mm Move:0.000mm
16:23:43.441 [I] MotionProcess(SetMsg)[17] : AXIS_Z : Cur:0.000mm Move:0.000mm
16:23:43.520 [I] MotionProcess(SetMsg)[17] : Process Position Move
16:23:43.520 [I] MotionProcess(SetMsg)[17] : AXIS_Z Move : Cur:0.000mm Move:10.000mm
16:23:47.411 [I] MotionProcess(SetMsg)[17] : AXIS_Z : Cur:10.000mm Move:10.000mm
16:23:47.569 [I] MotionProcess(SetMsg)[17] : Ready Position Move
16:23:47.570 [I] MotionProcess(SetMsg)[17] : AXIS_Z Move : Cur:10.000mm Move:0.000mm
16:23:51.452 [I] MotionProcess(SetMsg)[17] : AXIS_Z : Cur:0.000mm Move:0.000mm
16:23:51.529 [I] MotionProcess(SetMsg)[17] : End
16:24:35.945 [I] MotionProcess(SetMsg)[17] : START
16:24:36.118 [I] MotionProcess(SetMsg)[17] : Process 동작 1회
16:24:36.197 [I] MotionProcess(SetMsg)[17] : Ready Position Move
16:24:36.202 [I] MotionProcess(SetMsg)[17] : AXIS_Z Bypass : Cur:0.000mm Move:0.000mm
16:24:36.354 [I] MotionProcess(SetMsg)[17] : Process Position Move
16:24:36.355 [I] MotionProcess(SetMsg)[17] : AXIS_Z Move : Cur:0.000mm Move:10.000mm
16:24:40.257 [I] MotionProcess(SetMsg)[17] : AXIS_Z : Cur:10.000mm Move:10.000mm
16:24:40.412 [I] MotionProcess(SetMsg)[17] : Process 동작 2회
16:24:40.490 [I] MotionProcess(SetMsg)[17] : Ready Position Move
16:24:40.490 [I] MotionProcess(SetMsg)[17] : AXIS_Z Move : Cur:10.000mm Move:0.000mm
16:25:32.650 [I] MotionProcess(SetMsg)[17] : START
16:25:32.827 [I] MotionProcess(SetMsg)[17] : Process 동작 1회
16:25:32.904 [I] MotionProcess(SetMsg)[17] : Ready Position Move
16:25:32.908 [I] MotionProcess(SetMsg)[17] : AXIS_Z Bypass : Cur:0.000mm Move:0.000mm
16:25:33.075 [I] MotionProcess(SetMsg)[17] : Process Position Move
16:25:33.075 [I] MotionProcess(SetMsg)[17] : AXIS_Z Move : Cur:0.000mm Move:10.000mm
16:25:36.973 [I] MotionProcess(SetMsg)[17] : AXIS_Z : Cur:10.000mm Move:10.000mm
16:25:37.132 [I] MotionProcess(SetMsg)[17] : Process 동작 2회
16:25:37.210 [I] MotionProcess(SetMsg)[17] : Ready Position Move
16:25:37.210 [I] MotionProcess(SetMsg)[17] : AXIS_Z Move : Cur:10.000mm Move:0.000mm
16:35:09.426 [I] MotionProcess(SetMsg)[17] : START
16:35:09.599 [I] MotionProcess(SetMsg)[17] : Process 동작 1회
16:35:09.677 [I] MotionProcess(SetMsg)[17] : Ready Position Move
16:35:09.682 [I] MotionProcess(SetMsg)[17] : AXIS_Z Bypass : Cur:0.000mm Move:0.000mm
16:35:09.832 [I] MotionProcess(SetMsg)[17] : Process Position Move
16:35:09.834 [I] MotionProcess(SetMsg)[17] : AXIS_Z Move : Cur:0.000mm Move:10.000mm
16:35:13.736 [I] MotionProcess(SetMsg)[17] : AXIS_Z : Cur:10.000mm Move:10.000mm
16:35:13.893 [I] MotionProcess(SetMsg)[17] : Process 동작 2회
16:35:13.972 [I] MotionProcess(SetMsg)[17] : Ready Position Move
16:35:13.972 [I] MotionProcess(SetMsg)[17] : AXIS_Z Move : Cur:10.000mm Move:0.000mm
16:35:51.643 [I] MotionProcess(SetMsg)[16] : START
16:35:51.816 [I] MotionProcess(SetMsg)[16] : Process 동작 1회
16:35:51.893 [I] MotionProcess(SetMsg)[16] : Ready Position Move
16:35:51.897 [I] MotionProcess(SetMsg)[16] : AXIS_Z Bypass : Cur:0.000mm Move:0.000mm
16:35:52.049 [I] MotionProcess(SetMsg)[16] : Process Position Move
16:35:52.050 [I] MotionProcess(SetMsg)[16] : AXIS_Z Move : Cur:0.000mm Move:10.000mm
16:36:40.549 [I] MotionProcess(SetMsg)[17] : START
16:36:40.727 [I] MotionProcess(SetMsg)[17] : Process 동작 1회
16:36:40.805 [I] MotionProcess(SetMsg)[17] : Ready Position Move
16:36:40.810 [I] MotionProcess(SetMsg)[17] : AXIS_Z Bypass : Cur:0.000mm Move:0.000mm
16:36:40.975 [I] MotionProcess(SetMsg)[17] : Process Position Move
16:36:40.976 [I] MotionProcess(SetMsg)[17] : AXIS_Z Move : Cur:0.000mm Move:10.000mm
16:36:44.857 [I] MotionProcess(SetMsg)[17] : AXIS_Z : Cur:10.000mm Move:10.000mm
16:36:45.013 [I] MotionProcess(SetMsg)[17] : Process 동작 2회
16:36:45.093 [I] MotionProcess(SetMsg)[17] : Ready Position Move
16:36:45.093 [I] MotionProcess(SetMsg)[17] : AXIS_Z Move : Cur:10.000mm Move:0.000mm
16:37:44.418 [I] MotionProcess(SetMsg)[17] : START
16:37:44.596 [I] MotionProcess(SetMsg)[17] : Process 동작 1회
16:37:44.674 [I] MotionProcess(SetMsg)[17] : Ready Position Move
16:37:44.679 [I] MotionProcess(SetMsg)[17] : AXIS_Z Bypass : Cur:0.000mm Move:0.000mm
16:37:44.846 [I] MotionProcess(SetMsg)[17] : Process Position Move
16:37:44.846 [I] MotionProcess(SetMsg)[17] : AXIS_Z Move : Cur:0.000mm Move:10.000mm
16:37:48.678 [I] MotionProcess(SetMsg)[17] : AXIS_Z : Cur:10.000mm Move:10.000mm
16:37:48.832 [I] MotionProcess(SetMsg)[17] : Process 동작 2회
16:37:48.910 [I] MotionProcess(SetMsg)[17] : Ready Position Move
16:37:48.911 [I] MotionProcess(SetMsg)[17] : AXIS_Z Move : Cur:10.000mm Move:0.000mm
16:38:40.212 [I] MotionProcess(SetMsg)[17] : START
16:38:40.379 [I] MotionProcess(SetMsg)[17] : Process 동작 1회
16:38:40.457 [I] MotionProcess(SetMsg)[17] : Ready Position Move
16:38:40.461 [I] MotionProcess(SetMsg)[17] : AXIS_Z Bypass : Cur:0.000mm Move:0.000mm
16:38:40.612 [I] MotionProcess(SetMsg)[17] : Process Position Move
16:38:40.612 [I] MotionProcess(SetMsg)[17] : AXIS_Z Move : Cur:0.000mm Move:10.000mm
