14:24:14.721 [I] MotionProcess(SetMsg)[20] : START
14:24:14.858 [I] MotionProcess(SetMsg)[20] : Process 동작 1회
14:24:14.920 [I] MotionProcess(SetMsg)[20] : Ready Position Move
14:24:14.927 [I] MotionProcess(SetMsg)[20] : AXIS_Z Bypass : Cur:0.000mm Move:0.000mm
14:24:15.052 [I] MotionProcess(SetMsg)[20] : Process Position Move
14:24:15.052 [I] MotionProcess(SetMsg)[20] : AXIS_Z Move : Cur:0.000mm Move:10.000mm
14:24:18.770 [I] MotionProcess(SetMsg)[20] : AXIS_Z : Cur:10.000mm Move:10.000mm
14:24:18.895 [I] MotionProcess(SetMsg)[20] : Process 동작 2회
14:24:18.956 [I] MotionProcess(SetMsg)[20] : Ready Position Move
14:24:18.956 [I] MotionProcess(SetMsg)[20] : AXIS_Z Move : Cur:10.000mm Move:0.000mm
14:24:22.556 [I] MotionProcess(SetMsg)[20] : AXIS_Z : Cur:0.000mm Move:0.000mm
14:24:22.618 [I] MotionProcess(SetMsg)[20] : Process Position Move
14:24:22.618 [I] MotionProcess(SetMsg)[20] : AXIS_Z Move : Cur:0.000mm Move:10.000mm
14:24:26.174 [I] MotionProcess(SetMsg)[20] : AXIS_Z : Cur:10.000mm Move:10.000mm
14:24:26.297 [I] MotionProcess(SetMsg)[20] : Process 동작 3회
14:24:26.359 [I] MotionProcess(SetMsg)[20] : Ready Position Move
14:24:26.359 [I] MotionProcess(SetMsg)[20] : AXIS_Z Move : Cur:10.000mm Move:0.000mm
14:24:29.922 [I] MotionProcess(SetMsg)[20] : AXIS_Z : Cur:0.000mm Move:0.000mm
14:24:29.984 [I] MotionProcess(SetMsg)[20] : Process Position Move
14:24:29.984 [I] MotionProcess(SetMsg)[20] : AXIS_Z Move : Cur:0.000mm Move:10.000mm
14:24:33.544 [I] MotionProcess(SetMsg)[20] : AXIS_Z : Cur:10.000mm Move:10.000mm
14:24:33.667 [I] MotionProcess(SetMsg)[20] : Ready Position Move
14:24:33.667 [I] MotionProcess(SetMsg)[20] : AXIS_Z Move : Cur:10.000mm Move:0.000mm
14:24:37.229 [I] MotionProcess(SetMsg)[20] : AXIS_Z : Cur:0.000mm Move:0.000mm
14:24:37.304 [I] MotionProcess(SetMsg)[20] : End
14:47:11.499 [I] MotionProcess(SetMsg)[17] : START
14:47:11.669 [I] MotionProcess(SetMsg)[17] : Process 동작 1회
14:47:11.748 [I] MotionProcess(SetMsg)[17] : Ready Position Move
14:47:11.757 [I] MotionProcess(SetMsg)[17] : AXIS_Z Bypass : Cur:0.000mm Move:0.000mm
14:47:11.920 [I] MotionProcess(SetMsg)[17] : Process Position Move
14:47:11.921 [I] MotionProcess(SetMsg)[17] : AXIS_Z Move : Cur:0.000mm Move:10.000mm
14:47:15.817 [I] MotionProcess(SetMsg)[17] : AXIS_Z : Cur:10.000mm Move:10.000mm
14:47:15.974 [I] MotionProcess(SetMsg)[17] : Process 동작 2회
14:47:16.052 [I] MotionProcess(SetMsg)[17] : Ready Position Move
14:47:16.052 [I] MotionProcess(SetMsg)[17] : AXIS_Z Move : Cur:10.000mm Move:0.000mm
14:47:36.602 [I] MotionProcess(SetMsg)[17] : START
14:47:36.782 [I] MotionProcess(SetMsg)[17] : Process 동작 1회
14:47:36.861 [I] MotionProcess(SetMsg)[17] : Ready Position Move
14:47:36.866 [I] MotionProcess(SetMsg)[17] : AXIS_Z Bypass : Cur:0.000mm Move:0.000mm
14:47:37.019 [I] MotionProcess(SetMsg)[17] : Process Position Move
14:47:37.020 [I] MotionProcess(SetMsg)[17] : AXIS_Z Move : Cur:0.000mm Move:10.000mm
14:47:40.904 [I] MotionProcess(SetMsg)[17] : AXIS_Z : Cur:10.000mm Move:10.000mm
14:47:41.060 [I] MotionProcess(SetMsg)[17] : Process 동작 2회
14:47:41.139 [I] MotionProcess(SetMsg)[17] : Ready Position Move
14:47:41.139 [I] MotionProcess(SetMsg)[17] : AXIS_Z Move : Cur:10.000mm Move:0.000mm
14:53:29.673 [I] MotionProcess(SetMsg)[17] : START
14:53:29.856 [I] MotionProcess(SetMsg)[17] : Process 동작 1회
14:53:29.933 [I] MotionProcess(SetMsg)[17] : Ready Position Move
14:53:29.938 [I] MotionProcess(SetMsg)[17] : AXIS_Z Bypass : Cur:0.000mm Move:0.000mm
14:53:30.091 [I] MotionProcess(SetMsg)[17] : Process Position Move
14:53:30.091 [I] MotionProcess(SetMsg)[17] : AXIS_Z Move : Cur:0.000mm Move:10.000mm
14:53:33.918 [I] MotionProcess(SetMsg)[17] : AXIS_Z : Cur:10.000mm Move:10.000mm
14:53:34.075 [I] MotionProcess(SetMsg)[17] : Process 동작 2회
14:53:34.153 [I] MotionProcess(SetMsg)[17] : Ready Position Move
14:53:34.153 [I] MotionProcess(SetMsg)[17] : AXIS_Z Move : Cur:10.000mm Move:0.000mm
14:53:37.983 [I] MotionProcess(SetMsg)[17] : AXIS_Z : Cur:0.000mm Move:0.000mm
14:53:38.062 [I] MotionProcess(SetMsg)[17] : Process Position Move
14:53:38.062 [I] MotionProcess(SetMsg)[17] : AXIS_Z Move : Cur:0.000mm Move:10.000mm
14:53:54.360 [I] MotionProcess(SetMsg)[17] : START
14:53:54.538 [I] MotionProcess(SetMsg)[17] : Process 동작 1회
14:53:54.617 [I] MotionProcess(SetMsg)[17] : Ready Position Move
14:53:54.622 [I] MotionProcess(SetMsg)[17] : AXIS_Z Bypass : Cur:0.000mm Move:0.000mm
14:53:54.775 [I] MotionProcess(SetMsg)[17] : Process Position Move
14:53:54.776 [I] MotionProcess(SetMsg)[17] : AXIS_Z Move : Cur:0.000mm Move:10.000mm
14:54:26.205 [I] MotionProcess(SetMsg)[17] : START
14:54:26.385 [I] MotionProcess(SetMsg)[17] : Process 동작 1회
14:54:26.464 [I] MotionProcess(SetMsg)[17] : Ready Position Move
14:54:26.468 [I] MotionProcess(SetMsg)[17] : AXIS_Z Bypass : Cur:0.000mm Move:0.000mm
14:54:26.619 [I] MotionProcess(SetMsg)[17] : Process Position Move
14:54:26.619 [I] MotionProcess(SetMsg)[17] : AXIS_Z Move : Cur:0.000mm Move:10.000mm
14:54:30.526 [I] MotionProcess(SetMsg)[17] : AXIS_Z : Cur:10.000mm Move:10.000mm
14:54:30.683 [I] MotionProcess(SetMsg)[17] : Process 동작 2회
14:54:30.762 [I] MotionProcess(SetMsg)[17] : Ready Position Move
14:54:30.762 [I] MotionProcess(SetMsg)[17] : AXIS_Z Move : Cur:10.000mm Move:0.000mm
14:56:19.535 [I] MotionProcess(SetMsg)[16] : START
14:56:19.719 [I] MotionProcess(SetMsg)[16] : Process 동작 1회
14:56:19.796 [I] MotionProcess(SetMsg)[16] : Ready Position Move
14:56:19.805 [I] MotionProcess(SetMsg)[16] : AXIS_Z Bypass : Cur:0.000mm Move:0.000mm
14:56:19.968 [I] MotionProcess(SetMsg)[16] : Process Position Move
14:56:19.969 [I] MotionProcess(SetMsg)[16] : AXIS_Z Move : Cur:0.000mm Move:10.000mm
14:56:23.872 [I] MotionProcess(SetMsg)[16] : AXIS_Z : Cur:10.000mm Move:10.000mm
14:56:24.026 [I] MotionProcess(SetMsg)[16] : Process 동작 2회
14:56:24.105 [I] MotionProcess(SetMsg)[16] : Ready Position Move
14:56:24.105 [I] MotionProcess(SetMsg)[16] : AXIS_Z Move : Cur:10.000mm Move:0.000mm
