15:20:27.777 [I] MotionProcess(SetMsg)[21] : START
15:20:27.908 [I] MotionProcess(SetMsg)[21] : Process 동작 1회
15:20:27.970 [I] MotionProcess(SetMsg)[21] : Ready Position Move
15:20:27.975 [I] MotionProcess(SetMsg)[21] : AXIS_Z Bypass : Cur:0.000mm Move:0.000mm
15:20:28.099 [I] MotionProcess(SetMsg)[21] : Process Position Move
15:20:28.099 [I] MotionProcess(SetMsg)[21] : AXIS_Z Bypass : Cur:0.000mm Move:0.000mm
15:20:28.283 [I] MotionProcess(SetMsg)[21] : Process 동작 2회
15:20:28.345 [I] MotionProcess(SetMsg)[21] : Ready Position Move
15:20:28.345 [I] MotionProcess(SetMsg)[21] : AXIS_Z Bypass : Cur:0.000mm Move:0.000mm
15:20:28.467 [I] MotionProcess(SetMsg)[21] : Process Position Move
15:20:28.467 [I] MotionProcess(SetMsg)[21] : AXIS_Z Bypass : Cur:0.000mm Move:0.000mm
15:20:28.651 [I] MotionProcess(SetMsg)[21] : Process 동작 3회
15:20:28.714 [I] MotionProcess(SetMsg)[21] : Ready Position Move
15:20:28.714 [I] MotionProcess(SetMsg)[21] : AXIS_Z Bypass : Cur:0.000mm Move:0.000mm
15:20:28.836 [I] MotionProcess(SetMsg)[21] : Process Position Move
15:20:28.836 [I] MotionProcess(SetMsg)[21] : AXIS_Z Bypass : Cur:0.000mm Move:0.000mm
15:20:29.019 [I] MotionProcess(SetMsg)[21] : Ready Position Move
15:20:29.019 [I] MotionProcess(SetMsg)[21] : AXIS_Z Bypass : Cur:0.000mm Move:0.000mm
15:20:29.144 [I] MotionProcess(SetMsg)[21] : End
15:21:14.567 [I] MotionProcess(SetMsg)[24] : START
15:21:26.875 [I] MotionProcess(SetMsg)[24] : Process 동작 1회
15:21:27.031 [I] MotionProcess(SetMsg)[24] : Ready Position Move
15:21:27.081 [I] MotionProcess(SetMsg)[24] : AXIS_Z Bypass : Cur:0.000mm Move:0.000mm
15:21:27.406 [I] MotionProcess(SetMsg)[24] : Process Position Move
15:21:27.407 [I] MotionProcess(SetMsg)[24] : AXIS_Z Bypass : Cur:0.000mm Move:0.000mm
15:21:27.829 [I] MotionProcess(SetMsg)[24] : Process 동작 2회
15:21:27.939 [I] MotionProcess(SetMsg)[24] : Ready Position Move
15:21:27.943 [I] MotionProcess(SetMsg)[24] : AXIS_Z Bypass : Cur:0.000mm Move:0.000mm
15:21:28.502 [I] MotionProcess(SetMsg)[24] : Process Position Move
15:21:28.512 [I] MotionProcess(SetMsg)[24] : AXIS_Z Bypass : Cur:0.000mm Move:0.000mm
15:21:29.356 [I] MotionProcess(SetMsg)[24] : Process 동작 3회
15:21:29.513 [I] MotionProcess(SetMsg)[24] : Ready Position Move
15:21:29.522 [I] MotionProcess(SetMsg)[24] : AXIS_Z Bypass : Cur:0.000mm Move:0.000mm
15:21:29.699 [I] MotionProcess(SetMsg)[24] : Process Position Move
15:21:29.720 [I] MotionProcess(SetMsg)[24] : AXIS_Z Bypass : Cur:0.000mm Move:0.000mm
15:21:30.472 [I] MotionProcess(SetMsg)[24] : Ready Position Move
15:21:30.482 [I] MotionProcess(SetMsg)[24] : AXIS_Z Bypass : Cur:0.000mm Move:0.000mm
15:21:31.075 [I] MotionProcess(SetMsg)[24] : End
15:21:40.158 [I] MotionProcess(SetMsg)[23] : START
15:21:40.284 [I] MotionProcess(SetMsg)[23] : Process 동작 1회
15:21:40.349 [I] MotionProcess(SetMsg)[23] : Ready Position Move
15:21:40.349 [I] MotionProcess(SetMsg)[23] : AXIS_Z Bypass : Cur:0.000mm Move:0.000mm
15:21:40.471 [I] MotionProcess(SetMsg)[23] : Process Position Move
15:21:40.471 [I] MotionProcess(SetMsg)[23] : AXIS_Z Bypass : Cur:0.000mm Move:0.000mm
15:21:40.655 [I] MotionProcess(SetMsg)[23] : Process 동작 2회
15:21:40.716 [I] MotionProcess(SetMsg)[23] : Ready Position Move
15:21:40.716 [I] MotionProcess(SetMsg)[23] : AXIS_Z Bypass : Cur:0.000mm Move:0.000mm
15:21:40.839 [I] MotionProcess(SetMsg)[23] : Process Position Move
15:21:40.839 [I] MotionProcess(SetMsg)[23] : AXIS_Z Bypass : Cur:0.000mm Move:0.000mm
15:21:41.021 [I] MotionProcess(SetMsg)[23] : Process 동작 3회
15:21:41.106 [I] MotionProcess(SetMsg)[23] : Ready Position Move
15:21:41.106 [I] MotionProcess(SetMsg)[23] : AXIS_Z Bypass : Cur:0.000mm Move:0.000mm
15:21:41.235 [I] MotionProcess(SetMsg)[23] : Process Position Move
15:21:41.235 [I] MotionProcess(SetMsg)[23] : AXIS_Z Bypass : Cur:0.000mm Move:0.000mm
15:21:41.420 [I] MotionProcess(SetMsg)[23] : Ready Position Move
15:21:41.420 [I] MotionProcess(SetMsg)[23] : AXIS_Z Bypass : Cur:0.000mm Move:0.000mm
15:21:41.542 [I] MotionProcess(SetMsg)[23] : End
15:51:09.340 [I] MotionProcess(SetMsg)[21] : START
15:51:16.113 [I] MotionProcess(SetMsg)[21] : Process 동작 1회
15:51:16.366 [I] MotionProcess(SetMsg)[21] : Ready Position Move
15:51:17.955 [I] MotionProcess(SetMsg)[21] : AXIS_Z Bypass : Cur:0.000mm Move:0.000mm
15:51:19.114 [I] MotionProcess(SetMsg)[21] : Process Position Move
15:51:19.123 [I] MotionProcess(SetMsg)[21] : AXIS_Z Bypass : Cur:0.000mm Move:0.000mm
