09:43:54.053 [I] MotionProcess(SetMsg)[17] : START
09:43:54.231 [I] MotionProcess(SetMsg)[17] : Process 동작 1회
09:43:54.308 [I] MotionProcess(SetMsg)[17] : Ready Position Move
09:43:54.312 [I] MotionProcess(SetMsg)[17] : AXIS_Z Bypass : Cur:0.000mm Move:0.000mm
09:43:54.462 [I] MotionProcess(SetMsg)[17] : Process Position Move
09:43:54.462 [I] MotionProcess(SetMsg)[17] : AXIS_Z Move : Cur:0.000mm Move:10.000mm
09:43:58.351 [I] MotionProcess(SetMsg)[17] : AXIS_Z : Cur:10.000mm Move:10.000mm
09:43:58.510 [I] MotionProcess(SetMsg)[17] : Process 동작 2회
09:43:58.589 [I] MotionProcess(SetMsg)[17] : Ready Position Move
09:43:58.589 [I] MotionProcess(SetMsg)[17] : AXIS_Z Move : Cur:10.000mm Move:0.000mm
09:44:02.439 [I] MotionProcess(SetMsg)[17] : AXIS_Z : Cur:0.000mm Move:0.000mm
09:44:02.515 [I] MotionProcess(SetMsg)[17] : Process Position Move
09:44:02.517 [I] MotionProcess(SetMsg)[17] : AXIS_Z Move : Cur:0.000mm Move:10.000mm
09:44:06.340 [I] MotionProcess(SetMsg)[17] : AXIS_Z : Cur:10.000mm Move:10.000mm
09:44:06.496 [I] MotionProcess(SetMsg)[17] : Process 동작 3회
09:44:06.575 [I] MotionProcess(SetMsg)[17] : Ready Position Move
09:44:06.575 [I] MotionProcess(SetMsg)[17] : AXIS_Z Move : Cur:10.000mm Move:0.000mm
09:44:10.451 [I] MotionProcess(SetMsg)[17] : AXIS_Z : Cur:0.000mm Move:0.000mm
09:44:10.528 [I] MotionProcess(SetMsg)[17] : Process Position Move
09:44:10.528 [I] MotionProcess(SetMsg)[17] : AXIS_Z Move : Cur:0.000mm Move:10.000mm
09:44:14.341 [I] MotionProcess(SetMsg)[17] : AXIS_Z : Cur:10.000mm Move:10.000mm
09:44:14.495 [I] MotionProcess(SetMsg)[17] : Ready Position Move
09:44:14.496 [I] MotionProcess(SetMsg)[17] : AXIS_Z Move : Cur:10.000mm Move:0.000mm
09:46:17.412 [I] MotionProcess(SetMsg)[20] : START
09:46:17.751 [I] MotionProcess(SetMsg)[20] : Process 동작 1회
09:46:17.892 [I] MotionProcess(SetMsg)[20] : Ready Position Move
09:46:17.898 [I] MotionProcess(SetMsg)[20] : AXIS_Z Bypass : Cur:0.000mm Move:0.000mm
09:46:18.364 [I] MotionProcess(SetMsg)[20] : Process Position Move
09:46:18.365 [I] MotionProcess(SetMsg)[20] : AXIS_Z Move : Cur:0.000mm Move:10.000mm
09:46:23.528 [I] MotionProcess(SetMsg)[20] : AXIS_Z : Cur:10.000mm Move:10.000mm
09:52:29.149 [I] MotionProcess(SetMsg)[17] : START
09:52:29.329 [I] MotionProcess(SetMsg)[17] : Process 동작 1회
09:52:29.407 [I] MotionProcess(SetMsg)[17] : Ready Position Move
09:52:29.412 [I] MotionProcess(SetMsg)[17] : AXIS_Z Bypass : Cur:0.000mm Move:0.000mm
09:52:29.578 [I] MotionProcess(SetMsg)[17] : Process Position Move
09:52:29.579 [I] MotionProcess(SetMsg)[17] : AXIS_Z Move : Cur:0.000mm Move:10.000mm
09:52:33.475 [I] MotionProcess(SetMsg)[17] : AXIS_Z : Cur:10.000mm Move:10.000mm
09:52:33.631 [I] MotionProcess(SetMsg)[17] : Process 동작 2회
09:52:33.710 [I] MotionProcess(SetMsg)[17] : Ready Position Move
09:52:33.710 [I] MotionProcess(SetMsg)[17] : AXIS_Z Move : Cur:10.000mm Move:0.000mm
09:56:15.045 [I] MotionProcess(SetMsg)[17] : START
09:56:15.238 [I] MotionProcess(SetMsg)[17] : Process 동작 1회
09:56:15.315 [I] MotionProcess(SetMsg)[17] : Ready Position Move
09:56:15.319 [I] MotionProcess(SetMsg)[17] : AXIS_Z Bypass : Cur:0.000mm Move:0.000mm
09:56:15.472 [I] MotionProcess(SetMsg)[17] : Process Position Move
09:56:15.472 [I] MotionProcess(SetMsg)[17] : AXIS_Z Move : Cur:0.000mm Move:10.000mm
09:56:19.381 [I] MotionProcess(SetMsg)[17] : AXIS_Z : Cur:10.000mm Move:10.000mm
09:56:19.540 [I] MotionProcess(SetMsg)[17] : Process 동작 2회
09:56:19.617 [I] MotionProcess(SetMsg)[17] : Ready Position Move
09:56:19.617 [I] MotionProcess(SetMsg)[17] : AXIS_Z Move : Cur:10.000mm Move:0.000mm
09:57:21.695 [I] MotionProcess(SetMsg)[17] : START
09:57:21.874 [I] MotionProcess(SetMsg)[17] : Process 동작 1회
09:57:21.952 [I] MotionProcess(SetMsg)[17] : Ready Position Move
09:57:21.956 [I] MotionProcess(SetMsg)[17] : AXIS_Z Bypass : Cur:0.000mm Move:0.000mm
09:57:22.106 [I] MotionProcess(SetMsg)[17] : Process Position Move
09:57:22.107 [I] MotionProcess(SetMsg)[17] : AXIS_Z Move : Cur:0.000mm Move:10.000mm
09:57:26.012 [I] MotionProcess(SetMsg)[17] : AXIS_Z : Cur:10.000mm Move:10.000mm
09:57:26.167 [I] MotionProcess(SetMsg)[17] : Process 동작 2회
09:57:26.246 [I] MotionProcess(SetMsg)[17] : Ready Position Move
09:57:26.247 [I] MotionProcess(SetMsg)[17] : AXIS_Z Move : Cur:10.000mm Move:0.000mm
09:57:30.135 [I] MotionProcess(SetMsg)[17] : AXIS_Z : Cur:0.000mm Move:0.000mm
09:57:30.213 [I] MotionProcess(SetMsg)[17] : Process Position Move
09:57:30.214 [I] MotionProcess(SetMsg)[17] : AXIS_Z Move : Cur:0.000mm Move:10.000mm
