10:10:22.243 [I] MainViewModel(ProgramStart)[1] : 프로그램 시작(v 0.0.4347.1) =====================
10:11:12.696 [E] MainViewModel(System_OnInterlockCheckEvent)[1] : 프로그램을 실행하시겠습니까?
10:12:22.912 [E] SystemManager(System_OnInterlockMsgEvent)[1] : 레시피 신규생성 되었습니다.
10:12:54.747 [E] SystemManager(System_OnInterlockMsgEvent)[1] : 레시피 삭제 되었습니다.
10:13:07.488 [E] SystemManager(System_OnInterlockMsgEvent)[1] : 레시피 저장 되었습니다.
10:13:12.300 [E] SystemManager(System_OnInterlockMsgEvent)[1] : 레시피가 선택되지 않았습니다.
10:13:21.619 [E] MainViewModel(System_OnInterlockCheckEvent)[1] : 프로그램을 실행하시겠습니까?
10:49:43.120 [I] MainViewModel(ProgramStart)[1] : 프로그램 시작(v 0.0.4347.1) =====================
10:49:53.602 [E] MainViewModel(System_OnInterlockCheckEvent)[1] : 프로그램을 실행하시겠습니까?
10:50:01.075 [E] MainViewModel(System_OnInterlockCheckEvent)[1] : 프로그램을 실행하시겠습니까?
10:50:06.633 [E] MainViewModel(System_OnInterlockCheckEvent)[1] : 프로그램을 실행하시겠습니까?
10:50:11.883 [I] MainViewModel(OnCommand)[1] : 프로그램 종료(v 0.0.4347.1) =====================
10:51:30.258 [I] MainViewModel(ProgramStart)[1] : 프로그램 시작(v 0.0.4347.1) =====================
10:51:34.399 [E] MainViewModel(System_OnInterlockCheckEvent)[1] : 프로그램을 실행하시겠습니까?
10:51:48.619 [I] MainViewModel(OnCommand)[1] : 프로그램 종료(v 0.0.4347.1) =====================
10:51:54.703 [I] MainViewModel(ProgramStart)[1] : 프로그램 시작(v 0.0.4347.1) =====================
10:52:37.541 [E] MainViewModel(System_OnInterlockCheckEvent)[1] : 프로그램을 실행하시겠습니까?
10:52:53.181 [I] MainViewModel(OnCommand)[1] : 프로그램 종료(v 0.0.4347.1) =====================
10:52:59.144 [I] MainViewModel(ProgramStart)[1] : 프로그램 시작(v 0.0.4347.1) =====================
10:53:03.702 [E] MainViewModel(System_OnInterlockCheckEvent)[1] : 프로그램을 실행하시겠습니까?
10:53:08.432 [E] MainViewModel(System_OnInterlockCheckEvent)[1] : 프로그램을 실행하시겠습니까?
10:53:13.540 [E] MainViewModel(System_OnInterlockCheckEvent)[1] : 프로그램을 실행하시겠습니까?
10:53:26.029 [E] MainViewModel(System_OnInterlockCheckEvent)[1] : 프로그램을 실행하시겠습니까?
10:56:25.881 [E] MainViewModel(System_OnInterlockCheckEvent)[1] : 프로그램을 실행하시겠습니까?
