18:02:40.950 [I] ProcManager(StartAxisZMove)[1] : 3 횟수
18:02:40.951 [E] SystemManager(System_OnInterlockMsgEvent)[1] : 위치를 벗어나 아래로 이동할 수 없습니다.
18:02:42.207 [E] SystemManager(System_OnInterlockMsgEvent)[1] : 위치를 벗어나 아래로 이동할 수 없습니다.
18:02:43.341 [E] SystemManager(System_OnInterlockMsgEvent)[1] : 위치를 벗어나 아래로 이동할 수 없습니다.
18:02:44.521 [E] SystemManager(System_OnInterlockMsgEvent)[1] : Z AXIS 이동 완료
18:03:40.770 [I] ProcManager(StartAxisZMove)[1] : 3 횟수
18:03:40.773 [E] SystemManager(System_OnInterlockMsgEvent)[1] : 위치를 벗어나 아래로 이동할 수 없습니다.
18:03:42.430 [E] SystemManager(System_OnInterlockMsgEvent)[1] : 위치를 벗어나 아래로 이동할 수 없습니다.
18:03:43.135 [E] SystemManager(System_OnInterlockMsgEvent)[1] : 위치를 벗어나 아래로 이동할 수 없습니다.
18:03:43.649 [E] SystemManager(System_OnInterlockMsgEvent)[1] : Z AXIS 이동 완료
18:03:50.899 [I] ProcManager(StartAxisZMove)[1] : 3 횟수
18:03:51.040 [E] SystemManager(System_OnInterlockMsgEvent)[1] : 위치를 벗어나 아래로 이동할 수 없습니다.
18:03:52.336 [E] SystemManager(System_OnInterlockMsgEvent)[1] : 위치를 벗어나 아래로 이동할 수 없습니다.
18:03:52.893 [E] SystemManager(System_OnInterlockMsgEvent)[1] : 위치를 벗어나 아래로 이동할 수 없습니다.
18:03:53.273 [E] SystemManager(System_OnInterlockMsgEvent)[1] : Z AXIS 이동 완료
18:03:55.084 [E] SystemManager(System_OnInterlockMsgEvent)[1] : 프로세스 정지 후 재시도 해주세요.
18:03:57.438 [I] ProcManager(StartAxisZMove)[1] : 3 횟수
18:03:57.438 [E] SystemManager(System_OnInterlockMsgEvent)[1] : 위치를 벗어나 아래로 이동할 수 없습니다.
18:03:58.685 [E] SystemManager(System_OnInterlockMsgEvent)[1] : 위치를 벗어나 아래로 이동할 수 없습니다.
18:04:04.506 [E] SystemManager(System_OnInterlockMsgEvent)[1] : 위치를 벗어나 아래로 이동할 수 없습니다.
18:04:05.537 [E] SystemManager(System_OnInterlockMsgEvent)[1] : Z AXIS 이동 완료
18:04:07.031 [I] ProcManager(StartAxisZMove)[1] : 3 횟수
18:04:07.176 [E] SystemManager(System_OnInterlockMsgEvent)[1] : 위치를 벗어나 아래로 이동할 수 없습니다.
18:04:08.750 [E] SystemManager(System_OnInterlockMsgEvent)[1] : 위치를 벗어나 아래로 이동할 수 없습니다.
18:04:09.436 [E] SystemManager(System_OnInterlockMsgEvent)[1] : 위치를 벗어나 아래로 이동할 수 없습니다.
18:04:10.258 [E] SystemManager(System_OnInterlockMsgEvent)[1] : Z AXIS 이동 완료
18:05:29.880 [I] ProcManager(StartAxisZMove)[1] : 3 횟수
18:05:29.880 [E] SystemManager(System_OnInterlockMsgEvent)[1] : 위치를 벗어나 아래로 이동할 수 없습니다.
18:05:31.127 [E] SystemManager(System_OnInterlockMsgEvent)[1] : 위치를 벗어나 아래로 이동할 수 없습니다.
18:05:32.551 [E] SystemManager(System_OnInterlockMsgEvent)[1] : 위치를 벗어나 아래로 이동할 수 없습니다.
18:05:33.134 [E] SystemManager(System_OnInterlockMsgEvent)[1] : Z AXIS 이동 완료
18:05:35.807 [I] MainViewModel(OnCommand)[1] : 프로그램 종료(v 0.0.4347.1) =====================
18:05:41.113 [I] MainViewModel(ProgramStart)[1] : 프로그램 시작(v 0.0.4347.1) =====================
18:05:59.454 [I] ProcManager(StartAxisZMove)[1] : 3 횟수
18:05:59.456 [E] SystemManager(System_OnInterlockMsgEvent)[1] : 위치를 벗어나 아래로 이동할 수 없습니다.
18:06:01.488 [E] SystemManager(System_OnInterlockMsgEvent)[1] : Z AXIS 이동 완료
18:06:06.539 [I] MainViewModel(OnCommand)[1] : 프로그램 종료(v 0.0.4347.1) =====================
18:06:10.344 [I] MainViewModel(ProgramStart)[1] : 프로그램 시작(v 0.0.4347.1) =====================
18:06:16.941 [E] SystemManager(System_OnInterlockMsgEvent)[1] : 프로세스 초기화 후 재시도 해주세요.
18:06:22.218 [I] ProcManager(StartAxisZMove)[1] : 3 횟수
18:06:22.218 [E] SystemManager(System_OnInterlockMsgEvent)[1] : 위치를 벗어나 아래로 이동할 수 없습니다.
18:06:23.780 [E] SystemManager(System_OnInterlockMsgEvent)[1] : Z AXIS 이동 완료
18:06:46.367 [I] ProcManager(StartAxisZMove)[1] : 3 횟수
18:06:46.510 [E] SystemManager(System_OnInterlockMsgEvent)[1] : 위치를 벗어나 아래로 이동할 수 없습니다.
18:06:48.628 [E] SystemManager(System_OnInterlockMsgEvent)[1] : Z AXIS 이동 완료
18:06:55.476 [I] MainViewModel(OnCommand)[1] : 프로그램 종료(v 0.0.4347.1) =====================
18:06:57.762 [I] MainViewModel(ProgramStart)[1] : 프로그램 시작(v 0.0.4347.1) =====================
18:07:06.632 [E] SystemManager(System_OnInterlockMsgEvent)[1] : 프로세스 초기화 후 재시도 해주세요.
18:07:38.767 [I] ProcManager(StartAxisZMove)[1] : 3 횟수
18:07:45.891 [E] SystemManager(System_OnInterlockMsgEvent)[1] : 위치를 벗어나 아래로 이동할 수 없습니다.
18:07:47.175 [E] SystemManager(System_OnInterlockMsgEvent)[1] : Z AXIS 이동 완료
18:10:29.985 [I] MainViewModel(ProgramStart)[1] : 프로그램 시작(v 0.0.4347.1) =====================
18:11:08.562 [I] ProcManager(StartAxisZMove)[1] : 3 횟수
18:11:08.740 [E] SystemManager(System_OnInterlockMsgEvent)[1] : 위치를 벗어나 아래로 이동할 수 없습니다.
18:11:17.465 [I] ProcManager(StartAxisZMove)[1] : 3 횟수
18:11:17.647 [E] SystemManager(System_OnInterlockMsgEvent)[1] : 위치를 벗어나 아래로 이동할 수 없습니다.
18:11:41.752 [I] ProcManager(StartAxisZMove)[1] : 3 횟수
18:11:41.754 [E] SystemManager(System_OnInterlockMsgEvent)[1] : 위치를 벗어나 위로 이동할 수 없습니다.
18:11:46.824 [I] MainViewModel(OnCommand)[1] : 프로그램 종료(v 0.0.4347.1) =====================
18:11:52.610 [I] MainViewModel(ProgramStart)[1] : 프로그램 시작(v 0.0.4347.1) =====================
18:12:08.916 [I] ProcManager(StartAxisZMove)[1] : 3 횟수
18:12:08.919 [E] SystemManager(System_OnInterlockMsgEvent)[1] : 위치를 벗어나 위로 이동할 수 없습니다.
18:13:13.450 [I] ProcManager(StartAxisZMove)[1] : 3 횟수
18:13:27.022 [E] SystemManager(System_OnInterlockMsgEvent)[1] : 위치를 벗어나 위로 이동할 수 없습니다.
18:14:26.780 [E] SystemManager(System_OnInterlockMsgEvent)[1] : 프로세스 정지 후 재시도 해주세요.
18:14:44.826 [I] ProcManager(StartAxisZMove)[1] : 3 횟수
18:15:06.791 [E] SystemManager(System_OnInterlockMsgEvent)[1] : 위치를 벗어나 위로 이동할 수 없습니다.
18:15:21.961 [I] MainViewModel(ProgramStart)[1] : 프로그램 시작(v 0.0.4347.1) =====================
18:15:34.538 [E] SystemManager(System_OnInterlockMsgEvent)[1] : 프로세스 초기화 후 재시도 해주세요.
18:15:42.650 [I] ProcManager(StartAxisZMove)[1] : 3 횟수
18:15:51.868 [E] SystemManager(System_OnInterlockMsgEvent)[1] : 위치를 벗어나 아래로 이동할 수 없습니다.
18:16:07.008 [I] ProcManager(StartAxisZMove)[1] : 3 횟수
18:16:08.967 [E] SystemManager(System_OnInterlockMsgEvent)[1] : 위치를 벗어나 아래로 이동할 수 없습니다.
18:16:56.960 [I] MainViewModel(ProgramStart)[1] : 프로그램 시작(v 0.0.4347.1) =====================
18:17:04.942 [E] SystemManager(System_OnInterlockMsgEvent)[1] : 프로세스 초기화 후 재시도 해주세요.
18:17:13.291 [I] ProcManager(StartAxisZMove)[1] : 3 횟수
18:17:20.926 [E] SystemManager(System_OnInterlockMsgEvent)[1] : Z AXIS 이동 완료
18:18:09.775 [I] MainViewModel(ProgramStart)[1] : 프로그램 시작(v 0.0.4347.1) =====================
18:18:20.807 [I] ProcManager(StartAxisZMove)[1] : 3 횟수
18:18:30.392 [E] SystemManager(System_OnInterlockMsgEvent)[1] : Z AXIS 이동 완료
18:18:53.241 [I] ProcManager(StartAxisZMove)[1] : 3 횟수
18:19:02.799 [E] SystemManager(System_OnInterlockMsgEvent)[1] : Z AXIS 이동 완료
18:28:16.433 [I] ProcManager(StartAxisZMove)[1] : 3 횟수
18:28:37.610 [I] MainViewModel(ProgramStart)[1] : 프로그램 시작(v 0.0.4347.1) =====================
18:28:54.106 [I] ProcManager(StartAxisZMove)[1] : 3 횟수
18:29:15.211 [E] SystemManager(System_OnInterlockMsgEvent)[1] : Z AXIS 이동 완료
18:29:23.362 [I] MainViewModel(OnCommand)[1] : 프로그램 종료(v 0.0.4347.1) =====================
18:33:11.014 [I] MainViewModel(ProgramStart)[1] : 프로그램 시작(v 0.0.4347.1) =====================
18:33:21.702 [E] SystemManager(System_OnInterlockMsgEvent)[1] : 프로세스 초기화 후 재시도 해주세요.
18:33:27.316 [I] ProcManager(StartAxisZMove)[1] : 3 횟수
18:33:28.546 [E] SystemManager(System_OnInterlockMsgEvent)[1] : Z AXIS 이동 완료
18:36:11.797 [I] MainViewModel(OnCommand)[1] : 프로그램 종료(v 0.0.4347.1) =====================
18:36:17.546 [I] MainViewModel(ProgramStart)[1] : 프로그램 시작(v 0.0.4347.1) =====================
18:36:40.192 [I] ProcManager(StartAxisZMove)[1] : 3 횟수
18:36:40.417 [E] SystemManager(System_OnInterlockMsgEvent)[1] : 위치를 벗어나 아래로 이동할 수 없습니다.
18:36:41.750 [E] SystemManager(System_OnInterlockMsgEvent)[1] : 작동중 에러가 발생.
18:37:04.291 [I] MainViewModel(OnCommand)[1] : 프로그램 종료(v 0.0.4347.1) =====================
18:37:37.559 [I] MainViewModel(ProgramStart)[1] : 프로그램 시작(v 0.0.4347.1) =====================
18:37:43.698 [I] ProcManager(StartAxisZMove)[1] : 3 횟수
18:37:43.699 [E] SystemManager(System_OnInterlockMsgEvent)[1] : 위치를 벗어나 아래로 이동할 수 없습니다.
18:37:45.260 [E] SystemManager(System_OnInterlockMsgEvent)[1] : 작동중 에러가 발생.
18:37:48.027 [I] MainViewModel(OnCommand)[1] : 프로그램 종료(v 0.0.4347.1) =====================
18:46:35.941 [I] MainViewModel(ProgramStart)[1] : 프로그램 시작(v 0.0.4347.1) =====================
18:47:11.093 [I] ProcManager(StartAxisZMove)[1] : 3 횟수
18:47:12.393 [E] SystemManager(System_OnInterlockMsgEvent)[1] : 위치를 벗어나 아래로 이동할 수 없습니다.
18:47:13.490 [E] SystemManager(System_OnInterlockMsgEvent)[1] : 작동중 에러가 발생.
18:47:28.688 [I] ProcManager(StartAxisZMove)[1] : 3 횟수
18:48:15.699 [E] SystemManager(System_OnInterlockMsgEvent)[1] : 위치를 벗어나 아래로 이동할 수 없습니다.
18:48:17.220 [E] SystemManager(System_OnInterlockMsgEvent)[1] : 작동중 에러가 발생.
18:55:46.142 [I] MainViewModel(ProgramStart)[1] : 프로그램 시작(v 0.0.4347.1) =====================
18:55:58.595 [E] SystemManager(System_OnInterlockMsgEvent)[1] : 프로세스 초기화 후 재시도 해주세요.
18:56:13.173 [E] SystemManager(System_OnInterlockMsgEvent)[1] : 프로세스 정지 후 재시도 해주세요.
18:56:22.082 [E] SystemManager(System_OnInterlockMsgEvent)[1] : 프로세스 정지 후 재시도 해주세요.
18:56:35.411 [E] SystemManager(System_OnInterlockMsgEvent)[1] : 프로세스 정지 후 재시도 해주세요.
18:56:42.906 [E] SystemManager(System_OnInterlockMsgEvent)[1] : 프로세스 정지 후 재시도 해주세요.
18:57:01.953 [E] SystemManager(System_OnInterlockMsgEvent)[1] : 프로세스 정지 후 재시도 해주세요.
18:57:04.971 [I] MainViewModel(OnCommand)[1] : 프로그램 종료(v 0.0.4347.1) =====================
18:57:21.624 [I] MainViewModel(ProgramStart)[1] : 프로그램 시작(v 0.0.4347.1) =====================
18:57:30.470 [E] SystemManager(System_OnInterlockMsgEvent)[1] : 프로세스 초기화 후 재시도 해주세요.
18:58:27.920 [E] SystemManager(System_OnInterlockMsgEvent)[1] : 프로세스 정지 후 재시도 해주세요.
18:58:39.632 [E] SystemManager(System_OnInterlockMsgEvent)[1] : 프로세스 정지 후 재시도 해주세요.
18:58:50.832 [E] SystemManager(System_OnInterlockMsgEvent)[1] : 프로세스 정지 후 재시도 해주세요.
