22:00:16.331 [I] MainViewModel(OnCommand)[1] : 프로그램 종료(v 0.0.4347.1) =====================
22:00:19.185 [I] MainViewModel(ProgramStart)[1] : 프로그램 시작(v 0.0.4347.1) =====================
22:01:00.056 [E] SystemManager(System_OnInterlockMsgEvent)[1] : 프로세스 초기화 후 재시도 해주세요.
22:01:07.782 [E] MainViewModel(System_OnInterlockCheckEvent)[1] : 설정 저장 하시겠습니까?
22:01:09.177 [E] SystemManager(System_OnInterlockMsgEvent)[1] : User 데이터 저장 되었습니다.
22:02:20.549 [E] MainViewModel(System_OnInterlockCheckEvent)[1] : 설정 저장 하시겠습니까?
22:02:21.469 [E] SystemManager(System_OnInterlockMsgEvent)[1] : User 데이터 저장 되었습니다.
22:02:26.540 [E] MainViewModel(System_OnInterlockCheckEvent)[1] : 설정 저장 하시겠습니까?
22:02:28.025 [E] SystemManager(System_OnInterlockMsgEvent)[1] : User 데이터 저장 되었습니다.
22:03:26.856 [E] MainViewModel(System_OnInterlockCheckEvent)[1] : 설정 저장 하시겠습니까?
22:03:27.845 [E] SystemManager(System_OnInterlockMsgEvent)[1] : User 데이터 저장 되었습니다.
22:03:32.167 [I] MainViewModel(OnCommand)[1] : 프로그램 종료(v 0.0.4347.1) =====================
22:03:36.404 [I] MainViewModel(ProgramStart)[1] : 프로그램 시작(v 0.0.4347.1) =====================
22:03:44.275 [E] SystemManager(System_OnInterlockMsgEvent)[1] : 데이터를 Refresh 하시겠습니까?
22:04:47.466 [I] MainViewModel(OnCommand)[1] : 프로그램 종료(v 0.0.4347.1) =====================
22:04:50.491 [I] MainViewModel(ProgramStart)[1] : 프로그램 시작(v 0.0.4347.1) =====================
22:05:06.018 [E] MainViewModel(System_OnInterlockCheckEvent)[1] : 설정 저장 하시겠습니까?
22:05:07.088 [E] SystemManager(System_OnInterlockMsgEvent)[1] : User 데이터 저장 되었습니다.
22:05:09.805 [E] MainViewModel(System_OnInterlockCheckEvent)[1] : 데이터를 Refresh 하시겠습니까?
22:08:28.130 [I] MainViewModel(ProgramStart)[1] : 프로그램 시작(v 0.0.4347.1) =====================
22:08:45.027 [E] MainViewModel(System_OnInterlockCheckEvent)[1] : 설정 저장 하시겠습니까?
22:08:46.103 [E] SystemManager(System_OnInterlockMsgEvent)[1] : User 데이터 저장 되었습니다.
22:09:09.935 [E] MainViewModel(System_OnInterlockCheckEvent)[1] : 설정 저장 하시겠습니까?
22:09:13.521 [E] SystemManager(System_OnInterlockMsgEvent)[1] : User 데이터 저장 되었습니다.
22:10:31.955 [E] MainViewModel(System_OnInterlockCheckEvent)[1] : 설정 저장 하시겠습니까?
22:10:32.819 [E] SystemManager(System_OnInterlockMsgEvent)[1] : User 데이터 저장 되었습니다.
22:10:38.204 [E] MainViewModel(System_OnInterlockCheckEvent)[1] : 데이터를 Refresh 하시겠습니까?
22:10:43.387 [I] MainViewModel(OnCommand)[1] : 프로그램 종료(v 0.0.4347.1) =====================
22:10:48.127 [I] MainViewModel(ProgramStart)[1] : 프로그램 시작(v 0.0.4347.1) =====================
22:11:10.608 [I] MainViewModel(ProgramStart)[1] : 프로그램 시작(v 0.0.4347.1) =====================
22:11:38.582 [I] MainViewModel(ProgramStart)[1] : 프로그램 시작(v 0.0.4347.1) =====================
22:12:23.417 [E] MainViewModel(System_OnInterlockCheckEvent)[1] : 데이터를 Refresh 하시겠습니까?
22:12:29.294 [E] MainViewModel(System_OnInterlockCheckEvent)[1] : 설정 저장 하시겠습니까?
22:13:21.612 [E] SystemManager(System_OnInterlockMsgEvent)[1] : User 데이터 저장 되었습니다.
22:13:41.054 [I] MainViewModel(OnCommand)[1] : 프로그램 종료(v 0.0.4347.1) =====================
22:22:22.119 [I] MainViewModel(ProgramStart)[1] : 프로그램 시작(v 0.0.4347.1) =====================
22:22:32.223 [I] MainViewModel(ProgramStart)[1] : 프로그램 시작(v 0.0.4347.1) =====================
22:23:00.511 [I] MainViewModel(ProgramStart)[1] : 프로그램 시작(v 0.0.4347.1) =====================
22:23:10.180 [E] DB(DataCopy)[1] : 'System.Double' 형식의 개체를 'System.Int32' 형식으로 변환할 수 없습니다. => System.ArgumentException: 'System.Double' 형식의 개체를 'System.Int32' 형식으로 변환할 수 없습니다.
   위치: System.RuntimeType.TryChangeType(Object value, Binder binder, CultureInfo culture, Boolean needsSpecialCast)
   위치: System.Reflection.MethodBase.CheckArguments(Object[] parameters, Binder binder, BindingFlags invokeAttr, CultureInfo culture, Signature sig)
   위치: System.Reflection.RuntimeMethodInfo.InvokeArgumentsCheck(Object obj, BindingFlags invokeAttr, Binder binder, Object[] parameters, CultureInfo culture)
   위치: System.Reflection.RuntimeMethodInfo.Invoke(Object obj, BindingFlags invokeAttr, Binder binder, Object[] parameters, CultureInfo culture)
   위치: System.Reflection.RuntimePropertyInfo.SetValue(Object obj, Object value, Object[] index)
   위치: WILL.WT.PINFORCE.DB.DataCopy(Object a, Object b) 파일 C:\000.Source\WILL.WT.PINFORCE\WILL.WT.PINFORCE\AP.cs:줄 106
22:23:10.236 [E] DB(DataCopy)[1] : 'System.Double' 형식의 개체를 'System.Int32' 형식으로 변환할 수 없습니다. => System.ArgumentException: 'System.Double' 형식의 개체를 'System.Int32' 형식으로 변환할 수 없습니다.
   위치: System.RuntimeType.TryChangeType(Object value, Binder binder, CultureInfo culture, Boolean needsSpecialCast)
   위치: System.Reflection.MethodBase.CheckArguments(Object[] parameters, Binder binder, BindingFlags invokeAttr, CultureInfo culture, Signature sig)
   위치: System.Reflection.RuntimeMethodInfo.InvokeArgumentsCheck(Object obj, BindingFlags invokeAttr, Binder binder, Object[] parameters, CultureInfo culture)
   위치: System.Reflection.RuntimeMethodInfo.Invoke(Object obj, BindingFlags invokeAttr, Binder binder, Object[] parameters, CultureInfo culture)
   위치: System.Reflection.RuntimePropertyInfo.SetValue(Object obj, Object value, Object[] index)
   위치: WILL.WT.PINFORCE.DB.DataCopy(Object a, Object b) 파일 C:\000.Source\WILL.WT.PINFORCE\WILL.WT.PINFORCE\AP.cs:줄 106
22:23:18.577 [E] MainViewModel(System_OnInterlockCheckEvent)[1] : 설정 저장 하시겠습니까?
22:23:20.569 [E] DB(DataCopy)[1] : 'System.Double' 형식의 개체를 'System.Int32' 형식으로 변환할 수 없습니다. => System.ArgumentException: 'System.Double' 형식의 개체를 'System.Int32' 형식으로 변환할 수 없습니다.
   위치: System.RuntimeType.TryChangeType(Object value, Binder binder, CultureInfo culture, Boolean needsSpecialCast)
   위치: System.Reflection.MethodBase.CheckArguments(Object[] parameters, Binder binder, BindingFlags invokeAttr, CultureInfo culture, Signature sig)
   위치: System.Reflection.RuntimeMethodInfo.InvokeArgumentsCheck(Object obj, BindingFlags invokeAttr, Binder binder, Object[] parameters, CultureInfo culture)
   위치: System.Reflection.RuntimeMethodInfo.Invoke(Object obj, BindingFlags invokeAttr, Binder binder, Object[] parameters, CultureInfo culture)
   위치: System.Reflection.RuntimePropertyInfo.SetValue(Object obj, Object value, Object[] index)
   위치: WILL.WT.PINFORCE.DB.DataCopy(Object a, Object b) 파일 C:\000.Source\WILL.WT.PINFORCE\WILL.WT.PINFORCE\AP.cs:줄 106
22:23:20.606 [E] DB(DataCopy)[1] : 'System.Double' 형식의 개체를 'System.Int32' 형식으로 변환할 수 없습니다. => System.ArgumentException: 'System.Double' 형식의 개체를 'System.Int32' 형식으로 변환할 수 없습니다.
   위치: System.RuntimeType.TryChangeType(Object value, Binder binder, CultureInfo culture, Boolean needsSpecialCast)
   위치: System.Reflection.MethodBase.CheckArguments(Object[] parameters, Binder binder, BindingFlags invokeAttr, CultureInfo culture, Signature sig)
   위치: System.Reflection.RuntimeMethodInfo.InvokeArgumentsCheck(Object obj, BindingFlags invokeAttr, Binder binder, Object[] parameters, CultureInfo culture)
   위치: System.Reflection.RuntimeMethodInfo.Invoke(Object obj, BindingFlags invokeAttr, Binder binder, Object[] parameters, CultureInfo culture)
   위치: System.Reflection.RuntimePropertyInfo.SetValue(Object obj, Object value, Object[] index)
   위치: WILL.WT.PINFORCE.DB.DataCopy(Object a, Object b) 파일 C:\000.Source\WILL.WT.PINFORCE\WILL.WT.PINFORCE\AP.cs:줄 106
22:23:20.606 [E] SystemManager(System_OnInterlockMsgEvent)[1] : User 데이터 저장 되었습니다.
22:24:02.218 [E] MainViewModel(System_OnInterlockCheckEvent)[1] : 설정 저장 하시겠습니까?
22:24:03.647 [E] DB(DataCopy)[1] : 'System.Double' 형식의 개체를 'System.Int32' 형식으로 변환할 수 없습니다. => System.ArgumentException: 'System.Double' 형식의 개체를 'System.Int32' 형식으로 변환할 수 없습니다.
   위치: System.RuntimeType.TryChangeType(Object value, Binder binder, CultureInfo culture, Boolean needsSpecialCast)
   위치: System.Reflection.MethodBase.CheckArguments(Object[] parameters, Binder binder, BindingFlags invokeAttr, CultureInfo culture, Signature sig)
   위치: System.Reflection.RuntimeMethodInfo.InvokeArgumentsCheck(Object obj, BindingFlags invokeAttr, Binder binder, Object[] parameters, CultureInfo culture)
   위치: System.Reflection.RuntimeMethodInfo.Invoke(Object obj, BindingFlags invokeAttr, Binder binder, Object[] parameters, CultureInfo culture)
   위치: System.Reflection.RuntimePropertyInfo.SetValue(Object obj, Object value, Object[] index)
   위치: WILL.WT.PINFORCE.DB.DataCopy(Object a, Object b) 파일 C:\000.Source\WILL.WT.PINFORCE\WILL.WT.PINFORCE\AP.cs:줄 106
22:24:03.681 [E] DB(DataCopy)[1] : 'System.Double' 형식의 개체를 'System.Int32' 형식으로 변환할 수 없습니다. => System.ArgumentException: 'System.Double' 형식의 개체를 'System.Int32' 형식으로 변환할 수 없습니다.
   위치: System.RuntimeType.TryChangeType(Object value, Binder binder, CultureInfo culture, Boolean needsSpecialCast)
   위치: System.Reflection.MethodBase.CheckArguments(Object[] parameters, Binder binder, BindingFlags invokeAttr, CultureInfo culture, Signature sig)
   위치: System.Reflection.RuntimeMethodInfo.InvokeArgumentsCheck(Object obj, BindingFlags invokeAttr, Binder binder, Object[] parameters, CultureInfo culture)
   위치: System.Reflection.RuntimeMethodInfo.Invoke(Object obj, BindingFlags invokeAttr, Binder binder, Object[] parameters, CultureInfo culture)
   위치: System.Reflection.RuntimePropertyInfo.SetValue(Object obj, Object value, Object[] index)
   위치: WILL.WT.PINFORCE.DB.DataCopy(Object a, Object b) 파일 C:\000.Source\WILL.WT.PINFORCE\WILL.WT.PINFORCE\AP.cs:줄 106
22:24:03.681 [E] SystemManager(System_OnInterlockMsgEvent)[1] : User 데이터 저장 되었습니다.
22:24:09.180 [E] DB(DataCopy)[1] : 'System.Double' 형식의 개체를 'System.Int32' 형식으로 변환할 수 없습니다. => System.ArgumentException: 'System.Double' 형식의 개체를 'System.Int32' 형식으로 변환할 수 없습니다.
   위치: System.RuntimeType.TryChangeType(Object value, Binder binder, CultureInfo culture, Boolean needsSpecialCast)
   위치: System.Reflection.MethodBase.CheckArguments(Object[] parameters, Binder binder, BindingFlags invokeAttr, CultureInfo culture, Signature sig)
   위치: System.Reflection.RuntimeMethodInfo.InvokeArgumentsCheck(Object obj, BindingFlags invokeAttr, Binder binder, Object[] parameters, CultureInfo culture)
   위치: System.Reflection.RuntimeMethodInfo.Invoke(Object obj, BindingFlags invokeAttr, Binder binder, Object[] parameters, CultureInfo culture)
   위치: System.Reflection.RuntimePropertyInfo.SetValue(Object obj, Object value, Object[] index)
   위치: WILL.WT.PINFORCE.DB.DataCopy(Object a, Object b) 파일 C:\000.Source\WILL.WT.PINFORCE\WILL.WT.PINFORCE\AP.cs:줄 106
22:24:09.206 [E] DB(DataCopy)[1] : 'System.Double' 형식의 개체를 'System.Int32' 형식으로 변환할 수 없습니다. => System.ArgumentException: 'System.Double' 형식의 개체를 'System.Int32' 형식으로 변환할 수 없습니다.
   위치: System.RuntimeType.TryChangeType(Object value, Binder binder, CultureInfo culture, Boolean needsSpecialCast)
   위치: System.Reflection.MethodBase.CheckArguments(Object[] parameters, Binder binder, BindingFlags invokeAttr, CultureInfo culture, Signature sig)
   위치: System.Reflection.RuntimeMethodInfo.InvokeArgumentsCheck(Object obj, BindingFlags invokeAttr, Binder binder, Object[] parameters, CultureInfo culture)
   위치: System.Reflection.RuntimeMethodInfo.Invoke(Object obj, BindingFlags invokeAttr, Binder binder, Object[] parameters, CultureInfo culture)
   위치: System.Reflection.RuntimePropertyInfo.SetValue(Object obj, Object value, Object[] index)
   위치: WILL.WT.PINFORCE.DB.DataCopy(Object a, Object b) 파일 C:\000.Source\WILL.WT.PINFORCE\WILL.WT.PINFORCE\AP.cs:줄 106
22:24:09.207 [E] MainViewModel(System_OnInterlockCheckEvent)[1] : 데이터를 Refresh 하시겠습니까?
22:24:44.807 [I] MainViewModel(ProgramStart)[1] : 프로그램 시작(v 0.0.4347.1) =====================
22:24:51.537 [E] DB(DataCopy)[1] : 'System.Double' 형식의 개체를 'System.Int32' 형식으로 변환할 수 없습니다. => System.ArgumentException: 'System.Double' 형식의 개체를 'System.Int32' 형식으로 변환할 수 없습니다.
   위치: System.RuntimeType.TryChangeType(Object value, Binder binder, CultureInfo culture, Boolean needsSpecialCast)
   위치: System.Reflection.MethodBase.CheckArguments(Object[] parameters, Binder binder, BindingFlags invokeAttr, CultureInfo culture, Signature sig)
   위치: System.Reflection.RuntimeMethodInfo.InvokeArgumentsCheck(Object obj, BindingFlags invokeAttr, Binder binder, Object[] parameters, CultureInfo culture)
   위치: System.Reflection.RuntimeMethodInfo.Invoke(Object obj, BindingFlags invokeAttr, Binder binder, Object[] parameters, CultureInfo culture)
   위치: System.Reflection.RuntimePropertyInfo.SetValue(Object obj, Object value, Object[] index)
   위치: WILL.WT.PINFORCE.DB.DataCopy(Object a, Object b) 파일 C:\000.Source\WILL.WT.PINFORCE\WILL.WT.PINFORCE\AP.cs:줄 106
22:24:51.560 [E] DB(DataCopy)[1] : 'System.Double' 형식의 개체를 'System.Int32' 형식으로 변환할 수 없습니다. => System.ArgumentException: 'System.Double' 형식의 개체를 'System.Int32' 형식으로 변환할 수 없습니다.
   위치: System.RuntimeType.TryChangeType(Object value, Binder binder, CultureInfo culture, Boolean needsSpecialCast)
   위치: System.Reflection.MethodBase.CheckArguments(Object[] parameters, Binder binder, BindingFlags invokeAttr, CultureInfo culture, Signature sig)
   위치: System.Reflection.RuntimeMethodInfo.InvokeArgumentsCheck(Object obj, BindingFlags invokeAttr, Binder binder, Object[] parameters, CultureInfo culture)
   위치: System.Reflection.RuntimeMethodInfo.Invoke(Object obj, BindingFlags invokeAttr, Binder binder, Object[] parameters, CultureInfo culture)
   위치: System.Reflection.RuntimePropertyInfo.SetValue(Object obj, Object value, Object[] index)
   위치: WILL.WT.PINFORCE.DB.DataCopy(Object a, Object b) 파일 C:\000.Source\WILL.WT.PINFORCE\WILL.WT.PINFORCE\AP.cs:줄 106
22:24:54.197 [E] DB(DataCopy)[1] : 'System.Double' 형식의 개체를 'System.Int32' 형식으로 변환할 수 없습니다. => System.ArgumentException: 'System.Double' 형식의 개체를 'System.Int32' 형식으로 변환할 수 없습니다.
   위치: System.RuntimeType.TryChangeType(Object value, Binder binder, CultureInfo culture, Boolean needsSpecialCast)
   위치: System.Reflection.MethodBase.CheckArguments(Object[] parameters, Binder binder, BindingFlags invokeAttr, CultureInfo culture, Signature sig)
   위치: System.Reflection.RuntimeMethodInfo.InvokeArgumentsCheck(Object obj, BindingFlags invokeAttr, Binder binder, Object[] parameters, CultureInfo culture)
   위치: System.Reflection.RuntimeMethodInfo.Invoke(Object obj, BindingFlags invokeAttr, Binder binder, Object[] parameters, CultureInfo culture)
   위치: System.Reflection.RuntimePropertyInfo.SetValue(Object obj, Object value, Object[] index)
   위치: WILL.WT.PINFORCE.DB.DataCopy(Object a, Object b) 파일 C:\000.Source\WILL.WT.PINFORCE\WILL.WT.PINFORCE\AP.cs:줄 106
22:24:54.197 [E] DB(DataCopy)[1] : 'System.Double' 형식의 개체를 'System.Int32' 형식으로 변환할 수 없습니다. => System.ArgumentException: 'System.Double' 형식의 개체를 'System.Int32' 형식으로 변환할 수 없습니다.
   위치: System.RuntimeType.TryChangeType(Object value, Binder binder, CultureInfo culture, Boolean needsSpecialCast)
   위치: System.Reflection.MethodBase.CheckArguments(Object[] parameters, Binder binder, BindingFlags invokeAttr, CultureInfo culture, Signature sig)
   위치: System.Reflection.RuntimeMethodInfo.InvokeArgumentsCheck(Object obj, BindingFlags invokeAttr, Binder binder, Object[] parameters, CultureInfo culture)
   위치: System.Reflection.RuntimeMethodInfo.Invoke(Object obj, BindingFlags invokeAttr, Binder binder, Object[] parameters, CultureInfo culture)
   위치: System.Reflection.RuntimePropertyInfo.SetValue(Object obj, Object value, Object[] index)
   위치: WILL.WT.PINFORCE.DB.DataCopy(Object a, Object b) 파일 C:\000.Source\WILL.WT.PINFORCE\WILL.WT.PINFORCE\AP.cs:줄 106
22:24:54.198 [E] MainViewModel(System_OnInterlockCheckEvent)[1] : 데이터를 Refresh 하시겠습니까?
22:25:18.143 [E] MainViewModel(System_OnInterlockCheckEvent)[1] : 설정 저장 하시겠습니까?
22:25:19.277 [E] DB(DataCopy)[1] : 'System.Double' 형식의 개체를 'System.Int32' 형식으로 변환할 수 없습니다. => System.ArgumentException: 'System.Double' 형식의 개체를 'System.Int32' 형식으로 변환할 수 없습니다.
   위치: System.RuntimeType.TryChangeType(Object value, Binder binder, CultureInfo culture, Boolean needsSpecialCast)
   위치: System.Reflection.MethodBase.CheckArguments(Object[] parameters, Binder binder, BindingFlags invokeAttr, CultureInfo culture, Signature sig)
   위치: System.Reflection.RuntimeMethodInfo.InvokeArgumentsCheck(Object obj, BindingFlags invokeAttr, Binder binder, Object[] parameters, CultureInfo culture)
   위치: System.Reflection.RuntimeMethodInfo.Invoke(Object obj, BindingFlags invokeAttr, Binder binder, Object[] parameters, CultureInfo culture)
   위치: System.Reflection.RuntimePropertyInfo.SetValue(Object obj, Object value, Object[] index)
   위치: WILL.WT.PINFORCE.DB.DataCopy(Object a, Object b) 파일 C:\000.Source\WILL.WT.PINFORCE\WILL.WT.PINFORCE\AP.cs:줄 106
22:25:19.277 [E] DB(DataCopy)[1] : 'System.Double' 형식의 개체를 'System.Int32' 형식으로 변환할 수 없습니다. => System.ArgumentException: 'System.Double' 형식의 개체를 'System.Int32' 형식으로 변환할 수 없습니다.
   위치: System.RuntimeType.TryChangeType(Object value, Binder binder, CultureInfo culture, Boolean needsSpecialCast)
   위치: System.Reflection.MethodBase.CheckArguments(Object[] parameters, Binder binder, BindingFlags invokeAttr, CultureInfo culture, Signature sig)
   위치: System.Reflection.RuntimeMethodInfo.InvokeArgumentsCheck(Object obj, BindingFlags invokeAttr, Binder binder, Object[] parameters, CultureInfo culture)
   위치: System.Reflection.RuntimeMethodInfo.Invoke(Object obj, BindingFlags invokeAttr, Binder binder, Object[] parameters, CultureInfo culture)
   위치: System.Reflection.RuntimePropertyInfo.SetValue(Object obj, Object value, Object[] index)
   위치: WILL.WT.PINFORCE.DB.DataCopy(Object a, Object b) 파일 C:\000.Source\WILL.WT.PINFORCE\WILL.WT.PINFORCE\AP.cs:줄 106
22:25:19.278 [E] SystemManager(System_OnInterlockMsgEvent)[1] : User 데이터 저장 되었습니다.
22:25:38.998 [I] MainViewModel(OnCommand)[1] : 프로그램 종료(v 0.0.4347.1) =====================
22:32:43.155 [I] MainViewModel(ProgramStart)[1] : 프로그램 시작(v 0.0.4347.1) =====================
22:33:02.804 [E] SystemManager(System_OnInterlockMsgEvent)[1] : 프로세스 초기화 후 재시도 해주세요.
22:33:22.998 [E] SystemManager(System_OnInterlockMsgEvent)[1] : 프로세스 정지 후 재시도 해주세요.
22:33:31.148 [E] SystemManager(System_OnInterlockMsgEvent)[1] : 프로세스 정지 후 재시도 해주세요.
22:33:34.789 [I] MainViewModel(OnCommand)[1] : 프로그램 종료(v 0.0.4347.1) =====================
22:34:37.127 [I] MainViewModel(ProgramStart)[1] : 프로그램 시작(v 0.0.4347.1) =====================
22:34:46.228 [E] ProcStep`1(ExcuteProcess)[18] : 호출 대상이 예외를 Throw했습니다. => System.Reflection.TargetInvocationException: 호출 대상이 예외를 Throw했습니다. ---> System.NullReferenceException: 개체 참조가 개체의 인스턴스로 설정되지 않았습니다.
   위치: WILL.WT.PINFORCE.Process.Work.MotionProcess.START() 파일 C:\000.Source\WILL.WT.PINFORCE\WILL.WT.PINFORCE\Process\Work\MotionProcess.cs:줄 38
   --- 내부 예외 스택 추적의 끝 ---
   위치: System.RuntimeMethodHandle.InvokeMethod(Object target, Object[] arguments, Signature sig, Boolean constructor)
   위치: System.Reflection.RuntimeMethodInfo.UnsafeInvokeInternal(Object obj, Object[] parameters, Object[] arguments)
   위치: System.Reflection.RuntimeMethodInfo.Invoke(Object obj, BindingFlags invokeAttr, Binder binder, Object[] parameters, CultureInfo culture)
   위치: System.Reflection.MethodBase.Invoke(Object obj, Object[] parameters)
   위치: WILL.WT.PINFORCE.Process.ProcStep`1.ExcuteProcess(Object obj, Object[] arg) 파일 C:\000.Source\WILL.WT.PINFORCE\WILL.WT.PINFORCE\Process\ProcStep.cs:줄 66
개체 참조가 개체의 인스턴스로 설정되지 않았습니다. => System.NullReferenceException: 개체 참조가 개체의 인스턴스로 설정되지 않았습니다.
   위치: WILL.WT.PINFORCE.Process.Work.MotionProcess.START() 파일 C:\000.Source\WILL.WT.PINFORCE\WILL.WT.PINFORCE\Process\Work\MotionProcess.cs:줄 38
22:34:59.658 [E] ProcStep`1(ExcuteProcess)[18] : 호출 대상이 예외를 Throw했습니다. => System.Reflection.TargetInvocationException: 호출 대상이 예외를 Throw했습니다. ---> System.NullReferenceException: 개체 참조가 개체의 인스턴스로 설정되지 않았습니다.
   위치: WILL.WT.PINFORCE.Process.Work.MotionProcess.START() 파일 C:\000.Source\WILL.WT.PINFORCE\WILL.WT.PINFORCE\Process\Work\MotionProcess.cs:줄 38
   --- 내부 예외 스택 추적의 끝 ---
   위치: System.RuntimeMethodHandle.InvokeMethod(Object target, Object[] arguments, Signature sig, Boolean constructor)
   위치: System.Reflection.RuntimeMethodInfo.UnsafeInvokeInternal(Object obj, Object[] parameters, Object[] arguments)
   위치: System.Reflection.RuntimeMethodInfo.Invoke(Object obj, BindingFlags invokeAttr, Binder binder, Object[] parameters, CultureInfo culture)
   위치: System.Reflection.MethodBase.Invoke(Object obj, Object[] parameters)
   위치: WILL.WT.PINFORCE.Process.ProcStep`1.ExcuteProcess(Object obj, Object[] arg) 파일 C:\000.Source\WILL.WT.PINFORCE\WILL.WT.PINFORCE\Process\ProcStep.cs:줄 66
개체 참조가 개체의 인스턴스로 설정되지 않았습니다. => System.NullReferenceException: 개체 참조가 개체의 인스턴스로 설정되지 않았습니다.
   위치: WILL.WT.PINFORCE.Process.Work.MotionProcess.START() 파일 C:\000.Source\WILL.WT.PINFORCE\WILL.WT.PINFORCE\Process\Work\MotionProcess.cs:줄 38
22:35:05.584 [I] MainViewModel(OnCommand)[1] : 프로그램 종료(v 0.0.4347.1) =====================
22:35:09.554 [I] MainViewModel(ProgramStart)[1] : 프로그램 시작(v 0.0.4347.1) =====================
22:35:29.174 [E] ProcStep`1(ExcuteProcess)[21] : 호출 대상이 예외를 Throw했습니다. => System.Reflection.TargetInvocationException: 호출 대상이 예외를 Throw했습니다. ---> System.NullReferenceException: 개체 참조가 개체의 인스턴스로 설정되지 않았습니다.
   위치: WILL.WT.PINFORCE.Process.Work.MotionProcess.START() 파일 C:\000.Source\WILL.WT.PINFORCE\WILL.WT.PINFORCE\Process\Work\MotionProcess.cs:줄 38
   --- 내부 예외 스택 추적의 끝 ---
   위치: System.RuntimeMethodHandle.InvokeMethod(Object target, Object[] arguments, Signature sig, Boolean constructor)
   위치: System.Reflection.RuntimeMethodInfo.UnsafeInvokeInternal(Object obj, Object[] parameters, Object[] arguments)
   위치: System.Reflection.RuntimeMethodInfo.Invoke(Object obj, BindingFlags invokeAttr, Binder binder, Object[] parameters, CultureInfo culture)
   위치: System.Reflection.MethodBase.Invoke(Object obj, Object[] parameters)
   위치: WILL.WT.PINFORCE.Process.ProcStep`1.ExcuteProcess(Object obj, Object[] arg) 파일 C:\000.Source\WILL.WT.PINFORCE\WILL.WT.PINFORCE\Process\ProcStep.cs:줄 66
개체 참조가 개체의 인스턴스로 설정되지 않았습니다. => System.NullReferenceException: 개체 참조가 개체의 인스턴스로 설정되지 않았습니다.
   위치: WILL.WT.PINFORCE.Process.Work.MotionProcess.START() 파일 C:\000.Source\WILL.WT.PINFORCE\WILL.WT.PINFORCE\Process\Work\MotionProcess.cs:줄 38
22:35:43.063 [E] SystemManager(System_OnInterlockMsgEvent)[1] : 프로세스 정지 후 재시도 해주세요.
22:35:46.265 [E] SystemManager(System_OnInterlockMsgEvent)[1] : 프로세스 정지 후 재시도 해주세요.
22:35:58.831 [E] SystemManager(System_OnInterlockMsgEvent)[1] : 프로세스 정지 후 재시도 해주세요.
22:36:03.167 [E] SystemManager(System_OnInterlockMsgEvent)[1] : 프로세스 정지 후 재시도 해주세요.
22:36:06.246 [I] MainViewModel(OnCommand)[1] : 프로그램 종료(v 0.0.4347.1) =====================
22:36:10.478 [I] MainViewModel(ProgramStart)[1] : 프로그램 시작(v 0.0.4347.1) =====================
22:37:25.203 [E] ProcStep`1(ExcuteProcess)[22] : 호출 대상이 예외를 Throw했습니다. => System.Reflection.TargetInvocationException: 호출 대상이 예외를 Throw했습니다. ---> System.NullReferenceException: 개체 참조가 개체의 인스턴스로 설정되지 않았습니다.
   위치: WILL.WT.PINFORCE.Process.Work.MotionProcess.START()
   --- 내부 예외 스택 추적의 끝 ---
   위치: System.RuntimeMethodHandle.InvokeMethod(Object target, Object[] arguments, Signature sig, Boolean constructor)
   위치: System.Reflection.RuntimeMethodInfo.UnsafeInvokeInternal(Object obj, Object[] parameters, Object[] arguments)
   위치: System.Reflection.RuntimeMethodInfo.Invoke(Object obj, BindingFlags invokeAttr, Binder binder, Object[] parameters, CultureInfo culture)
   위치: System.Reflection.MethodBase.Invoke(Object obj, Object[] parameters)
   위치: WILL.WT.PINFORCE.Process.ProcStep`1.ExcuteProcess(Object obj, Object[] arg)
개체 참조가 개체의 인스턴스로 설정되지 않았습니다. => System.NullReferenceException: 개체 참조가 개체의 인스턴스로 설정되지 않았습니다.
   위치: WILL.WT.PINFORCE.Process.Work.MotionProcess.START()
22:37:27.219 [I] MainViewModel(OnCommand)[1] : 프로그램 종료(v 0.0.4347.1) =====================
22:37:27.991 [E] ProcStep`1(ExcuteProcess)[21] : 호출 대상이 예외를 Throw했습니다. => System.Reflection.TargetInvocationException: 호출 대상이 예외를 Throw했습니다. ---> System.NullReferenceException: 개체 참조가 개체의 인스턴스로 설정되지 않았습니다.
   위치: WILL.WT.PINFORCE.Managers.ChartDataList.AddValue(Int32 idx, Double weight1, Double weight2)
   위치: WILL.WT.PINFORCE.Process.Work.DemoProcess.GRAPH()
   --- 내부 예외 스택 추적의 끝 ---
   위치: System.RuntimeMethodHandle.InvokeMethod(Object target, Object[] arguments, Signature sig, Boolean constructor)
   위치: System.Reflection.RuntimeMethodInfo.UnsafeInvokeInternal(Object obj, Object[] parameters, Object[] arguments)
   위치: System.Reflection.RuntimeMethodInfo.Invoke(Object obj, BindingFlags invokeAttr, Binder binder, Object[] parameters, CultureInfo culture)
   위치: System.Reflection.MethodBase.Invoke(Object obj, Object[] parameters)
   위치: WILL.WT.PINFORCE.Process.ProcStep`1.ExcuteProcess(Object obj, Object[] arg)
개체 참조가 개체의 인스턴스로 설정되지 않았습니다. => System.NullReferenceException: 개체 참조가 개체의 인스턴스로 설정되지 않았습니다.
   위치: WILL.WT.PINFORCE.Managers.ChartDataList.AddValue(Int32 idx, Double weight1, Double weight2)
   위치: WILL.WT.PINFORCE.Process.Work.DemoProcess.GRAPH()
22:37:33.875 [I] MainViewModel(ProgramStart)[1] : 프로그램 시작(v 0.0.4347.1) =====================
22:38:37.556 [E] SystemManager(System_OnInterlockMsgEvent)[1] : 프로세스 정지 후 재시도 해주세요.
22:38:40.484 [I] MainViewModel(OnCommand)[1] : 프로그램 종료(v 0.0.4347.1) =====================
22:38:48.516 [E] ProcStep`1(ExcuteProcess)[23] : 호출 대상이 예외를 Throw했습니다. => System.Reflection.TargetInvocationException: 호출 대상이 예외를 Throw했습니다. ---> System.NullReferenceException: 개체 참조가 개체의 인스턴스로 설정되지 않았습니다.
   위치: WILL.WT.PINFORCE.Managers.ChartDataList.AddValue(Int32 idx, Double weight1, Double weight2) 파일 C:\000.Source\WILL.WT.PINFORCE\WILL.WT.PINFORCE\Managers\ChartManager.cs:줄 48
   위치: WILL.WT.PINFORCE.Process.Work.DemoProcess.GRAPH() 파일 C:\000.Source\WILL.WT.PINFORCE\WILL.WT.PINFORCE\Process\Work\DemoProcess.cs:줄 73
   --- 내부 예외 스택 추적의 끝 ---
   위치: System.RuntimeMethodHandle.InvokeMethod(Object target, Object[] arguments, Signature sig, Boolean constructor)
   위치: System.Reflection.RuntimeMethodInfo.UnsafeInvokeInternal(Object obj, Object[] parameters, Object[] arguments)
   위치: System.Reflection.RuntimeMethodInfo.Invoke(Object obj, BindingFlags invokeAttr, Binder binder, Object[] parameters, CultureInfo culture)
   위치: System.Reflection.MethodBase.Invoke(Object obj, Object[] parameters)
   위치: WILL.WT.PINFORCE.Process.ProcStep`1.ExcuteProcess(Object obj, Object[] arg) 파일 C:\000.Source\WILL.WT.PINFORCE\WILL.WT.PINFORCE\Process\ProcStep.cs:줄 66
개체 참조가 개체의 인스턴스로 설정되지 않았습니다. => System.NullReferenceException: 개체 참조가 개체의 인스턴스로 설정되지 않았습니다.
   위치: WILL.WT.PINFORCE.Managers.ChartDataList.AddValue(Int32 idx, Double weight1, Double weight2) 파일 C:\000.Source\WILL.WT.PINFORCE\WILL.WT.PINFORCE\Managers\ChartManager.cs:줄 48
   위치: WILL.WT.PINFORCE.Process.Work.DemoProcess.GRAPH() 파일 C:\000.Source\WILL.WT.PINFORCE\WILL.WT.PINFORCE\Process\Work\DemoProcess.cs:줄 73
22:38:55.671 [I] MainViewModel(ProgramStart)[1] : 프로그램 시작(v 0.0.4347.1) =====================
22:39:03.735 [I] MainViewModel(OnCommand)[1] : 프로그램 종료(v 0.0.4347.1) =====================
22:39:54.540 [I] MainViewModel(ProgramStart)[1] : 프로그램 시작(v 0.0.4347.1) =====================
22:40:08.879 [I] MainViewModel(OnCommand)[1] : 프로그램 종료(v 0.0.4347.1) =====================
22:41:20.340 [I] MainViewModel(ProgramStart)[1] : 프로그램 시작(v 0.0.4347.1) =====================
22:41:51.861 [E] SystemManager(System_OnInterlockMsgEvent)[1] : 프로세스 정지 후 재시도 해주세요.
22:42:19.867 [I] MainViewModel(OnCommand)[1] : 프로그램 종료(v 0.0.4347.1) =====================
22:42:22.142 [I] MainViewModel(ProgramStart)[1] : 프로그램 시작(v 0.0.4347.1) =====================
22:42:30.623 [E] DB(DataCopy)[1] : 'System.Double' 형식의 개체를 'System.Int32' 형식으로 변환할 수 없습니다. => System.ArgumentException: 'System.Double' 형식의 개체를 'System.Int32' 형식으로 변환할 수 없습니다.
   위치: System.RuntimeType.TryChangeType(Object value, Binder binder, CultureInfo culture, Boolean needsSpecialCast)
   위치: System.Reflection.MethodBase.CheckArguments(Object[] parameters, Binder binder, BindingFlags invokeAttr, CultureInfo culture, Signature sig)
   위치: System.Reflection.RuntimeMethodInfo.InvokeArgumentsCheck(Object obj, BindingFlags invokeAttr, Binder binder, Object[] parameters, CultureInfo culture)
   위치: System.Reflection.RuntimeMethodInfo.Invoke(Object obj, BindingFlags invokeAttr, Binder binder, Object[] parameters, CultureInfo culture)
   위치: System.Reflection.RuntimePropertyInfo.SetValue(Object obj, Object value, Object[] index)
   위치: WILL.WT.PINFORCE.DB.DataCopy(Object a, Object b) 파일 C:\000.Source\WILL.WT.PINFORCE\WILL.WT.PINFORCE\AP.cs:줄 106
22:42:30.648 [E] DB(DataCopy)[1] : 'System.Double' 형식의 개체를 'System.Int32' 형식으로 변환할 수 없습니다. => System.ArgumentException: 'System.Double' 형식의 개체를 'System.Int32' 형식으로 변환할 수 없습니다.
   위치: System.RuntimeType.TryChangeType(Object value, Binder binder, CultureInfo culture, Boolean needsSpecialCast)
   위치: System.Reflection.MethodBase.CheckArguments(Object[] parameters, Binder binder, BindingFlags invokeAttr, CultureInfo culture, Signature sig)
   위치: System.Reflection.RuntimeMethodInfo.InvokeArgumentsCheck(Object obj, BindingFlags invokeAttr, Binder binder, Object[] parameters, CultureInfo culture)
   위치: System.Reflection.RuntimeMethodInfo.Invoke(Object obj, BindingFlags invokeAttr, Binder binder, Object[] parameters, CultureInfo culture)
   위치: System.Reflection.RuntimePropertyInfo.SetValue(Object obj, Object value, Object[] index)
   위치: WILL.WT.PINFORCE.DB.DataCopy(Object a, Object b) 파일 C:\000.Source\WILL.WT.PINFORCE\WILL.WT.PINFORCE\AP.cs:줄 106
22:42:31.881 [E] DB(DataCopy)[1] : 'System.Double' 형식의 개체를 'System.Int32' 형식으로 변환할 수 없습니다. => System.ArgumentException: 'System.Double' 형식의 개체를 'System.Int32' 형식으로 변환할 수 없습니다.
   위치: System.RuntimeType.TryChangeType(Object value, Binder binder, CultureInfo culture, Boolean needsSpecialCast)
   위치: System.Reflection.MethodBase.CheckArguments(Object[] parameters, Binder binder, BindingFlags invokeAttr, CultureInfo culture, Signature sig)
   위치: System.Reflection.RuntimeMethodInfo.InvokeArgumentsCheck(Object obj, BindingFlags invokeAttr, Binder binder, Object[] parameters, CultureInfo culture)
   위치: System.Reflection.RuntimeMethodInfo.Invoke(Object obj, BindingFlags invokeAttr, Binder binder, Object[] parameters, CultureInfo culture)
   위치: System.Reflection.RuntimePropertyInfo.SetValue(Object obj, Object value, Object[] index)
   위치: WILL.WT.PINFORCE.DB.DataCopy(Object a, Object b) 파일 C:\000.Source\WILL.WT.PINFORCE\WILL.WT.PINFORCE\AP.cs:줄 106
22:42:31.882 [E] DB(DataCopy)[1] : 'System.Double' 형식의 개체를 'System.Int32' 형식으로 변환할 수 없습니다. => System.ArgumentException: 'System.Double' 형식의 개체를 'System.Int32' 형식으로 변환할 수 없습니다.
   위치: System.RuntimeType.TryChangeType(Object value, Binder binder, CultureInfo culture, Boolean needsSpecialCast)
   위치: System.Reflection.MethodBase.CheckArguments(Object[] parameters, Binder binder, BindingFlags invokeAttr, CultureInfo culture, Signature sig)
   위치: System.Reflection.RuntimeMethodInfo.InvokeArgumentsCheck(Object obj, BindingFlags invokeAttr, Binder binder, Object[] parameters, CultureInfo culture)
   위치: System.Reflection.RuntimeMethodInfo.Invoke(Object obj, BindingFlags invokeAttr, Binder binder, Object[] parameters, CultureInfo culture)
   위치: System.Reflection.RuntimePropertyInfo.SetValue(Object obj, Object value, Object[] index)
   위치: WILL.WT.PINFORCE.DB.DataCopy(Object a, Object b) 파일 C:\000.Source\WILL.WT.PINFORCE\WILL.WT.PINFORCE\AP.cs:줄 106
22:43:23.619 [E] DB(DataCopy)[1] : 'System.Double' 형식의 개체를 'System.Int32' 형식으로 변환할 수 없습니다. => System.ArgumentException: 'System.Double' 형식의 개체를 'System.Int32' 형식으로 변환할 수 없습니다.
   위치: System.RuntimeType.TryChangeType(Object value, Binder binder, CultureInfo culture, Boolean needsSpecialCast)
   위치: System.Reflection.MethodBase.CheckArguments(Object[] parameters, Binder binder, BindingFlags invokeAttr, CultureInfo culture, Signature sig)
   위치: System.Reflection.RuntimeMethodInfo.InvokeArgumentsCheck(Object obj, BindingFlags invokeAttr, Binder binder, Object[] parameters, CultureInfo culture)
   위치: System.Reflection.RuntimeMethodInfo.Invoke(Object obj, BindingFlags invokeAttr, Binder binder, Object[] parameters, CultureInfo culture)
   위치: System.Reflection.RuntimePropertyInfo.SetValue(Object obj, Object value, Object[] index)
   위치: WILL.WT.PINFORCE.DB.DataCopy(Object a, Object b) 파일 C:\000.Source\WILL.WT.PINFORCE\WILL.WT.PINFORCE\AP.cs:줄 106
22:43:23.620 [E] DB(DataCopy)[1] : 'System.Double' 형식의 개체를 'System.Int32' 형식으로 변환할 수 없습니다. => System.ArgumentException: 'System.Double' 형식의 개체를 'System.Int32' 형식으로 변환할 수 없습니다.
   위치: System.RuntimeType.TryChangeType(Object value, Binder binder, CultureInfo culture, Boolean needsSpecialCast)
   위치: System.Reflection.MethodBase.CheckArguments(Object[] parameters, Binder binder, BindingFlags invokeAttr, CultureInfo culture, Signature sig)
   위치: System.Reflection.RuntimeMethodInfo.InvokeArgumentsCheck(Object obj, BindingFlags invokeAttr, Binder binder, Object[] parameters, CultureInfo culture)
   위치: System.Reflection.RuntimeMethodInfo.Invoke(Object obj, BindingFlags invokeAttr, Binder binder, Object[] parameters, CultureInfo culture)
   위치: System.Reflection.RuntimePropertyInfo.SetValue(Object obj, Object value, Object[] index)
   위치: WILL.WT.PINFORCE.DB.DataCopy(Object a, Object b) 파일 C:\000.Source\WILL.WT.PINFORCE\WILL.WT.PINFORCE\AP.cs:줄 106
22:43:23.622 [E] MainViewModel(System_OnInterlockCheckEvent)[1] : 데이터를 Refresh 하시겠습니까?
22:43:26.392 [E] DB(DataCopy)[1] : 'System.Double' 형식의 개체를 'System.Int32' 형식으로 변환할 수 없습니다. => System.ArgumentException: 'System.Double' 형식의 개체를 'System.Int32' 형식으로 변환할 수 없습니다.
   위치: System.RuntimeType.TryChangeType(Object value, Binder binder, CultureInfo culture, Boolean needsSpecialCast)
   위치: System.Reflection.MethodBase.CheckArguments(Object[] parameters, Binder binder, BindingFlags invokeAttr, CultureInfo culture, Signature sig)
   위치: System.Reflection.RuntimeMethodInfo.InvokeArgumentsCheck(Object obj, BindingFlags invokeAttr, Binder binder, Object[] parameters, CultureInfo culture)
   위치: System.Reflection.RuntimeMethodInfo.Invoke(Object obj, BindingFlags invokeAttr, Binder binder, Object[] parameters, CultureInfo culture)
   위치: System.Reflection.RuntimePropertyInfo.SetValue(Object obj, Object value, Object[] index)
   위치: WILL.WT.PINFORCE.DB.DataCopy(Object a, Object b) 파일 C:\000.Source\WILL.WT.PINFORCE\WILL.WT.PINFORCE\AP.cs:줄 106
22:43:26.393 [E] DB(DataCopy)[1] : 'System.Double' 형식의 개체를 'System.Int32' 형식으로 변환할 수 없습니다. => System.ArgumentException: 'System.Double' 형식의 개체를 'System.Int32' 형식으로 변환할 수 없습니다.
   위치: System.RuntimeType.TryChangeType(Object value, Binder binder, CultureInfo culture, Boolean needsSpecialCast)
   위치: System.Reflection.MethodBase.CheckArguments(Object[] parameters, Binder binder, BindingFlags invokeAttr, CultureInfo culture, Signature sig)
   위치: System.Reflection.RuntimeMethodInfo.InvokeArgumentsCheck(Object obj, BindingFlags invokeAttr, Binder binder, Object[] parameters, CultureInfo culture)
   위치: System.Reflection.RuntimeMethodInfo.Invoke(Object obj, BindingFlags invokeAttr, Binder binder, Object[] parameters, CultureInfo culture)
   위치: System.Reflection.RuntimePropertyInfo.SetValue(Object obj, Object value, Object[] index)
   위치: WILL.WT.PINFORCE.DB.DataCopy(Object a, Object b) 파일 C:\000.Source\WILL.WT.PINFORCE\WILL.WT.PINFORCE\AP.cs:줄 106
22:43:27.355 [E] DB(DataCopy)[1] : 'System.Double' 형식의 개체를 'System.Int32' 형식으로 변환할 수 없습니다. => System.ArgumentException: 'System.Double' 형식의 개체를 'System.Int32' 형식으로 변환할 수 없습니다.
   위치: System.RuntimeType.TryChangeType(Object value, Binder binder, CultureInfo culture, Boolean needsSpecialCast)
   위치: System.Reflection.MethodBase.CheckArguments(Object[] parameters, Binder binder, BindingFlags invokeAttr, CultureInfo culture, Signature sig)
   위치: System.Reflection.RuntimeMethodInfo.InvokeArgumentsCheck(Object obj, BindingFlags invokeAttr, Binder binder, Object[] parameters, CultureInfo culture)
   위치: System.Reflection.RuntimeMethodInfo.Invoke(Object obj, BindingFlags invokeAttr, Binder binder, Object[] parameters, CultureInfo culture)
   위치: System.Reflection.RuntimePropertyInfo.SetValue(Object obj, Object value, Object[] index)
   위치: WILL.WT.PINFORCE.DB.DataCopy(Object a, Object b) 파일 C:\000.Source\WILL.WT.PINFORCE\WILL.WT.PINFORCE\AP.cs:줄 106
22:43:27.355 [E] DB(DataCopy)[1] : 'System.Double' 형식의 개체를 'System.Int32' 형식으로 변환할 수 없습니다. => System.ArgumentException: 'System.Double' 형식의 개체를 'System.Int32' 형식으로 변환할 수 없습니다.
   위치: System.RuntimeType.TryChangeType(Object value, Binder binder, CultureInfo culture, Boolean needsSpecialCast)
   위치: System.Reflection.MethodBase.CheckArguments(Object[] parameters, Binder binder, BindingFlags invokeAttr, CultureInfo culture, Signature sig)
   위치: System.Reflection.RuntimeMethodInfo.InvokeArgumentsCheck(Object obj, BindingFlags invokeAttr, Binder binder, Object[] parameters, CultureInfo culture)
   위치: System.Reflection.RuntimeMethodInfo.Invoke(Object obj, BindingFlags invokeAttr, Binder binder, Object[] parameters, CultureInfo culture)
   위치: System.Reflection.RuntimePropertyInfo.SetValue(Object obj, Object value, Object[] index)
   위치: WILL.WT.PINFORCE.DB.DataCopy(Object a, Object b) 파일 C:\000.Source\WILL.WT.PINFORCE\WILL.WT.PINFORCE\AP.cs:줄 106
22:43:28.960 [E] DB(DataCopy)[1] : 'System.Double' 형식의 개체를 'System.Int32' 형식으로 변환할 수 없습니다. => System.ArgumentException: 'System.Double' 형식의 개체를 'System.Int32' 형식으로 변환할 수 없습니다.
   위치: System.RuntimeType.TryChangeType(Object value, Binder binder, CultureInfo culture, Boolean needsSpecialCast)
   위치: System.Reflection.MethodBase.CheckArguments(Object[] parameters, Binder binder, BindingFlags invokeAttr, CultureInfo culture, Signature sig)
   위치: System.Reflection.RuntimeMethodInfo.InvokeArgumentsCheck(Object obj, BindingFlags invokeAttr, Binder binder, Object[] parameters, CultureInfo culture)
   위치: System.Reflection.RuntimeMethodInfo.Invoke(Object obj, BindingFlags invokeAttr, Binder binder, Object[] parameters, CultureInfo culture)
   위치: System.Reflection.RuntimePropertyInfo.SetValue(Object obj, Object value, Object[] index)
   위치: WILL.WT.PINFORCE.DB.DataCopy(Object a, Object b) 파일 C:\000.Source\WILL.WT.PINFORCE\WILL.WT.PINFORCE\AP.cs:줄 106
22:43:28.960 [E] DB(DataCopy)[1] : 'System.Double' 형식의 개체를 'System.Int32' 형식으로 변환할 수 없습니다. => System.ArgumentException: 'System.Double' 형식의 개체를 'System.Int32' 형식으로 변환할 수 없습니다.
   위치: System.RuntimeType.TryChangeType(Object value, Binder binder, CultureInfo culture, Boolean needsSpecialCast)
   위치: System.Reflection.MethodBase.CheckArguments(Object[] parameters, Binder binder, BindingFlags invokeAttr, CultureInfo culture, Signature sig)
   위치: System.Reflection.RuntimeMethodInfo.InvokeArgumentsCheck(Object obj, BindingFlags invokeAttr, Binder binder, Object[] parameters, CultureInfo culture)
   위치: System.Reflection.RuntimeMethodInfo.Invoke(Object obj, BindingFlags invokeAttr, Binder binder, Object[] parameters, CultureInfo culture)
   위치: System.Reflection.RuntimePropertyInfo.SetValue(Object obj, Object value, Object[] index)
   위치: WILL.WT.PINFORCE.DB.DataCopy(Object a, Object b) 파일 C:\000.Source\WILL.WT.PINFORCE\WILL.WT.PINFORCE\AP.cs:줄 106
22:43:36.874 [E] MainViewModel(System_OnInterlockCheckEvent)[1] : 설정 저장 하시겠습니까?
22:43:38.147 [E] DB(DataCopy)[1] : 'System.Double' 형식의 개체를 'System.Int32' 형식으로 변환할 수 없습니다. => System.ArgumentException: 'System.Double' 형식의 개체를 'System.Int32' 형식으로 변환할 수 없습니다.
   위치: System.RuntimeType.TryChangeType(Object value, Binder binder, CultureInfo culture, Boolean needsSpecialCast)
   위치: System.Reflection.MethodBase.CheckArguments(Object[] parameters, Binder binder, BindingFlags invokeAttr, CultureInfo culture, Signature sig)
   위치: System.Reflection.RuntimeMethodInfo.InvokeArgumentsCheck(Object obj, BindingFlags invokeAttr, Binder binder, Object[] parameters, CultureInfo culture)
   위치: System.Reflection.RuntimeMethodInfo.Invoke(Object obj, BindingFlags invokeAttr, Binder binder, Object[] parameters, CultureInfo culture)
   위치: System.Reflection.RuntimePropertyInfo.SetValue(Object obj, Object value, Object[] index)
   위치: WILL.WT.PINFORCE.DB.DataCopy(Object a, Object b) 파일 C:\000.Source\WILL.WT.PINFORCE\WILL.WT.PINFORCE\AP.cs:줄 106
22:43:38.148 [E] DB(DataCopy)[1] : 'System.Double' 형식의 개체를 'System.Int32' 형식으로 변환할 수 없습니다. => System.ArgumentException: 'System.Double' 형식의 개체를 'System.Int32' 형식으로 변환할 수 없습니다.
   위치: System.RuntimeType.TryChangeType(Object value, Binder binder, CultureInfo culture, Boolean needsSpecialCast)
   위치: System.Reflection.MethodBase.CheckArguments(Object[] parameters, Binder binder, BindingFlags invokeAttr, CultureInfo culture, Signature sig)
   위치: System.Reflection.RuntimeMethodInfo.InvokeArgumentsCheck(Object obj, BindingFlags invokeAttr, Binder binder, Object[] parameters, CultureInfo culture)
   위치: System.Reflection.RuntimeMethodInfo.Invoke(Object obj, BindingFlags invokeAttr, Binder binder, Object[] parameters, CultureInfo culture)
   위치: System.Reflection.RuntimePropertyInfo.SetValue(Object obj, Object value, Object[] index)
   위치: WILL.WT.PINFORCE.DB.DataCopy(Object a, Object b) 파일 C:\000.Source\WILL.WT.PINFORCE\WILL.WT.PINFORCE\AP.cs:줄 106
22:43:38.148 [E] SystemManager(System_OnInterlockMsgEvent)[1] : User 데이터 저장 되었습니다.
22:43:40.219 [E] DB(DataCopy)[1] : 'System.Double' 형식의 개체를 'System.Int32' 형식으로 변환할 수 없습니다. => System.ArgumentException: 'System.Double' 형식의 개체를 'System.Int32' 형식으로 변환할 수 없습니다.
   위치: System.RuntimeType.TryChangeType(Object value, Binder binder, CultureInfo culture, Boolean needsSpecialCast)
   위치: System.Reflection.MethodBase.CheckArguments(Object[] parameters, Binder binder, BindingFlags invokeAttr, CultureInfo culture, Signature sig)
   위치: System.Reflection.RuntimeMethodInfo.InvokeArgumentsCheck(Object obj, BindingFlags invokeAttr, Binder binder, Object[] parameters, CultureInfo culture)
   위치: System.Reflection.RuntimeMethodInfo.Invoke(Object obj, BindingFlags invokeAttr, Binder binder, Object[] parameters, CultureInfo culture)
   위치: System.Reflection.RuntimePropertyInfo.SetValue(Object obj, Object value, Object[] index)
   위치: WILL.WT.PINFORCE.DB.DataCopy(Object a, Object b) 파일 C:\000.Source\WILL.WT.PINFORCE\WILL.WT.PINFORCE\AP.cs:줄 106
22:43:40.220 [E] DB(DataCopy)[1] : 'System.Double' 형식의 개체를 'System.Int32' 형식으로 변환할 수 없습니다. => System.ArgumentException: 'System.Double' 형식의 개체를 'System.Int32' 형식으로 변환할 수 없습니다.
   위치: System.RuntimeType.TryChangeType(Object value, Binder binder, CultureInfo culture, Boolean needsSpecialCast)
   위치: System.Reflection.MethodBase.CheckArguments(Object[] parameters, Binder binder, BindingFlags invokeAttr, CultureInfo culture, Signature sig)
   위치: System.Reflection.RuntimeMethodInfo.InvokeArgumentsCheck(Object obj, BindingFlags invokeAttr, Binder binder, Object[] parameters, CultureInfo culture)
   위치: System.Reflection.RuntimeMethodInfo.Invoke(Object obj, BindingFlags invokeAttr, Binder binder, Object[] parameters, CultureInfo culture)
   위치: System.Reflection.RuntimePropertyInfo.SetValue(Object obj, Object value, Object[] index)
   위치: WILL.WT.PINFORCE.DB.DataCopy(Object a, Object b) 파일 C:\000.Source\WILL.WT.PINFORCE\WILL.WT.PINFORCE\AP.cs:줄 106
22:43:42.496 [I] MainViewModel(OnCommand)[1] : 프로그램 종료(v 0.0.4347.1) =====================
22:43:45.272 [I] MainViewModel(ProgramStart)[1] : 프로그램 시작(v 0.0.4347.1) =====================
22:43:51.107 [E] DB(DataCopy)[1] : 'System.Double' 형식의 개체를 'System.Int32' 형식으로 변환할 수 없습니다. => System.ArgumentException: 'System.Double' 형식의 개체를 'System.Int32' 형식으로 변환할 수 없습니다.
   위치: System.RuntimeType.TryChangeType(Object value, Binder binder, CultureInfo culture, Boolean needsSpecialCast)
   위치: System.Reflection.MethodBase.CheckArguments(Object[] parameters, Binder binder, BindingFlags invokeAttr, CultureInfo culture, Signature sig)
   위치: System.Reflection.RuntimeMethodInfo.InvokeArgumentsCheck(Object obj, BindingFlags invokeAttr, Binder binder, Object[] parameters, CultureInfo culture)
   위치: System.Reflection.RuntimeMethodInfo.Invoke(Object obj, BindingFlags invokeAttr, Binder binder, Object[] parameters, CultureInfo culture)
   위치: System.Reflection.RuntimePropertyInfo.SetValue(Object obj, Object value, Object[] index)
   위치: WILL.WT.PINFORCE.DB.DataCopy(Object a, Object b) 파일 C:\000.Source\WILL.WT.PINFORCE\WILL.WT.PINFORCE\AP.cs:줄 106
22:43:51.123 [E] DB(DataCopy)[1] : 'System.Double' 형식의 개체를 'System.Int32' 형식으로 변환할 수 없습니다. => System.ArgumentException: 'System.Double' 형식의 개체를 'System.Int32' 형식으로 변환할 수 없습니다.
   위치: System.RuntimeType.TryChangeType(Object value, Binder binder, CultureInfo culture, Boolean needsSpecialCast)
   위치: System.Reflection.MethodBase.CheckArguments(Object[] parameters, Binder binder, BindingFlags invokeAttr, CultureInfo culture, Signature sig)
   위치: System.Reflection.RuntimeMethodInfo.InvokeArgumentsCheck(Object obj, BindingFlags invokeAttr, Binder binder, Object[] parameters, CultureInfo culture)
   위치: System.Reflection.RuntimeMethodInfo.Invoke(Object obj, BindingFlags invokeAttr, Binder binder, Object[] parameters, CultureInfo culture)
   위치: System.Reflection.RuntimePropertyInfo.SetValue(Object obj, Object value, Object[] index)
   위치: WILL.WT.PINFORCE.DB.DataCopy(Object a, Object b) 파일 C:\000.Source\WILL.WT.PINFORCE\WILL.WT.PINFORCE\AP.cs:줄 106
22:43:54.502 [I] MainViewModel(OnCommand)[1] : 프로그램 종료(v 0.0.4347.1) =====================
22:44:43.125 [I] MainViewModel(ProgramStart)[1] : 프로그램 시작(v 0.0.4347.1) =====================
22:44:49.814 [E] DB(DataCopy)[1] : 'System.Double' 형식의 개체를 'System.Int32' 형식으로 변환할 수 없습니다. => System.ArgumentException: 'System.Double' 형식의 개체를 'System.Int32' 형식으로 변환할 수 없습니다.
   위치: System.RuntimeType.TryChangeType(Object value, Binder binder, CultureInfo culture, Boolean needsSpecialCast)
   위치: System.Reflection.MethodBase.CheckArguments(Object[] parameters, Binder binder, BindingFlags invokeAttr, CultureInfo culture, Signature sig)
   위치: System.Reflection.RuntimeMethodInfo.InvokeArgumentsCheck(Object obj, BindingFlags invokeAttr, Binder binder, Object[] parameters, CultureInfo culture)
   위치: System.Reflection.RuntimeMethodInfo.Invoke(Object obj, BindingFlags invokeAttr, Binder binder, Object[] parameters, CultureInfo culture)
   위치: System.Reflection.RuntimePropertyInfo.SetValue(Object obj, Object value, Object[] index)
   위치: WILL.WT.PINFORCE.DB.DataCopy(Object a, Object b) 파일 C:\000.Source\WILL.WT.PINFORCE\WILL.WT.PINFORCE\AP.cs:줄 106
22:44:49.827 [E] DB(DataCopy)[1] : 'System.Double' 형식의 개체를 'System.Int32' 형식으로 변환할 수 없습니다. => System.ArgumentException: 'System.Double' 형식의 개체를 'System.Int32' 형식으로 변환할 수 없습니다.
   위치: System.RuntimeType.TryChangeType(Object value, Binder binder, CultureInfo culture, Boolean needsSpecialCast)
   위치: System.Reflection.MethodBase.CheckArguments(Object[] parameters, Binder binder, BindingFlags invokeAttr, CultureInfo culture, Signature sig)
   위치: System.Reflection.RuntimeMethodInfo.InvokeArgumentsCheck(Object obj, BindingFlags invokeAttr, Binder binder, Object[] parameters, CultureInfo culture)
   위치: System.Reflection.RuntimeMethodInfo.Invoke(Object obj, BindingFlags invokeAttr, Binder binder, Object[] parameters, CultureInfo culture)
   위치: System.Reflection.RuntimePropertyInfo.SetValue(Object obj, Object value, Object[] index)
   위치: WILL.WT.PINFORCE.DB.DataCopy(Object a, Object b) 파일 C:\000.Source\WILL.WT.PINFORCE\WILL.WT.PINFORCE\AP.cs:줄 106
22:45:01.943 [E] MainViewModel(System_OnInterlockCheckEvent)[1] : 설정 저장 하시겠습니까?
22:45:02.802 [E] DB(DataCopy)[1] : 'System.Double' 형식의 개체를 'System.Int32' 형식으로 변환할 수 없습니다. => System.ArgumentException: 'System.Double' 형식의 개체를 'System.Int32' 형식으로 변환할 수 없습니다.
   위치: System.RuntimeType.TryChangeType(Object value, Binder binder, CultureInfo culture, Boolean needsSpecialCast)
   위치: System.Reflection.MethodBase.CheckArguments(Object[] parameters, Binder binder, BindingFlags invokeAttr, CultureInfo culture, Signature sig)
   위치: System.Reflection.RuntimeMethodInfo.InvokeArgumentsCheck(Object obj, BindingFlags invokeAttr, Binder binder, Object[] parameters, CultureInfo culture)
   위치: System.Reflection.RuntimeMethodInfo.Invoke(Object obj, BindingFlags invokeAttr, Binder binder, Object[] parameters, CultureInfo culture)
   위치: System.Reflection.RuntimePropertyInfo.SetValue(Object obj, Object value, Object[] index)
   위치: WILL.WT.PINFORCE.DB.DataCopy(Object a, Object b) 파일 C:\000.Source\WILL.WT.PINFORCE\WILL.WT.PINFORCE\AP.cs:줄 106
22:45:02.803 [E] DB(DataCopy)[1] : 'System.Double' 형식의 개체를 'System.Int32' 형식으로 변환할 수 없습니다. => System.ArgumentException: 'System.Double' 형식의 개체를 'System.Int32' 형식으로 변환할 수 없습니다.
   위치: System.RuntimeType.TryChangeType(Object value, Binder binder, CultureInfo culture, Boolean needsSpecialCast)
   위치: System.Reflection.MethodBase.CheckArguments(Object[] parameters, Binder binder, BindingFlags invokeAttr, CultureInfo culture, Signature sig)
   위치: System.Reflection.RuntimeMethodInfo.InvokeArgumentsCheck(Object obj, BindingFlags invokeAttr, Binder binder, Object[] parameters, CultureInfo culture)
   위치: System.Reflection.RuntimeMethodInfo.Invoke(Object obj, BindingFlags invokeAttr, Binder binder, Object[] parameters, CultureInfo culture)
   위치: System.Reflection.RuntimePropertyInfo.SetValue(Object obj, Object value, Object[] index)
   위치: WILL.WT.PINFORCE.DB.DataCopy(Object a, Object b) 파일 C:\000.Source\WILL.WT.PINFORCE\WILL.WT.PINFORCE\AP.cs:줄 106
22:45:02.803 [E] SystemManager(System_OnInterlockMsgEvent)[1] : User 데이터 저장 되었습니다.
22:45:13.251 [E] MainViewModel(System_OnInterlockCheckEvent)[1] : 설정 저장 하시겠습니까?
22:45:14.657 [E] DB(DataCopy)[1] : 'System.Double' 형식의 개체를 'System.Int32' 형식으로 변환할 수 없습니다. => System.ArgumentException: 'System.Double' 형식의 개체를 'System.Int32' 형식으로 변환할 수 없습니다.
   위치: System.RuntimeType.TryChangeType(Object value, Binder binder, CultureInfo culture, Boolean needsSpecialCast)
   위치: System.Reflection.MethodBase.CheckArguments(Object[] parameters, Binder binder, BindingFlags invokeAttr, CultureInfo culture, Signature sig)
   위치: System.Reflection.RuntimeMethodInfo.InvokeArgumentsCheck(Object obj, BindingFlags invokeAttr, Binder binder, Object[] parameters, CultureInfo culture)
   위치: System.Reflection.RuntimeMethodInfo.Invoke(Object obj, BindingFlags invokeAttr, Binder binder, Object[] parameters, CultureInfo culture)
   위치: System.Reflection.RuntimePropertyInfo.SetValue(Object obj, Object value, Object[] index)
   위치: WILL.WT.PINFORCE.DB.DataCopy(Object a, Object b) 파일 C:\000.Source\WILL.WT.PINFORCE\WILL.WT.PINFORCE\AP.cs:줄 106
22:45:14.657 [E] DB(DataCopy)[1] : 'System.Double' 형식의 개체를 'System.Int32' 형식으로 변환할 수 없습니다. => System.ArgumentException: 'System.Double' 형식의 개체를 'System.Int32' 형식으로 변환할 수 없습니다.
   위치: System.RuntimeType.TryChangeType(Object value, Binder binder, CultureInfo culture, Boolean needsSpecialCast)
   위치: System.Reflection.MethodBase.CheckArguments(Object[] parameters, Binder binder, BindingFlags invokeAttr, CultureInfo culture, Signature sig)
   위치: System.Reflection.RuntimeMethodInfo.InvokeArgumentsCheck(Object obj, BindingFlags invokeAttr, Binder binder, Object[] parameters, CultureInfo culture)
   위치: System.Reflection.RuntimeMethodInfo.Invoke(Object obj, BindingFlags invokeAttr, Binder binder, Object[] parameters, CultureInfo culture)
   위치: System.Reflection.RuntimePropertyInfo.SetValue(Object obj, Object value, Object[] index)
   위치: WILL.WT.PINFORCE.DB.DataCopy(Object a, Object b) 파일 C:\000.Source\WILL.WT.PINFORCE\WILL.WT.PINFORCE\AP.cs:줄 106
22:45:14.658 [E] SystemManager(System_OnInterlockMsgEvent)[1] : User 데이터 저장 되었습니다.
22:45:17.085 [I] MainViewModel(OnCommand)[1] : 프로그램 종료(v 0.0.4347.1) =====================
22:45:19.814 [I] MainViewModel(ProgramStart)[1] : 프로그램 시작(v 0.0.4347.1) =====================
22:45:29.878 [E] DB(DataCopy)[1] : 'System.Double' 형식의 개체를 'System.Int32' 형식으로 변환할 수 없습니다. => System.ArgumentException: 'System.Double' 형식의 개체를 'System.Int32' 형식으로 변환할 수 없습니다.
   위치: System.RuntimeType.TryChangeType(Object value, Binder binder, CultureInfo culture, Boolean needsSpecialCast)
   위치: System.Reflection.MethodBase.CheckArguments(Object[] parameters, Binder binder, BindingFlags invokeAttr, CultureInfo culture, Signature sig)
   위치: System.Reflection.RuntimeMethodInfo.InvokeArgumentsCheck(Object obj, BindingFlags invokeAttr, Binder binder, Object[] parameters, CultureInfo culture)
   위치: System.Reflection.RuntimeMethodInfo.Invoke(Object obj, BindingFlags invokeAttr, Binder binder, Object[] parameters, CultureInfo culture)
   위치: System.Reflection.RuntimePropertyInfo.SetValue(Object obj, Object value, Object[] index)
   위치: WILL.WT.PINFORCE.DB.DataCopy(Object a, Object b) 파일 C:\000.Source\WILL.WT.PINFORCE\WILL.WT.PINFORCE\AP.cs:줄 106
22:45:29.897 [E] DB(DataCopy)[1] : 'System.Double' 형식의 개체를 'System.Int32' 형식으로 변환할 수 없습니다. => System.ArgumentException: 'System.Double' 형식의 개체를 'System.Int32' 형식으로 변환할 수 없습니다.
   위치: System.RuntimeType.TryChangeType(Object value, Binder binder, CultureInfo culture, Boolean needsSpecialCast)
   위치: System.Reflection.MethodBase.CheckArguments(Object[] parameters, Binder binder, BindingFlags invokeAttr, CultureInfo culture, Signature sig)
   위치: System.Reflection.RuntimeMethodInfo.InvokeArgumentsCheck(Object obj, BindingFlags invokeAttr, Binder binder, Object[] parameters, CultureInfo culture)
   위치: System.Reflection.RuntimeMethodInfo.Invoke(Object obj, BindingFlags invokeAttr, Binder binder, Object[] parameters, CultureInfo culture)
   위치: System.Reflection.RuntimePropertyInfo.SetValue(Object obj, Object value, Object[] index)
   위치: WILL.WT.PINFORCE.DB.DataCopy(Object a, Object b) 파일 C:\000.Source\WILL.WT.PINFORCE\WILL.WT.PINFORCE\AP.cs:줄 106
22:45:49.529 [I] MainViewModel(OnCommand)[1] : 프로그램 종료(v 0.0.4347.1) =====================
22:48:43.814 [I] MainViewModel(ProgramStart)[1] : 프로그램 시작(v 0.0.4347.1) =====================
22:48:55.686 [E] SystemManager(System_OnInterlockMsgEvent)[1] : 프로세스 초기화 후 재시도 해주세요.
22:49:46.772 [E] SystemManager(System_OnInterlockMsgEvent)[1] : 프로세스 정지 후 재시도 해주세요.
22:49:55.317 [E] SystemManager(System_OnInterlockMsgEvent)[1] : 프로세스 정지 후 재시도 해주세요.
22:50:02.012 [I] MainViewModel(OnCommand)[1] : 프로그램 종료(v 0.0.4347.1) =====================
22:50:08.293 [I] MainViewModel(ProgramStart)[1] : 프로그램 시작(v 0.0.4347.1) =====================
22:51:03.069 [I] MainViewModel(OnCommand)[1] : 프로그램 종료(v 0.0.4347.1) =====================
22:51:10.152 [I] MainViewModel(ProgramStart)[1] : 프로그램 시작(v 0.0.4347.1) =====================
22:51:43.615 [I] MainViewModel(OnCommand)[1] : 프로그램 종료(v 0.0.4347.1) =====================
22:51:47.414 [E] ProcStep`1(ExcuteProcess)[23] : 호출 대상이 예외를 Throw했습니다. => System.Reflection.TargetInvocationException: 호출 대상이 예외를 Throw했습니다. ---> System.NullReferenceException: 개체 참조가 개체의 인스턴스로 설정되지 않았습니다.
   위치: WILL.WT.PINFORCE.Managers.ChartDataList.AddValue(Int32 idx, Double weight1, Double weight2) 파일 C:\000.Source\WILL.WT.PINFORCE\WILL.WT.PINFORCE\Managers\ChartManager.cs:줄 48
   위치: WILL.WT.PINFORCE.Process.Work.DemoProcess.GRAPH() 파일 C:\000.Source\WILL.WT.PINFORCE\WILL.WT.PINFORCE\Process\Work\DemoProcess.cs:줄 83
   --- 내부 예외 스택 추적의 끝 ---
   위치: System.RuntimeMethodHandle.InvokeMethod(Object target, Object[] arguments, Signature sig, Boolean constructor)
   위치: System.Reflection.RuntimeMethodInfo.UnsafeInvokeInternal(Object obj, Object[] parameters, Object[] arguments)
   위치: System.Reflection.RuntimeMethodInfo.Invoke(Object obj, BindingFlags invokeAttr, Binder binder, Object[] parameters, CultureInfo culture)
   위치: System.Reflection.MethodBase.Invoke(Object obj, Object[] parameters)
   위치: WILL.WT.PINFORCE.Process.ProcStep`1.ExcuteProcess(Object obj, Object[] arg) 파일 C:\000.Source\WILL.WT.PINFORCE\WILL.WT.PINFORCE\Process\ProcStep.cs:줄 66
개체 참조가 개체의 인스턴스로 설정되지 않았습니다. => System.NullReferenceException: 개체 참조가 개체의 인스턴스로 설정되지 않았습니다.
   위치: WILL.WT.PINFORCE.Managers.ChartDataList.AddValue(Int32 idx, Double weight1, Double weight2) 파일 C:\000.Source\WILL.WT.PINFORCE\WILL.WT.PINFORCE\Managers\ChartManager.cs:줄 48
   위치: WILL.WT.PINFORCE.Process.Work.DemoProcess.GRAPH() 파일 C:\000.Source\WILL.WT.PINFORCE\WILL.WT.PINFORCE\Process\Work\DemoProcess.cs:줄 83
22:51:54.500 [I] MainViewModel(ProgramStart)[1] : 프로그램 시작(v 0.0.4347.1) =====================
22:52:06.435 [I] MainViewModel(OnCommand)[1] : 프로그램 종료(v 0.0.4347.1) =====================
